Using pre-set license
Built from '2021.3/staging' branch; Version is '2021.3.5f1 (40eb3a945986) revision 4254522'; Using compiler version '192829333'; Build Type 'Release'
OS: 'Windows 10  (10.0.19045) 64bit Professional' Language: 'en' Physical Memory: 32693 MB
BatchMode: 1, IsHumanControllingUs: 0, StartBugReporterOnCrash: 0, Is64bit: 1, IsPro: 1

COMMAND LINE ARGUMENTS:
D:\unity\2021.3.5f1\Editor\Unity.exe
-adb2
-batchMode
-noUpm
-name
AssetImportWorker2
-projectPath
C:/Users/ttvni/Documents/GitHub/Assignment_3/Assignment3
-logFile
Logs/AssetImportWorker2.log
-srvPort
57236
Successfully changed project path to: C:/Users/ttvni/Documents/GitHub/Assignment_3/Assignment3
C:/Users/ttvni/Documents/GitHub/Assignment_3/Assignment3
[UnityMemory] Configuration Parameters - Can be set up in boot.config
    "memorysetup-bucket-allocator-granularity=16"
    "memorysetup-bucket-allocator-bucket-count=8"
    "memorysetup-bucket-allocator-block-size=33554432"
    "memorysetup-bucket-allocator-block-count=8"
    "memorysetup-main-allocator-block-size=16777216"
    "memorysetup-thread-allocator-block-size=16777216"
    "memorysetup-gfx-main-allocator-block-size=16777216"
    "memorysetup-gfx-thread-allocator-block-size=16777216"
    "memorysetup-cache-allocator-block-size=4194304"
    "memorysetup-typetree-allocator-block-size=2097152"
    "memorysetup-profiler-bucket-allocator-granularity=16"
    "memorysetup-profiler-bucket-allocator-bucket-count=8"
    "memorysetup-profiler-bucket-allocator-block-size=33554432"
    "memorysetup-profiler-bucket-allocator-block-count=8"
    "memorysetup-profiler-allocator-block-size=16777216"
    "memorysetup-profiler-editor-allocator-block-size=1048576"
    "memorysetup-temp-allocator-size-main=16777216"
    "memorysetup-job-temp-allocator-block-size=2097152"
    "memorysetup-job-temp-allocator-block-size-background=1048576"
    "memorysetup-job-temp-allocator-reduction-small-platforms=262144"
    "memorysetup-temp-allocator-size-background-worker=32768"
    "memorysetup-temp-allocator-size-job-worker=262144"
    "memorysetup-temp-allocator-size-preload-manager=33554432"
    "memorysetup-temp-allocator-size-nav-mesh-worker=65536"
    "memorysetup-temp-allocator-size-audio-worker=65536"
    "memorysetup-temp-allocator-size-cloud-worker=32768"
    "memorysetup-temp-allocator-size-gi-baking-worker=262144"
    "memorysetup-temp-allocator-size-gfx=262144"
Refreshing native plugins compatible for Editor in 117.80 ms, found 3 plugins.
Preloading 0 native plugins for Editor in 0.00 ms.
Initialize engine version: 2021.3.5f1 (40eb3a945986)
[Subsystems] Discovering subsystems at path D:/unity/2021.3.5f1/Editor/Data/Resources/UnitySubsystems
[Subsystems] Discovering subsystems at path C:/Users/ttvni/Documents/GitHub/Assignment_3/Assignment3/Assets
GfxDevice: creating device client; threaded=0; jobified=0
Direct3D:
    Version:  Direct3D 11.0 [level 11.1]
    Renderer: NVIDIA GeForce RTX 2070 SUPER (ID=0x1e84)
    Vendor:   NVIDIA
    VRAM:     7989 MB
    Driver:   32.0.15.7283
Initialize mono
Mono path[0] = 'D:/unity/2021.3.5f1/Editor/Data/Managed'
Mono path[1] = 'D:/unity/2021.3.5f1/Editor/Data/MonoBleedingEdge/lib/mono/unityjit-win32'
Mono config path = 'D:/unity/2021.3.5f1/Editor/Data/MonoBleedingEdge/etc'
Using monoOptions --debugger-agent=transport=dt_socket,embedding=1,server=y,suspend=n,address=127.0.0.1:56844
Begin MonoManager ReloadAssembly
Registering precompiled unity dll's ...
Register platform support module: D:/unity/2021.3.5f1/Editor/Data/PlaybackEngines/WindowsStandaloneSupport/UnityEditor.WindowsStandalone.Extensions.dll
Registered in 0.003508 seconds.
Native extension for WindowsStandalone target not found
Refreshing native plugins compatible for Editor in 123.36 ms, found 3 plugins.
Preloading 0 native plugins for Editor in 0.00 ms.
Mono: successfully reloaded assembly
- Completed reload, in  0.666 seconds
Domain Reload Profiling:
	ReloadAssembly (666ms)
		BeginReloadAssembly (83ms)
			ExecutionOrderSort (0ms)
			DisableScriptedObjects (0ms)
			BackupInstance (0ms)
			ReleaseScriptingObjects (0ms)
			CreateAndSetChildDomain (1ms)
		EndReloadAssembly (475ms)
			LoadAssemblies (82ms)
			RebuildTransferFunctionScriptingTraits (0ms)
			SetupTypeCache (104ms)
			ReleaseScriptCaches (0ms)
			RebuildScriptCaches (25ms)
			SetupLoadedEditorAssemblies (296ms)
				LogAssemblyErrors (0ms)
				InitializePlatformSupportModulesInManaged (7ms)
				SetLoadedEditorAssemblies (0ms)
				RefreshPlugins (123ms)
				BeforeProcessingInitializeOnLoad (1ms)
				ProcessInitializeOnLoadAttributes (122ms)
				ProcessInitializeOnLoadMethodAttributes (42ms)
				AfterProcessingInitializeOnLoad (0ms)
				EditorAssembliesLoaded (0ms)
			ExecutionOrderSort2 (0ms)
			AwakeInstancesAfterBackupRestoration (0ms)
Platform modules already initialized, skipping
Registering precompiled user dll's ...
Registered in 0.010796 seconds.
Begin MonoManager ReloadAssembly
Symbol file LoadedFromMemory doesn't match image C:\Users\ttvni\Documents\GitHub\Assignment_3\Assignment3\Library\PackageCache\com.unity.visualscripting@1.7.8\Editor\VisualScripting.Core\Dependencies\YamlDotNet\Unity.VisualScripting.YamlDotNet.dll
Symbol file LoadedFromMemory doesn't match image C:\Users\ttvni\Documents\GitHub\Assignment_3\Assignment3\Library\PackageCache\com.unity.visualscripting@1.7.8\Editor\VisualScripting.Core\Dependencies\DotNetZip\Unity.VisualScripting.IonicZip.dll
Native extension for WindowsStandalone target not found
Refreshing native plugins compatible for Editor in 100.62 ms, found 3 plugins.
Preloading 0 native plugins for Editor in 0.00 ms.
Mono: successfully reloaded assembly
- Completed reload, in  1.117 seconds
Domain Reload Profiling:
	ReloadAssembly (1118ms)
		BeginReloadAssembly (106ms)
			ExecutionOrderSort (0ms)
			DisableScriptedObjects (5ms)
			BackupInstance (0ms)
			ReleaseScriptingObjects (0ms)
			CreateAndSetChildDomain (16ms)
		EndReloadAssembly (909ms)
			LoadAssemblies (88ms)
			RebuildTransferFunctionScriptingTraits (0ms)
			SetupTypeCache (227ms)
			ReleaseScriptCaches (1ms)
			RebuildScriptCaches (51ms)
			SetupLoadedEditorAssemblies (520ms)
				LogAssemblyErrors (0ms)
				InitializePlatformSupportModulesInManaged (3ms)
				SetLoadedEditorAssemblies (0ms)
				RefreshPlugins (101ms)
				BeforeProcessingInitializeOnLoad (95ms)
				ProcessInitializeOnLoadAttributes (240ms)
				ProcessInitializeOnLoadMethodAttributes (78ms)
				AfterProcessingInitializeOnLoad (3ms)
				EditorAssembliesLoaded (0ms)
			ExecutionOrderSort2 (0ms)
			AwakeInstancesAfterBackupRestoration (5ms)
Platform modules already initialized, skipping
========================================================================
Worker process is ready to serve import requests
Launched and connected shader compiler UnityShaderCompiler.exe after 0.04 seconds
Refreshing native plugins compatible for Editor in 1.07 ms, found 3 plugins.
Preloading 0 native plugins for Editor in 0.00 ms.
Unloading 5186 Unused Serialized files (Serialized files now loaded: 0)
Unloading 47 unused Assets / (0.8 MB). Loaded Objects now: 5639.
Memory consumption went from 202.5 MB to 201.8 MB.
Total: 3.876100 ms (FindLiveObjects: 0.492600 ms CreateObjectMapping: 0.123200 ms MarkObjects: 2.944600 ms  DeleteObjects: 0.314300 ms)

AssetImportParameters requested are different than current active one (requested -> active):
  custom:video-decoder-ogg-theora: a1e56fd34408186e4bbccfd4996cb3dc -> 
  custom:container-muxer-webm: aa71ff27fc2769a1b78a27578f13a17b -> 
  custom:container-demuxer-webm: 4f35f7cbe854078d1ac9338744f61a02 -> 
  custom:video-encoder-webm-vp8: eb34c28f22e8b96e1ab97ce403110664 -> 
  custom:audio-encoder-webm-vorbis: bf7c407c2cedff20999df2af8eb42d56 -> 
  custom:framework-win-MediaFoundation: 216162199b28c13a410421893ffa2e32 -> 
  custom:container-demuxer-ogg: 62fdf1f143b41e24485cea50d1cbac27 -> 
  custom:video-decoder-webm-vp8: 9c59270c3fd7afecdb556c50c9e8de78 -> 
  custom:audio-decoder-ogg-vorbis: bf7c407c2cedff20999df2af8eb42d56 -> 
========================================================================
Received Import Request.
  Time since last request: 40787.560123 seconds.
  path: Assets/Audio/Sounds/Foley/LOCKED.WAV
  artifactKey: Guid(8b59eac9d0e10da49905a13ea5351493) Importer(815301076,1909f56bfc062723c751e8b465ee728b)
Start importing Assets/Audio/Sounds/Foley/LOCKED.WAV using Guid(8b59eac9d0e10da49905a13ea5351493) Importer(815301076,1909f56bfc062723c751e8b465ee728b)  -> (artifact id: '7663ea605e5b3bf77b06df66ea2ff26c') in 0.116566 seconds 
========================================================================
Received Import Request.
  Time since last request: 0.000026 seconds.
  path: Assets/Audio/Sounds/Foley/sawed.WAV
  artifactKey: Guid(7092b0e567a8b9a4f9b3c567b5f1edcd) Importer(815301076,1909f56bfc062723c751e8b465ee728b)
Start importing Assets/Audio/Sounds/Foley/sawed.WAV using Guid(7092b0e567a8b9a4f9b3c567b5f1edcd) Importer(815301076,1909f56bfc062723c751e8b465ee728b)  -> (artifact id: 'c0c9bdd6c8bc223eb5261ecd95241237') in 0.024696 seconds 
========================================================================
Received Import Request.
  Time since last request: 0.000029 seconds.
  path: Assets/Audio/Sounds/Foley/SHRIEK.WAV
  artifactKey: Guid(503ab6a1a6a1e4c4d8eed30f5a4b0b64) Importer(815301076,1909f56bfc062723c751e8b465ee728b)
Start importing Assets/Audio/Sounds/Foley/SHRIEK.WAV using Guid(503ab6a1a6a1e4c4d8eed30f5a4b0b64) Importer(815301076,1909f56bfc062723c751e8b465ee728b)  -> (artifact id: '4f38b04ec2266d288c38143655ee8312') in 0.024471 seconds 
========================================================================
Received Import Request.
  Time since last request: 0.000017 seconds.
  path: Assets/Audio/Sounds/Foley/RIFLOUT.WAV
  artifactKey: Guid(2483891c546687c49ba70c626d3b2a62) Importer(815301076,1909f56bfc062723c751e8b465ee728b)
Start importing Assets/Audio/Sounds/Foley/RIFLOUT.WAV using Guid(2483891c546687c49ba70c626d3b2a62) Importer(815301076,1909f56bfc062723c751e8b465ee728b)  -> (artifact id: '1dea6632c1137d9fa774196537084ff5') in 0.024335 seconds 
========================================================================
Received Import Request.
  Time since last request: 0.000029 seconds.
  path: Assets/Audio/Sounds/Foley/poohit.wav
  artifactKey: Guid(eba105dff9986604ba532a18eab4730a) Importer(815301076,1909f56bfc062723c751e8b465ee728b)
Start importing Assets/Audio/Sounds/Foley/poohit.wav using Guid(eba105dff9986604ba532a18eab4730a) Importer(815301076,1909f56bfc062723c751e8b465ee728b)  -> (artifact id: 'c91def32e49127cb10b17a22d91fc952') in 0.026180 seconds 
========================================================================
Received Import Request.
  Time since last request: 0.000017 seconds.
  path: Assets/Audio/Sounds/Foley/SWIM_IN.WAV
  artifactKey: Guid(aabe901443a604b4796059f224f4e32e) Importer(815301076,1909f56bfc062723c751e8b465ee728b)
Start importing Assets/Audio/Sounds/Foley/SWIM_IN.WAV using Guid(aabe901443a604b4796059f224f4e32e) Importer(815301076,1909f56bfc062723c751e8b465ee728b)  -> (artifact id: 'e79a19d656d197450d3d70a300960e1d') in 0.022107 seconds 
========================================================================
Received Import Request.
  Time since last request: 0.000018 seconds.
  path: Assets/Audio/Sounds/Foley/stepmetl.WAV
  artifactKey: Guid(9862565260cff574d912add48b197301) Importer(815301076,1909f56bfc062723c751e8b465ee728b)
Start importing Assets/Audio/Sounds/Foley/stepmetl.WAV using Guid(9862565260cff574d912add48b197301) Importer(815301076,1909f56bfc062723c751e8b465ee728b)  -> (artifact id: '586431eaa709e755ee8016b8ad46fd5c') in 0.024677 seconds 
========================================================================
Received Import Request.
  Time since last request: 0.000017 seconds.
  path: Assets/Audio/Sounds/Foley/SNAP2.WAV
  artifactKey: Guid(0244a3278f5ab8b4a8d2570c9e5ab56a) Importer(815301076,1909f56bfc062723c751e8b465ee728b)
Start importing Assets/Audio/Sounds/Foley/SNAP2.WAV using Guid(0244a3278f5ab8b4a8d2570c9e5ab56a) Importer(815301076,1909f56bfc062723c751e8b465ee728b)  -> (artifact id: '0455880af52235b8dac05b2ba19e021c') in 0.024447 seconds 
========================================================================
Received Import Request.
  Time since last request: 0.000029 seconds.
  path: Assets/Audio/Sounds/Foley/splintr3.wav
  artifactKey: Guid(837d28e1e7348da499988a1c097f78ef) Importer(815301076,1909f56bfc062723c751e8b465ee728b)
Start importing Assets/Audio/Sounds/Foley/splintr3.wav using Guid(837d28e1e7348da499988a1c097f78ef) Importer(815301076,1909f56bfc062723c751e8b465ee728b)  -> (artifact id: '1dc44a12c2f855eaeede5336a55523ae') in 0.024049 seconds 
========================================================================
Received Import Request.
  Time since last request: 0.000020 seconds.
  path: Assets/Audio/Sounds/Foley/PRELOAD.WAV
  artifactKey: Guid(970cfd340a8459c45bb5f923bd053d43) Importer(815301076,1909f56bfc062723c751e8b465ee728b)
Start importing Assets/Audio/Sounds/Foley/PRELOAD.WAV using Guid(970cfd340a8459c45bb5f923bd053d43) Importer(815301076,1909f56bfc062723c751e8b465ee728b)  -> (artifact id: 'b85eb767619e407aea4a5a50b84a4f26') in 0.022666 seconds 
========================================================================
Received Import Request.
  Time since last request: 0.000028 seconds.
  path: Assets/Audio/Sounds/Foley/SZDIE.WAV
  artifactKey: Guid(0285539df00d18a4a99fc4c5acd7d7f9) Importer(815301076,1909f56bfc062723c751e8b465ee728b)
Start importing Assets/Audio/Sounds/Foley/SZDIE.WAV using Guid(0285539df00d18a4a99fc4c5acd7d7f9) Importer(815301076,1909f56bfc062723c751e8b465ee728b)  -> (artifact id: '89867c2d29ae30db3112208a56adde18') in 0.024645 seconds 
========================================================================
Received Import Request.
  Time since last request: 0.000017 seconds.
  path: Assets/Audio/Sounds/Foley/RKGEAR.WAV
  artifactKey: Guid(8cf28957fdc284d488d1b2a8053535af) Importer(815301076,1909f56bfc062723c751e8b465ee728b)
Start importing Assets/Audio/Sounds/Foley/RKGEAR.WAV using Guid(8cf28957fdc284d488d1b2a8053535af) Importer(815301076,1909f56bfc062723c751e8b465ee728b)  -> (artifact id: 'aed914aa76b38212c7911acea06aa4ab') in 0.026863 seconds 
========================================================================
Received Import Request.
  Time since last request: 0.000031 seconds.
  path: Assets/Audio/Sounds/Foley/splintr2.wav
  artifactKey: Guid(2755429cfee2e984dacbc679d0017ba0) Importer(815301076,1909f56bfc062723c751e8b465ee728b)
Start importing Assets/Audio/Sounds/Foley/splintr2.wav using Guid(2755429cfee2e984dacbc679d0017ba0) Importer(815301076,1909f56bfc062723c751e8b465ee728b)  -> (artifact id: 'ab8ed8ee6085491f2cd93a78397f7004') in 0.023068 seconds 
========================================================================
Received Import Request.
  Time since last request: 0.000018 seconds.
  path: Assets/Audio/Sounds/Foley/SWIM_OUT.WAV
  artifactKey: Guid(2a2ccaa3493c6ab459934d5c8c20127e) Importer(815301076,1909f56bfc062723c751e8b465ee728b)
Start importing Assets/Audio/Sounds/Foley/SWIM_OUT.WAV using Guid(2a2ccaa3493c6ab459934d5c8c20127e) Importer(815301076,1909f56bfc062723c751e8b465ee728b)  -> (artifact id: '0692dab32678eee58bbb8d113e0ed9cd') in 0.029459 seconds 
========================================================================
Received Import Request.
  Time since last request: 0.000018 seconds.
  path: Assets/Audio/Sounds/Foley/steprock.wav
  artifactKey: Guid(16d58fa424ce8954d89cd38c2ca35d34) Importer(815301076,1909f56bfc062723c751e8b465ee728b)
Start importing Assets/Audio/Sounds/Foley/steprock.wav using Guid(16d58fa424ce8954d89cd38c2ca35d34) Importer(815301076,1909f56bfc062723c751e8b465ee728b)  -> (artifact id: '3687ac06b4f39e68d75580113c6ef272') in 0.026244 seconds 
========================================================================
Received Import Request.
  Time since last request: 0.000022 seconds.
  path: Assets/Audio/Sounds/Foley/shriek1.WAV
  artifactKey: Guid(a867031a6df9fce46be782a7f876abd9) Importer(815301076,1909f56bfc062723c751e8b465ee728b)
Start importing Assets/Audio/Sounds/Foley/shriek1.WAV using Guid(a867031a6df9fce46be782a7f876abd9) Importer(815301076,1909f56bfc062723c751e8b465ee728b)  -> (artifact id: 'ac4116549456052606653b1a62ce2e7c') in 0.022531 seconds 
========================================================================
Received Import Request.
  Time since last request: 0.000019 seconds.
  path: Assets/Audio/Sounds/Foley/snake.WAV
  artifactKey: Guid(b1dcbd19536f5b04a849896cc2e59d2e) Importer(815301076,1909f56bfc062723c751e8b465ee728b)
Start importing Assets/Audio/Sounds/Foley/snake.WAV using Guid(b1dcbd19536f5b04a849896cc2e59d2e) Importer(815301076,1909f56bfc062723c751e8b465ee728b)  -> (artifact id: 'db3d43b35f01b69366c848313d4cf047') in 0.025327 seconds 
========================================================================
Received Import Request.
  Time since last request: 0.000014 seconds.
  path: Assets/Audio/Sounds/Foley/RIFLEOUT.WAV
  artifactKey: Guid(4f6b1f6680419044384cf795dc158660) Importer(815301076,1909f56bfc062723c751e8b465ee728b)
Start importing Assets/Audio/Sounds/Foley/RIFLEOUT.WAV using Guid(4f6b1f6680419044384cf795dc158660) Importer(815301076,1909f56bfc062723c751e8b465ee728b)  -> (artifact id: '0ba2cd68542a20be5a6ac7d50d9c57d6') in 0.026106 seconds 
========================================================================
Received Import Request.
  Time since last request: 0.000027 seconds.
  path: Assets/Audio/Sounds/Foley/Pistol2.WAV
  artifactKey: Guid(84dc3f662983afa4db1120ea8cfb271c) Importer(815301076,1909f56bfc062723c751e8b465ee728b)
Start importing Assets/Audio/Sounds/Foley/Pistol2.WAV using Guid(84dc3f662983afa4db1120ea8cfb271c) Importer(815301076,1909f56bfc062723c751e8b465ee728b)  -> (artifact id: '92082f797ae8edb174b40f616af0b375') in 0.024134 seconds 
========================================================================
Received Import Request.
  Time since last request: 0.000022 seconds.
  path: Assets/Audio/Sounds/Foley/SRELOAD.WAV
  artifactKey: Guid(aaec44e6c98cbee4c943fa1d3433c4ca) Importer(815301076,1909f56bfc062723c751e8b465ee728b)
Start importing Assets/Audio/Sounds/Foley/SRELOAD.WAV using Guid(aaec44e6c98cbee4c943fa1d3433c4ca) Importer(815301076,1909f56bfc062723c751e8b465ee728b)  -> (artifact id: '4e87446337893373810f853d5054369b') in 0.023820 seconds 
========================================================================
Received Import Request.
  Time since last request: 0.557773 seconds.
  path: Assets/Audio/Sounds/Foley/tarbite.wav
  artifactKey: Guid(e744372e21d83ad4488c14d06289ec1d) Importer(815301076,1909f56bfc062723c751e8b465ee728b)
Start importing Assets/Audio/Sounds/Foley/tarbite.wav using Guid(e744372e21d83ad4488c14d06289ec1d) Importer(815301076,1909f56bfc062723c751e8b465ee728b)  -> (artifact id: '3198c2f8c9514b020d531f8d9f1f9a62') in 0.032521 seconds 
========================================================================
Received Import Request.
  Time since last request: 0.000021 seconds.
  path: Assets/Audio/Sounds/Foley/TRAINDR1.WAV
  artifactKey: Guid(cc86efbbb12f2b547bafa4b24a86e8a1) Importer(815301076,1909f56bfc062723c751e8b465ee728b)
Start importing Assets/Audio/Sounds/Foley/TRAINDR1.WAV using Guid(cc86efbbb12f2b547bafa4b24a86e8a1) Importer(815301076,1909f56bfc062723c751e8b465ee728b)  -> (artifact id: '197bb135d27bcb22c913f1a51ee4606c') in 0.035348 seconds 
========================================================================
Received Import Request.
  Time since last request: 0.000035 seconds.
  path: Assets/Audio/Sounds/Foley/WREN1.WAV
  artifactKey: Guid(de2b289df9f88c342bc0f593e0b9a103) Importer(815301076,1909f56bfc062723c751e8b465ee728b)
Start importing Assets/Audio/Sounds/Foley/WREN1.WAV using Guid(de2b289df9f88c342bc0f593e0b9a103) Importer(815301076,1909f56bfc062723c751e8b465ee728b)  -> (artifact id: 'be1f342cd9301dbf0b202ea69c80fefd') in 0.026049 seconds 
========================================================================
Received Import Request.
  Time since last request: 0.000022 seconds.
  path: Assets/Audio/Sounds/Foley/WDGEAR.WAV
  artifactKey: Guid(8e486b7a7798caf42a1ae9ca739eede1) Importer(815301076,1909f56bfc062723c751e8b465ee728b)
Start importing Assets/Audio/Sounds/Foley/WDGEAR.WAV using Guid(8e486b7a7798caf42a1ae9ca739eede1) Importer(815301076,1909f56bfc062723c751e8b465ee728b)  -> (artifact id: 'ed7ca4c1b248a7df8a0af63b51b85750') in 0.024280 seconds 
========================================================================
Received Import Request.
  Time since last request: 0.000021 seconds.
  path: Assets/Audio/Sounds/Foley/UWATER.WAV
  artifactKey: Guid(04674bb82fd2c1c4885c94f596c30276) Importer(815301076,1909f56bfc062723c751e8b465ee728b)
Start importing Assets/Audio/Sounds/Foley/UWATER.WAV using Guid(04674bb82fd2c1c4885c94f596c30276) Importer(815301076,1909f56bfc062723c751e8b465ee728b)  -> (artifact id: 'ee6ad50330f9d7a3d56cc7129c797d4e') in 0.026296 seconds 
========================================================================
Received Import Request.
  Time since last request: 0.000022 seconds.
  path: Assets/Audio/Sounds/Foley/TRAINDR3.WAV
  artifactKey: Guid(2ed244f82def39149a8b614f7729a097) Importer(815301076,1909f56bfc062723c751e8b465ee728b)
Start importing Assets/Audio/Sounds/Foley/TRAINDR3.WAV using Guid(2ed244f82def39149a8b614f7729a097) Importer(815301076,1909f56bfc062723c751e8b465ee728b)  -> (artifact id: '5d97cd5ca63ea1bb65e273f722c4d4a4') in 0.024312 seconds 
========================================================================
Received Import Request.
  Time since last request: 0.000024 seconds.
  path: Assets/Audio/Sounds/Foley/WNDMILL.WAV
  artifactKey: Guid(fdbd4dad9b253c349999cf73cdfa90c1) Importer(815301076,1909f56bfc062723c751e8b465ee728b)
Start importing Assets/Audio/Sounds/Foley/WNDMILL.WAV using Guid(fdbd4dad9b253c349999cf73cdfa90c1) Importer(815301076,1909f56bfc062723c751e8b465ee728b)  -> (artifact id: '445934ef47cfcc5ccf34bbca2dee27e3') in 0.025393 seconds 
========================================================================
Received Import Request.
  Time since last request: 0.000018 seconds.
  path: Assets/Audio/Sounds/Foley/water4.WAV
  artifactKey: Guid(c33c55f456668c74abb477230e32daff) Importer(815301076,1909f56bfc062723c751e8b465ee728b)
Start importing Assets/Audio/Sounds/Foley/water4.WAV using Guid(c33c55f456668c74abb477230e32daff) Importer(815301076,1909f56bfc062723c751e8b465ee728b)  -> (artifact id: 'ce016f0341db6fe3656f3ad935bdad97') in 0.023874 seconds 
========================================================================
Received Import Request.
  Time since last request: 0.000024 seconds.
  path: Assets/Audio/Sounds/Foley/WIND1.WAV
  artifactKey: Guid(42d12444896b6c7469be66934d8d95ff) Importer(815301076,1909f56bfc062723c751e8b465ee728b)
Start importing Assets/Audio/Sounds/Foley/WIND1.WAV using Guid(42d12444896b6c7469be66934d8d95ff) Importer(815301076,1909f56bfc062723c751e8b465ee728b)  -> (artifact id: 'c141847d50b520aad2977fb3a98c1cc3') in 0.025095 seconds 
========================================================================
Received Import Request.
  Time since last request: 0.000021 seconds.
  path: Assets/Audio/Sounds/Foley/WEAPON.WAV
  artifactKey: Guid(73056688ee3a9c841af72375dc6365e1) Importer(815301076,1909f56bfc062723c751e8b465ee728b)
Start importing Assets/Audio/Sounds/Foley/WEAPON.WAV using Guid(73056688ee3a9c841af72375dc6365e1) Importer(815301076,1909f56bfc062723c751e8b465ee728b)  -> (artifact id: 'd9aa6dbbc7238a204a908eda26a9b368') in 0.023338 seconds 
========================================================================
Received Import Request.
  Time since last request: 0.000026 seconds.
  path: Assets/Audio/Sounds/Foley/thunder2.WAV
  artifactKey: Guid(1c5a7e4aeec02824a847237e503b9db3) Importer(815301076,1909f56bfc062723c751e8b465ee728b)
Start importing Assets/Audio/Sounds/Foley/thunder2.WAV using Guid(1c5a7e4aeec02824a847237e503b9db3) Importer(815301076,1909f56bfc062723c751e8b465ee728b)  -> (artifact id: '24b767a5192b49e7820d5cece038b01e') in 0.023483 seconds 
========================================================================
Received Import Request.
  Time since last request: 0.000025 seconds.
  path: Assets/Audio/Sounds/Foley/WATER2.WAV
  artifactKey: Guid(6fe4570ea6e8c3241838db48092dcc83) Importer(815301076,1909f56bfc062723c751e8b465ee728b)
Start importing Assets/Audio/Sounds/Foley/WATER2.WAV using Guid(6fe4570ea6e8c3241838db48092dcc83) Importer(815301076,1909f56bfc062723c751e8b465ee728b)  -> (artifact id: '4ecb3831cbb684df72fec0879a5c87a3') in 0.025851 seconds 
========================================================================
Received Import Request.
  Time since last request: 0.000016 seconds.
  path: Assets/Audio/Sounds/Foley/Twist.wav
  artifactKey: Guid(aa8901c139395dd46bcd539e1383b9a5) Importer(815301076,1909f56bfc062723c751e8b465ee728b)
Start importing Assets/Audio/Sounds/Foley/Twist.wav using Guid(aa8901c139395dd46bcd539e1383b9a5) Importer(815301076,1909f56bfc062723c751e8b465ee728b)  -> (artifact id: '841be1223797ea07ae7d7e09e348b57d') in 0.023848 seconds 
Editor requested this worker to shutdown with reason: Scaling down because of idle timeout
AssetImportWorker is now disconnected from the server
Process exiting
Exiting without the bug reporter. Application will terminate with return code 0