Using pre-set license
Built from '2021.3/staging' branch; Version is '2021.3.5f1 (40eb3a945986) revision 4254522'; Using compiler version '192829333'; Build Type 'Release'
OS: 'Windows 10  (10.0.19045) 64bit Professional' Language: 'en' Physical Memory: 32693 MB
BatchMode: 1, IsHumanControllingUs: 0, StartBugReporterOnCrash: 0, Is64bit: 1, IsPro: 1

COMMAND LINE ARGUMENTS:
D:\unity\2021.3.5f1\Editor\Unity.exe
-adb2
-batchMode
-noUpm
-name
AssetImportWorker0
-projectPath
C:/Users/ttvni/Documents/GitHub/Assignment_3/Assignment3
-logFile
Logs/AssetImportWorker0.log
-srvPort
62113
Successfully changed project path to: C:/Users/ttvni/Documents/GitHub/Assignment_3/Assignment3
C:/Users/ttvni/Documents/GitHub/Assignment_3/Assignment3
[UnityMemory] Configuration Parameters - Can be set up in boot.config
    "memorysetup-bucket-allocator-granularity=16"
    "memorysetup-bucket-allocator-bucket-count=8"
    "memorysetup-bucket-allocator-block-size=33554432"
    "memorysetup-bucket-allocator-block-count=8"
    "memorysetup-main-allocator-block-size=16777216"
    "memorysetup-thread-allocator-block-size=16777216"
    "memorysetup-gfx-main-allocator-block-size=16777216"
    "memorysetup-gfx-thread-allocator-block-size=16777216"
    "memorysetup-cache-allocator-block-size=4194304"
    "memorysetup-typetree-allocator-block-size=2097152"
    "memorysetup-profiler-bucket-allocator-granularity=16"
    "memorysetup-profiler-bucket-allocator-bucket-count=8"
    "memorysetup-profiler-bucket-allocator-block-size=33554432"
    "memorysetup-profiler-bucket-allocator-block-count=8"
    "memorysetup-profiler-allocator-block-size=16777216"
    "memorysetup-profiler-editor-allocator-block-size=1048576"
    "memorysetup-temp-allocator-size-main=16777216"
    "memorysetup-job-temp-allocator-block-size=2097152"
    "memorysetup-job-temp-allocator-block-size-background=1048576"
    "memorysetup-job-temp-allocator-reduction-small-platforms=262144"
    "memorysetup-temp-allocator-size-background-worker=32768"
    "memorysetup-temp-allocator-size-job-worker=262144"
    "memorysetup-temp-allocator-size-preload-manager=33554432"
    "memorysetup-temp-allocator-size-nav-mesh-worker=65536"
    "memorysetup-temp-allocator-size-audio-worker=65536"
    "memorysetup-temp-allocator-size-cloud-worker=32768"
    "memorysetup-temp-allocator-size-gi-baking-worker=262144"
    "memorysetup-temp-allocator-size-gfx=262144"
Refreshing native plugins compatible for Editor in 98.47 ms, found 3 plugins.
Preloading 0 native plugins for Editor in 0.00 ms.
Initialize engine version: 2021.3.5f1 (40eb3a945986)
[Subsystems] Discovering subsystems at path D:/unity/2021.3.5f1/Editor/Data/Resources/UnitySubsystems
[Subsystems] Discovering subsystems at path C:/Users/ttvni/Documents/GitHub/Assignment_3/Assignment3/Assets
GfxDevice: creating device client; threaded=0; jobified=0
Direct3D:
    Version:  Direct3D 11.0 [level 11.1]
    Renderer: NVIDIA GeForce RTX 2070 SUPER (ID=0x1e84)
    Vendor:   NVIDIA
    VRAM:     7989 MB
    Driver:   32.0.15.7283
Initialize mono
Mono path[0] = 'D:/unity/2021.3.5f1/Editor/Data/Managed'
Mono path[1] = 'D:/unity/2021.3.5f1/Editor/Data/MonoBleedingEdge/lib/mono/unityjit-win32'
Mono config path = 'D:/unity/2021.3.5f1/Editor/Data/MonoBleedingEdge/etc'
Using monoOptions --debugger-agent=transport=dt_socket,embedding=1,server=y,suspend=n,address=127.0.0.1:56708
Begin MonoManager ReloadAssembly
Registering precompiled unity dll's ...
Register platform support module: D:/unity/2021.3.5f1/Editor/Data/PlaybackEngines/WindowsStandaloneSupport/UnityEditor.WindowsStandalone.Extensions.dll
Registered in 0.003339 seconds.
Native extension for WindowsStandalone target not found
Refreshing native plugins compatible for Editor in 98.27 ms, found 3 plugins.
Preloading 0 native plugins for Editor in 0.00 ms.
Mono: successfully reloaded assembly
- Completed reload, in  0.580 seconds
Domain Reload Profiling:
	ReloadAssembly (580ms)
		BeginReloadAssembly (84ms)
			ExecutionOrderSort (0ms)
			DisableScriptedObjects (0ms)
			BackupInstance (0ms)
			ReleaseScriptingObjects (0ms)
			CreateAndSetChildDomain (1ms)
		EndReloadAssembly (404ms)
			LoadAssemblies (84ms)
			RebuildTransferFunctionScriptingTraits (0ms)
			SetupTypeCache (88ms)
			ReleaseScriptCaches (0ms)
			RebuildScriptCaches (22ms)
			SetupLoadedEditorAssemblies (249ms)
				LogAssemblyErrors (0ms)
				InitializePlatformSupportModulesInManaged (6ms)
				SetLoadedEditorAssemblies (0ms)
				RefreshPlugins (98ms)
				BeforeProcessingInitializeOnLoad (1ms)
				ProcessInitializeOnLoadAttributes (105ms)
				ProcessInitializeOnLoadMethodAttributes (38ms)
				AfterProcessingInitializeOnLoad (0ms)
				EditorAssembliesLoaded (0ms)
			ExecutionOrderSort2 (0ms)
			AwakeInstancesAfterBackupRestoration (0ms)
Platform modules already initialized, skipping
Registering precompiled user dll's ...
Registered in 0.008546 seconds.
Begin MonoManager ReloadAssembly
Symbol file LoadedFromMemory doesn't match image C:\Users\ttvni\Documents\GitHub\Assignment_3\Assignment3\Library\PackageCache\com.unity.visualscripting@1.7.8\Editor\VisualScripting.Core\Dependencies\YamlDotNet\Unity.VisualScripting.YamlDotNet.dll
Symbol file LoadedFromMemory doesn't match image C:\Users\ttvni\Documents\GitHub\Assignment_3\Assignment3\Library\PackageCache\com.unity.visualscripting@1.7.8\Editor\VisualScripting.Core\Dependencies\DotNetZip\Unity.VisualScripting.IonicZip.dll
Native extension for WindowsStandalone target not found
Refreshing native plugins compatible for Editor in 107.64 ms, found 3 plugins.
Preloading 0 native plugins for Editor in 0.00 ms.
Mono: successfully reloaded assembly
- Completed reload, in  1.168 seconds
Domain Reload Profiling:
	ReloadAssembly (1169ms)
		BeginReloadAssembly (117ms)
			ExecutionOrderSort (0ms)
			DisableScriptedObjects (5ms)
			BackupInstance (0ms)
			ReleaseScriptingObjects (0ms)
			CreateAndSetChildDomain (17ms)
		EndReloadAssembly (949ms)
			LoadAssemblies (100ms)
			RebuildTransferFunctionScriptingTraits (0ms)
			SetupTypeCache (235ms)
			ReleaseScriptCaches (1ms)
			RebuildScriptCaches (52ms)
			SetupLoadedEditorAssemblies (543ms)
				LogAssemblyErrors (0ms)
				InitializePlatformSupportModulesInManaged (3ms)
				SetLoadedEditorAssemblies (0ms)
				RefreshPlugins (108ms)
				BeforeProcessingInitializeOnLoad (100ms)
				ProcessInitializeOnLoadAttributes (246ms)
				ProcessInitializeOnLoadMethodAttributes (82ms)
				AfterProcessingInitializeOnLoad (4ms)
				EditorAssembliesLoaded (0ms)
			ExecutionOrderSort2 (0ms)
			AwakeInstancesAfterBackupRestoration (6ms)
Platform modules already initialized, skipping
========================================================================
Worker process is ready to serve import requests
Launched and connected shader compiler UnityShaderCompiler.exe after 0.04 seconds
Refreshing native plugins compatible for Editor in 1.52 ms, found 3 plugins.
Preloading 0 native plugins for Editor in 0.00 ms.
Unloading 5183 Unused Serialized files (Serialized files now loaded: 0)
Unloading 47 unused Assets / (0.8 MB). Loaded Objects now: 5639.
Memory consumption went from 202.7 MB to 202.0 MB.
Total: 4.744500 ms (FindLiveObjects: 0.641200 ms CreateObjectMapping: 0.191400 ms MarkObjects: 3.511700 ms  DeleteObjects: 0.398500 ms)

AssetImportParameters requested are different than current active one (requested -> active):
  custom:video-decoder-ogg-theora: a1e56fd34408186e4bbccfd4996cb3dc -> 
  custom:container-muxer-webm: aa71ff27fc2769a1b78a27578f13a17b -> 
  custom:container-demuxer-webm: 4f35f7cbe854078d1ac9338744f61a02 -> 
  custom:video-encoder-webm-vp8: eb34c28f22e8b96e1ab97ce403110664 -> 
  custom:audio-encoder-webm-vorbis: bf7c407c2cedff20999df2af8eb42d56 -> 
  custom:framework-win-MediaFoundation: 216162199b28c13a410421893ffa2e32 -> 
  custom:container-demuxer-ogg: 62fdf1f143b41e24485cea50d1cbac27 -> 
  custom:video-decoder-webm-vp8: 9c59270c3fd7afecdb556c50c9e8de78 -> 
  custom:audio-decoder-ogg-vorbis: bf7c407c2cedff20999df2af8eb42d56 -> 
========================================================================
Received Prepare
Registering precompiled user dll's ...
Registered in 0.008623 seconds.
Begin MonoManager ReloadAssembly
Symbol file LoadedFromMemory doesn't match image C:\Users\ttvni\Documents\GitHub\Assignment_3\Assignment3\Library\PackageCache\com.unity.visualscripting@1.7.8\Editor\VisualScripting.Core\Dependencies\YamlDotNet\Unity.VisualScripting.YamlDotNet.dll
Symbol file LoadedFromMemory doesn't match image C:\Users\ttvni\Documents\GitHub\Assignment_3\Assignment3\Library\PackageCache\com.unity.visualscripting@1.7.8\Editor\VisualScripting.Core\Dependencies\DotNetZip\Unity.VisualScripting.IonicZip.dll
Native extension for WindowsStandalone target not found
Refreshing native plugins compatible for Editor in 1.18 ms, found 3 plugins.
Preloading 0 native plugins for Editor in 0.00 ms.
Mono: successfully reloaded assembly
- Completed reload, in  1.129 seconds
Domain Reload Profiling:
	ReloadAssembly (1129ms)
		BeginReloadAssembly (134ms)
			ExecutionOrderSort (0ms)
			DisableScriptedObjects (4ms)
			BackupInstance (0ms)
			ReleaseScriptingObjects (0ms)
			CreateAndSetChildDomain (32ms)
		EndReloadAssembly (902ms)
			LoadAssemblies (97ms)
			RebuildTransferFunctionScriptingTraits (0ms)
			SetupTypeCache (244ms)
			ReleaseScriptCaches (2ms)
			RebuildScriptCaches (49ms)
			SetupLoadedEditorAssemblies (466ms)
				LogAssemblyErrors (0ms)
				InitializePlatformSupportModulesInManaged (13ms)
				SetLoadedEditorAssemblies (0ms)
				RefreshPlugins (1ms)
				BeforeProcessingInitializeOnLoad (90ms)
				ProcessInitializeOnLoadAttributes (269ms)
				ProcessInitializeOnLoadMethodAttributes (88ms)
				AfterProcessingInitializeOnLoad (4ms)
				EditorAssembliesLoaded (0ms)
			ExecutionOrderSort2 (0ms)
			AwakeInstancesAfterBackupRestoration (15ms)
Platform modules already initialized, skipping
Refreshing native plugins compatible for Editor in 3.34 ms, found 3 plugins.
Preloading 0 native plugins for Editor in 0.00 ms.
Unloading 5060 Unused Serialized files (Serialized files now loaded: 0)
Unloading 28 unused Assets / (0.7 MB). Loaded Objects now: 5654.
Memory consumption went from 194.6 MB to 193.8 MB.
Total: 4.723200 ms (FindLiveObjects: 0.577600 ms CreateObjectMapping: 0.160800 ms MarkObjects: 3.607400 ms  DeleteObjects: 0.376200 ms)

AssetImportParameters requested are different than current active one (requested -> active):
  custom:video-decoder-ogg-theora: a1e56fd34408186e4bbccfd4996cb3dc -> 
  custom:container-muxer-webm: aa71ff27fc2769a1b78a27578f13a17b -> 
  custom:container-demuxer-webm: 4f35f7cbe854078d1ac9338744f61a02 -> 
  custom:video-encoder-webm-vp8: eb34c28f22e8b96e1ab97ce403110664 -> 
  custom:audio-encoder-webm-vorbis: bf7c407c2cedff20999df2af8eb42d56 -> 
  custom:framework-win-MediaFoundation: 216162199b28c13a410421893ffa2e32 -> 
  custom:container-demuxer-ogg: 62fdf1f143b41e24485cea50d1cbac27 -> 
  custom:video-decoder-webm-vp8: 9c59270c3fd7afecdb556c50c9e8de78 -> 
  custom:audio-decoder-ogg-vorbis: bf7c407c2cedff20999df2af8eb42d56 -> 
========================================================================
Received Prepare
Registering precompiled user dll's ...
Registered in 0.007621 seconds.
Begin MonoManager ReloadAssembly
Symbol file LoadedFromMemory doesn't match image C:\Users\ttvni\Documents\GitHub\Assignment_3\Assignment3\Library\PackageCache\com.unity.visualscripting@1.7.8\Editor\VisualScripting.Core\Dependencies\YamlDotNet\Unity.VisualScripting.YamlDotNet.dll
Symbol file LoadedFromMemory doesn't match image C:\Users\ttvni\Documents\GitHub\Assignment_3\Assignment3\Library\PackageCache\com.unity.visualscripting@1.7.8\Editor\VisualScripting.Core\Dependencies\DotNetZip\Unity.VisualScripting.IonicZip.dll
Native extension for WindowsStandalone target not found
Refreshing native plugins compatible for Editor in 1.32 ms, found 3 plugins.
Preloading 0 native plugins for Editor in 0.00 ms.
Mono: successfully reloaded assembly
- Completed reload, in  1.137 seconds
Domain Reload Profiling:
	ReloadAssembly (1138ms)
		BeginReloadAssembly (134ms)
			ExecutionOrderSort (0ms)
			DisableScriptedObjects (4ms)
			BackupInstance (0ms)
			ReleaseScriptingObjects (0ms)
			CreateAndSetChildDomain (33ms)
		EndReloadAssembly (916ms)
			LoadAssemblies (97ms)
			RebuildTransferFunctionScriptingTraits (0ms)
			SetupTypeCache (250ms)
			ReleaseScriptCaches (2ms)
			RebuildScriptCaches (49ms)
			SetupLoadedEditorAssemblies (473ms)
				LogAssemblyErrors (0ms)
				InitializePlatformSupportModulesInManaged (12ms)
				SetLoadedEditorAssemblies (0ms)
				RefreshPlugins (1ms)
				BeforeProcessingInitializeOnLoad (87ms)
				ProcessInitializeOnLoadAttributes (279ms)
				ProcessInitializeOnLoadMethodAttributes (90ms)
				AfterProcessingInitializeOnLoad (3ms)
				EditorAssembliesLoaded (0ms)
			ExecutionOrderSort2 (0ms)
			AwakeInstancesAfterBackupRestoration (16ms)
Platform modules already initialized, skipping
Refreshing native plugins compatible for Editor in 3.59 ms, found 3 plugins.
Preloading 0 native plugins for Editor in 0.00 ms.
Unloading 5060 Unused Serialized files (Serialized files now loaded: 0)
Unloading 28 unused Assets / (0.7 MB). Loaded Objects now: 5669.
Memory consumption went from 194.8 MB to 194.0 MB.
Total: 5.771500 ms (FindLiveObjects: 1.032200 ms CreateObjectMapping: 0.198600 ms MarkObjects: 4.152700 ms  DeleteObjects: 0.386600 ms)

AssetImportParameters requested are different than current active one (requested -> active):
  custom:video-decoder-ogg-theora: a1e56fd34408186e4bbccfd4996cb3dc -> 
  custom:container-muxer-webm: aa71ff27fc2769a1b78a27578f13a17b -> 
  custom:container-demuxer-webm: 4f35f7cbe854078d1ac9338744f61a02 -> 
  custom:video-encoder-webm-vp8: eb34c28f22e8b96e1ab97ce403110664 -> 
  custom:audio-encoder-webm-vorbis: bf7c407c2cedff20999df2af8eb42d56 -> 
  custom:framework-win-MediaFoundation: 216162199b28c13a410421893ffa2e32 -> 
  custom:container-demuxer-ogg: 62fdf1f143b41e24485cea50d1cbac27 -> 
  custom:video-decoder-webm-vp8: 9c59270c3fd7afecdb556c50c9e8de78 -> 
  custom:audio-decoder-ogg-vorbis: bf7c407c2cedff20999df2af8eb42d56 -> 
========================================================================
Received Prepare
Registering precompiled user dll's ...
Registered in 0.007740 seconds.
Begin MonoManager ReloadAssembly
Symbol file LoadedFromMemory doesn't match image C:\Users\ttvni\Documents\GitHub\Assignment_3\Assignment3\Library\PackageCache\com.unity.visualscripting@1.7.8\Editor\VisualScripting.Core\Dependencies\YamlDotNet\Unity.VisualScripting.YamlDotNet.dll
Symbol file LoadedFromMemory doesn't match image C:\Users\ttvni\Documents\GitHub\Assignment_3\Assignment3\Library\PackageCache\com.unity.visualscripting@1.7.8\Editor\VisualScripting.Core\Dependencies\DotNetZip\Unity.VisualScripting.IonicZip.dll
Native extension for WindowsStandalone target not found
Refreshing native plugins compatible for Editor in 0.92 ms, found 3 plugins.
Preloading 0 native plugins for Editor in 0.00 ms.
Mono: successfully reloaded assembly
- Completed reload, in  1.022 seconds
Domain Reload Profiling:
	ReloadAssembly (1022ms)
		BeginReloadAssembly (136ms)
			ExecutionOrderSort (0ms)
			DisableScriptedObjects (4ms)
			BackupInstance (0ms)
			ReleaseScriptingObjects (0ms)
			CreateAndSetChildDomain (32ms)
		EndReloadAssembly (793ms)
			LoadAssemblies (102ms)
			RebuildTransferFunctionScriptingTraits (0ms)
			SetupTypeCache (220ms)
			ReleaseScriptCaches (2ms)
			RebuildScriptCaches (38ms)
			SetupLoadedEditorAssemblies (410ms)
				LogAssemblyErrors (0ms)
				InitializePlatformSupportModulesInManaged (11ms)
				SetLoadedEditorAssemblies (0ms)
				RefreshPlugins (1ms)
				BeforeProcessingInitializeOnLoad (77ms)
				ProcessInitializeOnLoadAttributes (243ms)
				ProcessInitializeOnLoadMethodAttributes (74ms)
				AfterProcessingInitializeOnLoad (3ms)
				EditorAssembliesLoaded (0ms)
			ExecutionOrderSort2 (0ms)
			AwakeInstancesAfterBackupRestoration (12ms)
Platform modules already initialized, skipping
Refreshing native plugins compatible for Editor in 3.65 ms, found 3 plugins.
Preloading 0 native plugins for Editor in 0.00 ms.
Unloading 5060 Unused Serialized files (Serialized files now loaded: 0)
Unloading 28 unused Assets / (0.7 MB). Loaded Objects now: 5684.
Memory consumption went from 194.8 MB to 194.0 MB.
Total: 4.586000 ms (FindLiveObjects: 0.542000 ms CreateObjectMapping: 0.177100 ms MarkObjects: 3.447600 ms  DeleteObjects: 0.418200 ms)

AssetImportParameters requested are different than current active one (requested -> active):
  custom:video-decoder-ogg-theora: a1e56fd34408186e4bbccfd4996cb3dc -> 
  custom:container-muxer-webm: aa71ff27fc2769a1b78a27578f13a17b -> 
  custom:container-demuxer-webm: 4f35f7cbe854078d1ac9338744f61a02 -> 
  custom:video-encoder-webm-vp8: eb34c28f22e8b96e1ab97ce403110664 -> 
  custom:audio-encoder-webm-vorbis: bf7c407c2cedff20999df2af8eb42d56 -> 
  custom:framework-win-MediaFoundation: 216162199b28c13a410421893ffa2e32 -> 
  custom:container-demuxer-ogg: 62fdf1f143b41e24485cea50d1cbac27 -> 
  custom:video-decoder-webm-vp8: 9c59270c3fd7afecdb556c50c9e8de78 -> 
  custom:audio-decoder-ogg-vorbis: bf7c407c2cedff20999df2af8eb42d56 -> 
========================================================================
Received Prepare
Registering precompiled user dll's ...
Registered in 0.007867 seconds.
Begin MonoManager ReloadAssembly
Symbol file LoadedFromMemory doesn't match image C:\Users\ttvni\Documents\GitHub\Assignment_3\Assignment3\Library\PackageCache\com.unity.visualscripting@1.7.8\Editor\VisualScripting.Core\Dependencies\YamlDotNet\Unity.VisualScripting.YamlDotNet.dll
Symbol file LoadedFromMemory doesn't match image C:\Users\ttvni\Documents\GitHub\Assignment_3\Assignment3\Library\PackageCache\com.unity.visualscripting@1.7.8\Editor\VisualScripting.Core\Dependencies\DotNetZip\Unity.VisualScripting.IonicZip.dll
Native extension for WindowsStandalone target not found
Refreshing native plugins compatible for Editor in 1.18 ms, found 3 plugins.
Preloading 0 native plugins for Editor in 0.00 ms.
Mono: successfully reloaded assembly
- Completed reload, in  1.140 seconds
Domain Reload Profiling:
	ReloadAssembly (1141ms)
		BeginReloadAssembly (139ms)
			ExecutionOrderSort (0ms)
			DisableScriptedObjects (4ms)
			BackupInstance (0ms)
			ReleaseScriptingObjects (0ms)
			CreateAndSetChildDomain (32ms)
		EndReloadAssembly (912ms)
			LoadAssemblies (102ms)
			RebuildTransferFunctionScriptingTraits (0ms)
			SetupTypeCache (265ms)
			ReleaseScriptCaches (2ms)
			RebuildScriptCaches (51ms)
			SetupLoadedEditorAssemblies (449ms)
				LogAssemblyErrors (0ms)
				InitializePlatformSupportModulesInManaged (11ms)
				SetLoadedEditorAssemblies (0ms)
				RefreshPlugins (1ms)
				BeforeProcessingInitializeOnLoad (85ms)
				ProcessInitializeOnLoadAttributes (260ms)
				ProcessInitializeOnLoadMethodAttributes (86ms)
				AfterProcessingInitializeOnLoad (4ms)
				EditorAssembliesLoaded (0ms)
			ExecutionOrderSort2 (0ms)
			AwakeInstancesAfterBackupRestoration (17ms)
Platform modules already initialized, skipping
Refreshing native plugins compatible for Editor in 5.11 ms, found 3 plugins.
Preloading 0 native plugins for Editor in 0.00 ms.
Unloading 5060 Unused Serialized files (Serialized files now loaded: 0)
Unloading 28 unused Assets / (0.7 MB). Loaded Objects now: 5699.
Memory consumption went from 194.8 MB to 194.1 MB.
Total: 7.445400 ms (FindLiveObjects: 1.318200 ms CreateObjectMapping: 0.677800 ms MarkObjects: 4.724900 ms  DeleteObjects: 0.722900 ms)

AssetImportParameters requested are different than current active one (requested -> active):
  custom:video-decoder-ogg-theora: a1e56fd34408186e4bbccfd4996cb3dc -> 
  custom:container-muxer-webm: aa71ff27fc2769a1b78a27578f13a17b -> 
  custom:container-demuxer-webm: 4f35f7cbe854078d1ac9338744f61a02 -> 
  custom:video-encoder-webm-vp8: eb34c28f22e8b96e1ab97ce403110664 -> 
  custom:audio-encoder-webm-vorbis: bf7c407c2cedff20999df2af8eb42d56 -> 
  custom:framework-win-MediaFoundation: 216162199b28c13a410421893ffa2e32 -> 
  custom:container-demuxer-ogg: 62fdf1f143b41e24485cea50d1cbac27 -> 
  custom:video-decoder-webm-vp8: 9c59270c3fd7afecdb556c50c9e8de78 -> 
  custom:audio-decoder-ogg-vorbis: bf7c407c2cedff20999df2af8eb42d56 -> 
========================================================================
Received Prepare
Registering precompiled user dll's ...
Registered in 0.009775 seconds.
Begin MonoManager ReloadAssembly
Symbol file LoadedFromMemory doesn't match image C:\Users\ttvni\Documents\GitHub\Assignment_3\Assignment3\Library\PackageCache\com.unity.visualscripting@1.7.8\Editor\VisualScripting.Core\Dependencies\YamlDotNet\Unity.VisualScripting.YamlDotNet.dll
Symbol file LoadedFromMemory doesn't match image C:\Users\ttvni\Documents\GitHub\Assignment_3\Assignment3\Library\PackageCache\com.unity.visualscripting@1.7.8\Editor\VisualScripting.Core\Dependencies\DotNetZip\Unity.VisualScripting.IonicZip.dll
Native extension for WindowsStandalone target not found
Refreshing native plugins compatible for Editor in 0.77 ms, found 3 plugins.
Preloading 0 native plugins for Editor in 0.00 ms.
Mono: successfully reloaded assembly
- Completed reload, in  0.980 seconds
Domain Reload Profiling:
	ReloadAssembly (981ms)
		BeginReloadAssembly (131ms)
			ExecutionOrderSort (0ms)
			DisableScriptedObjects (4ms)
			BackupInstance (0ms)
			ReleaseScriptingObjects (0ms)
			CreateAndSetChildDomain (30ms)
		EndReloadAssembly (765ms)
			LoadAssemblies (99ms)
			RebuildTransferFunctionScriptingTraits (0ms)
			SetupTypeCache (224ms)
			ReleaseScriptCaches (2ms)
			RebuildScriptCaches (38ms)
			SetupLoadedEditorAssemblies (377ms)
				LogAssemblyErrors (0ms)
				InitializePlatformSupportModulesInManaged (10ms)
				SetLoadedEditorAssemblies (0ms)
				RefreshPlugins (1ms)
				BeforeProcessingInitializeOnLoad (72ms)
				ProcessInitializeOnLoadAttributes (217ms)
				ProcessInitializeOnLoadMethodAttributes (72ms)
				AfterProcessingInitializeOnLoad (4ms)
				EditorAssembliesLoaded (0ms)
			ExecutionOrderSort2 (0ms)
			AwakeInstancesAfterBackupRestoration (14ms)
Platform modules already initialized, skipping
Refreshing native plugins compatible for Editor in 4.01 ms, found 3 plugins.
Preloading 0 native plugins for Editor in 0.00 ms.
Unloading 5060 Unused Serialized files (Serialized files now loaded: 0)
Unloading 28 unused Assets / (0.7 MB). Loaded Objects now: 5714.
Memory consumption went from 194.9 MB to 194.2 MB.
Total: 5.047000 ms (FindLiveObjects: 0.646700 ms CreateObjectMapping: 0.199100 ms MarkObjects: 3.754700 ms  DeleteObjects: 0.445500 ms)

AssetImportParameters requested are different than current active one (requested -> active):
  custom:video-decoder-ogg-theora: a1e56fd34408186e4bbccfd4996cb3dc -> 
  custom:container-muxer-webm: aa71ff27fc2769a1b78a27578f13a17b -> 
  custom:container-demuxer-webm: 4f35f7cbe854078d1ac9338744f61a02 -> 
  custom:video-encoder-webm-vp8: eb34c28f22e8b96e1ab97ce403110664 -> 
  custom:audio-encoder-webm-vorbis: bf7c407c2cedff20999df2af8eb42d56 -> 
  custom:framework-win-MediaFoundation: 216162199b28c13a410421893ffa2e32 -> 
  custom:container-demuxer-ogg: 62fdf1f143b41e24485cea50d1cbac27 -> 
  custom:video-decoder-webm-vp8: 9c59270c3fd7afecdb556c50c9e8de78 -> 
  custom:audio-decoder-ogg-vorbis: bf7c407c2cedff20999df2af8eb42d56 -> 
========================================================================
Received Prepare
Registering precompiled user dll's ...
Registered in 0.009173 seconds.
Begin MonoManager ReloadAssembly
Symbol file LoadedFromMemory doesn't match image C:\Users\ttvni\Documents\GitHub\Assignment_3\Assignment3\Library\PackageCache\com.unity.visualscripting@1.7.8\Editor\VisualScripting.Core\Dependencies\YamlDotNet\Unity.VisualScripting.YamlDotNet.dll
Symbol file LoadedFromMemory doesn't match image C:\Users\ttvni\Documents\GitHub\Assignment_3\Assignment3\Library\PackageCache\com.unity.visualscripting@1.7.8\Editor\VisualScripting.Core\Dependencies\DotNetZip\Unity.VisualScripting.IonicZip.dll
Native extension for WindowsStandalone target not found
Refreshing native plugins compatible for Editor in 2.04 ms, found 3 plugins.
Preloading 0 native plugins for Editor in 0.00 ms.
Mono: successfully reloaded assembly
- Completed reload, in  1.148 seconds
Domain Reload Profiling:
	ReloadAssembly (1149ms)
		BeginReloadAssembly (135ms)
			ExecutionOrderSort (0ms)
			DisableScriptedObjects (4ms)
			BackupInstance (0ms)
			ReleaseScriptingObjects (0ms)
			CreateAndSetChildDomain (32ms)
		EndReloadAssembly (928ms)
			LoadAssemblies (101ms)
			RebuildTransferFunctionScriptingTraits (0ms)
			SetupTypeCache (262ms)
			ReleaseScriptCaches (2ms)
			RebuildScriptCaches (51ms)
			SetupLoadedEditorAssemblies (461ms)
				LogAssemblyErrors (0ms)
				InitializePlatformSupportModulesInManaged (13ms)
				SetLoadedEditorAssemblies (1ms)
				RefreshPlugins (2ms)
				BeforeProcessingInitializeOnLoad (92ms)
				ProcessInitializeOnLoadAttributes (268ms)
				ProcessInitializeOnLoadMethodAttributes (82ms)
				AfterProcessingInitializeOnLoad (4ms)
				EditorAssembliesLoaded (0ms)
			ExecutionOrderSort2 (0ms)
			AwakeInstancesAfterBackupRestoration (16ms)
Platform modules already initialized, skipping
Refreshing native plugins compatible for Editor in 3.70 ms, found 3 plugins.
Preloading 0 native plugins for Editor in 0.00 ms.
Unloading 5060 Unused Serialized files (Serialized files now loaded: 0)
Unloading 28 unused Assets / (0.7 MB). Loaded Objects now: 5729.
Memory consumption went from 194.8 MB to 194.0 MB.
Total: 6.944500 ms (FindLiveObjects: 1.215600 ms CreateObjectMapping: 0.507200 ms MarkObjects: 4.459000 ms  DeleteObjects: 0.761000 ms)

AssetImportParameters requested are different than current active one (requested -> active):
  custom:video-decoder-ogg-theora: a1e56fd34408186e4bbccfd4996cb3dc -> 
  custom:container-muxer-webm: aa71ff27fc2769a1b78a27578f13a17b -> 
  custom:container-demuxer-webm: 4f35f7cbe854078d1ac9338744f61a02 -> 
  custom:video-encoder-webm-vp8: eb34c28f22e8b96e1ab97ce403110664 -> 
  custom:audio-encoder-webm-vorbis: bf7c407c2cedff20999df2af8eb42d56 -> 
  custom:framework-win-MediaFoundation: 216162199b28c13a410421893ffa2e32 -> 
  custom:container-demuxer-ogg: 62fdf1f143b41e24485cea50d1cbac27 -> 
  custom:video-decoder-webm-vp8: 9c59270c3fd7afecdb556c50c9e8de78 -> 
  custom:audio-decoder-ogg-vorbis: bf7c407c2cedff20999df2af8eb42d56 -> 
========================================================================
Received Prepare
Registering precompiled user dll's ...
Registered in 0.007683 seconds.
Begin MonoManager ReloadAssembly
Symbol file LoadedFromMemory doesn't match image C:\Users\ttvni\Documents\GitHub\Assignment_3\Assignment3\Library\PackageCache\com.unity.visualscripting@1.7.8\Editor\VisualScripting.Core\Dependencies\YamlDotNet\Unity.VisualScripting.YamlDotNet.dll
Symbol file LoadedFromMemory doesn't match image C:\Users\ttvni\Documents\GitHub\Assignment_3\Assignment3\Library\PackageCache\com.unity.visualscripting@1.7.8\Editor\VisualScripting.Core\Dependencies\DotNetZip\Unity.VisualScripting.IonicZip.dll
Native extension for WindowsStandalone target not found
Refreshing native plugins compatible for Editor in 1.61 ms, found 3 plugins.
Preloading 0 native plugins for Editor in 0.00 ms.
Mono: successfully reloaded assembly
- Completed reload, in  1.151 seconds
Domain Reload Profiling:
	ReloadAssembly (1152ms)
		BeginReloadAssembly (133ms)
			ExecutionOrderSort (0ms)
			DisableScriptedObjects (5ms)
			BackupInstance (0ms)
			ReleaseScriptingObjects (0ms)
			CreateAndSetChildDomain (33ms)
		EndReloadAssembly (928ms)
			LoadAssemblies (96ms)
			RebuildTransferFunctionScriptingTraits (0ms)
			SetupTypeCache (263ms)
			ReleaseScriptCaches (2ms)
			RebuildScriptCaches (53ms)
			SetupLoadedEditorAssemblies (468ms)
				LogAssemblyErrors (0ms)
				InitializePlatformSupportModulesInManaged (13ms)
				SetLoadedEditorAssemblies (1ms)
				RefreshPlugins (2ms)
				BeforeProcessingInitializeOnLoad (89ms)
				ProcessInitializeOnLoadAttributes (275ms)
				ProcessInitializeOnLoadMethodAttributes (85ms)
				AfterProcessingInitializeOnLoad (4ms)
				EditorAssembliesLoaded (0ms)
			ExecutionOrderSort2 (0ms)
			AwakeInstancesAfterBackupRestoration (17ms)
Platform modules already initialized, skipping
Refreshing native plugins compatible for Editor in 6.35 ms, found 3 plugins.
Preloading 0 native plugins for Editor in 0.00 ms.
Unloading 5060 Unused Serialized files (Serialized files now loaded: 0)
Unloading 28 unused Assets / (0.7 MB). Loaded Objects now: 5744.
Memory consumption went from 194.8 MB to 194.0 MB.
Total: 7.848300 ms (FindLiveObjects: 0.704100 ms CreateObjectMapping: 0.248700 ms MarkObjects: 6.361700 ms  DeleteObjects: 0.532200 ms)

AssetImportParameters requested are different than current active one (requested -> active):
  custom:video-decoder-ogg-theora: a1e56fd34408186e4bbccfd4996cb3dc -> 
  custom:container-muxer-webm: aa71ff27fc2769a1b78a27578f13a17b -> 
  custom:container-demuxer-webm: 4f35f7cbe854078d1ac9338744f61a02 -> 
  custom:video-encoder-webm-vp8: eb34c28f22e8b96e1ab97ce403110664 -> 
  custom:audio-encoder-webm-vorbis: bf7c407c2cedff20999df2af8eb42d56 -> 
  custom:framework-win-MediaFoundation: 216162199b28c13a410421893ffa2e32 -> 
  custom:container-demuxer-ogg: 62fdf1f143b41e24485cea50d1cbac27 -> 
  custom:video-decoder-webm-vp8: 9c59270c3fd7afecdb556c50c9e8de78 -> 
  custom:audio-decoder-ogg-vorbis: bf7c407c2cedff20999df2af8eb42d56 -> 
========================================================================
Received Prepare
Registering precompiled user dll's ...
Registered in 0.010890 seconds.
Begin MonoManager ReloadAssembly
Symbol file LoadedFromMemory doesn't match image C:\Users\ttvni\Documents\GitHub\Assignment_3\Assignment3\Library\PackageCache\com.unity.visualscripting@1.7.8\Editor\VisualScripting.Core\Dependencies\YamlDotNet\Unity.VisualScripting.YamlDotNet.dll
Symbol file LoadedFromMemory doesn't match image C:\Users\ttvni\Documents\GitHub\Assignment_3\Assignment3\Library\PackageCache\com.unity.visualscripting@1.7.8\Editor\VisualScripting.Core\Dependencies\DotNetZip\Unity.VisualScripting.IonicZip.dll
Native extension for WindowsStandalone target not found
Refreshing native plugins compatible for Editor in 1.14 ms, found 3 plugins.
Preloading 0 native plugins for Editor in 0.00 ms.
Mono: successfully reloaded assembly
- Completed reload, in  1.152 seconds
Domain Reload Profiling:
	ReloadAssembly (1153ms)
		BeginReloadAssembly (132ms)
			ExecutionOrderSort (0ms)
			DisableScriptedObjects (4ms)
			BackupInstance (0ms)
			ReleaseScriptingObjects (0ms)
			CreateAndSetChildDomain (31ms)
		EndReloadAssembly (933ms)
			LoadAssemblies (104ms)
			RebuildTransferFunctionScriptingTraits (0ms)
			SetupTypeCache (265ms)
			ReleaseScriptCaches (2ms)
			RebuildScriptCaches (50ms)
			SetupLoadedEditorAssemblies (457ms)
				LogAssemblyErrors (0ms)
				InitializePlatformSupportModulesInManaged (12ms)
				SetLoadedEditorAssemblies (0ms)
				RefreshPlugins (1ms)
				BeforeProcessingInitializeOnLoad (90ms)
				ProcessInitializeOnLoadAttributes (264ms)
				ProcessInitializeOnLoadMethodAttributes (85ms)
				AfterProcessingInitializeOnLoad (4ms)
				EditorAssembliesLoaded (0ms)
			ExecutionOrderSort2 (0ms)
			AwakeInstancesAfterBackupRestoration (15ms)
Platform modules already initialized, skipping
Refreshing native plugins compatible for Editor in 5.43 ms, found 3 plugins.
Preloading 0 native plugins for Editor in 0.00 ms.
Unloading 5060 Unused Serialized files (Serialized files now loaded: 0)
Unloading 28 unused Assets / (0.7 MB). Loaded Objects now: 5759.
Memory consumption went from 194.8 MB to 194.1 MB.
Total: 6.895200 ms (FindLiveObjects: 1.007500 ms CreateObjectMapping: 1.152700 ms MarkObjects: 4.240000 ms  DeleteObjects: 0.492800 ms)

AssetImportParameters requested are different than current active one (requested -> active):
  custom:video-decoder-ogg-theora: a1e56fd34408186e4bbccfd4996cb3dc -> 
  custom:container-muxer-webm: aa71ff27fc2769a1b78a27578f13a17b -> 
  custom:container-demuxer-webm: 4f35f7cbe854078d1ac9338744f61a02 -> 
  custom:video-encoder-webm-vp8: eb34c28f22e8b96e1ab97ce403110664 -> 
  custom:audio-encoder-webm-vorbis: bf7c407c2cedff20999df2af8eb42d56 -> 
  custom:framework-win-MediaFoundation: 216162199b28c13a410421893ffa2e32 -> 
  custom:container-demuxer-ogg: 62fdf1f143b41e24485cea50d1cbac27 -> 
  custom:video-decoder-webm-vp8: 9c59270c3fd7afecdb556c50c9e8de78 -> 
  custom:audio-decoder-ogg-vorbis: bf7c407c2cedff20999df2af8eb42d56 -> 
========================================================================
Received Prepare
Registering precompiled user dll's ...
Registered in 0.008649 seconds.
Begin MonoManager ReloadAssembly
Symbol file LoadedFromMemory doesn't match image C:\Users\ttvni\Documents\GitHub\Assignment_3\Assignment3\Library\PackageCache\com.unity.visualscripting@1.7.8\Editor\VisualScripting.Core\Dependencies\YamlDotNet\Unity.VisualScripting.YamlDotNet.dll
Symbol file LoadedFromMemory doesn't match image C:\Users\ttvni\Documents\GitHub\Assignment_3\Assignment3\Library\PackageCache\com.unity.visualscripting@1.7.8\Editor\VisualScripting.Core\Dependencies\DotNetZip\Unity.VisualScripting.IonicZip.dll
Native extension for WindowsStandalone target not found
Refreshing native plugins compatible for Editor in 1.20 ms, found 3 plugins.
Preloading 0 native plugins for Editor in 0.00 ms.
Mono: successfully reloaded assembly
- Completed reload, in  1.199 seconds
Domain Reload Profiling:
	ReloadAssembly (1200ms)
		BeginReloadAssembly (152ms)
			ExecutionOrderSort (0ms)
			DisableScriptedObjects (5ms)
			BackupInstance (0ms)
			ReleaseScriptingObjects (0ms)
			CreateAndSetChildDomain (35ms)
		EndReloadAssembly (942ms)
			LoadAssemblies (107ms)
			RebuildTransferFunctionScriptingTraits (0ms)
			SetupTypeCache (285ms)
			ReleaseScriptCaches (2ms)
			RebuildScriptCaches (48ms)
			SetupLoadedEditorAssemblies (460ms)
				LogAssemblyErrors (0ms)
				InitializePlatformSupportModulesInManaged (11ms)
				SetLoadedEditorAssemblies (1ms)
				RefreshPlugins (1ms)
				BeforeProcessingInitializeOnLoad (87ms)
				ProcessInitializeOnLoadAttributes (266ms)
				ProcessInitializeOnLoadMethodAttributes (87ms)
				AfterProcessingInitializeOnLoad (5ms)
				EditorAssembliesLoaded (0ms)
			ExecutionOrderSort2 (0ms)
			AwakeInstancesAfterBackupRestoration (16ms)
Platform modules already initialized, skipping
Refreshing native plugins compatible for Editor in 3.97 ms, found 3 plugins.
Preloading 0 native plugins for Editor in 0.00 ms.
Unloading 5060 Unused Serialized files (Serialized files now loaded: 0)
Unloading 28 unused Assets / (0.7 MB). Loaded Objects now: 5774.
Memory consumption went from 194.8 MB to 194.1 MB.
Total: 5.182200 ms (FindLiveObjects: 0.635800 ms CreateObjectMapping: 0.157100 ms MarkObjects: 3.926000 ms  DeleteObjects: 0.462100 ms)

AssetImportParameters requested are different than current active one (requested -> active):
  custom:video-decoder-ogg-theora: a1e56fd34408186e4bbccfd4996cb3dc -> 
  custom:container-muxer-webm: aa71ff27fc2769a1b78a27578f13a17b -> 
  custom:container-demuxer-webm: 4f35f7cbe854078d1ac9338744f61a02 -> 
  custom:video-encoder-webm-vp8: eb34c28f22e8b96e1ab97ce403110664 -> 
  custom:audio-encoder-webm-vorbis: bf7c407c2cedff20999df2af8eb42d56 -> 
  custom:framework-win-MediaFoundation: 216162199b28c13a410421893ffa2e32 -> 
  custom:container-demuxer-ogg: 62fdf1f143b41e24485cea50d1cbac27 -> 
  custom:video-decoder-webm-vp8: 9c59270c3fd7afecdb556c50c9e8de78 -> 
  custom:audio-decoder-ogg-vorbis: bf7c407c2cedff20999df2af8eb42d56 -> 
========================================================================
Received Prepare
Registering precompiled user dll's ...
Registered in 0.008763 seconds.
Begin MonoManager ReloadAssembly
Symbol file LoadedFromMemory doesn't match image C:\Users\ttvni\Documents\GitHub\Assignment_3\Assignment3\Library\PackageCache\com.unity.visualscripting@1.7.8\Editor\VisualScripting.Core\Dependencies\YamlDotNet\Unity.VisualScripting.YamlDotNet.dll
Symbol file LoadedFromMemory doesn't match image C:\Users\ttvni\Documents\GitHub\Assignment_3\Assignment3\Library\PackageCache\com.unity.visualscripting@1.7.8\Editor\VisualScripting.Core\Dependencies\DotNetZip\Unity.VisualScripting.IonicZip.dll
Native extension for WindowsStandalone target not found
Refreshing native plugins compatible for Editor in 1.17 ms, found 3 plugins.
Preloading 0 native plugins for Editor in 0.00 ms.
Mono: successfully reloaded assembly
- Completed reload, in  1.129 seconds
Domain Reload Profiling:
	ReloadAssembly (1130ms)
		BeginReloadAssembly (128ms)
			ExecutionOrderSort (0ms)
			DisableScriptedObjects (4ms)
			BackupInstance (0ms)
			ReleaseScriptingObjects (0ms)
			CreateAndSetChildDomain (31ms)
		EndReloadAssembly (915ms)
			LoadAssemblies (94ms)
			RebuildTransferFunctionScriptingTraits (0ms)
			SetupTypeCache (265ms)
			ReleaseScriptCaches (2ms)
			RebuildScriptCaches (49ms)
			SetupLoadedEditorAssemblies (455ms)
				LogAssemblyErrors (0ms)
				InitializePlatformSupportModulesInManaged (12ms)
				SetLoadedEditorAssemblies (1ms)
				RefreshPlugins (1ms)
				BeforeProcessingInitializeOnLoad (88ms)
				ProcessInitializeOnLoadAttributes (261ms)
				ProcessInitializeOnLoadMethodAttributes (87ms)
				AfterProcessingInitializeOnLoad (5ms)
				EditorAssembliesLoaded (0ms)
			ExecutionOrderSort2 (0ms)
			AwakeInstancesAfterBackupRestoration (15ms)
Platform modules already initialized, skipping
Refreshing native plugins compatible for Editor in 5.47 ms, found 3 plugins.
Preloading 0 native plugins for Editor in 0.00 ms.
Unloading 5060 Unused Serialized files (Serialized files now loaded: 0)
Unloading 28 unused Assets / (0.7 MB). Loaded Objects now: 5789.
Memory consumption went from 195.0 MB to 194.3 MB.
Total: 9.449200 ms (FindLiveObjects: 1.364800 ms CreateObjectMapping: 0.204500 ms MarkObjects: 6.634400 ms  DeleteObjects: 1.244100 ms)

AssetImportParameters requested are different than current active one (requested -> active):
  custom:video-decoder-ogg-theora: a1e56fd34408186e4bbccfd4996cb3dc -> 
  custom:container-muxer-webm: aa71ff27fc2769a1b78a27578f13a17b -> 
  custom:container-demuxer-webm: 4f35f7cbe854078d1ac9338744f61a02 -> 
  custom:video-encoder-webm-vp8: eb34c28f22e8b96e1ab97ce403110664 -> 
  custom:audio-encoder-webm-vorbis: bf7c407c2cedff20999df2af8eb42d56 -> 
  custom:framework-win-MediaFoundation: 216162199b28c13a410421893ffa2e32 -> 
  custom:container-demuxer-ogg: 62fdf1f143b41e24485cea50d1cbac27 -> 
  custom:video-decoder-webm-vp8: 9c59270c3fd7afecdb556c50c9e8de78 -> 
  custom:audio-decoder-ogg-vorbis: bf7c407c2cedff20999df2af8eb42d56 -> 
========================================================================
Received Prepare
Registering precompiled user dll's ...
Registered in 0.009072 seconds.
Begin MonoManager ReloadAssembly
Symbol file LoadedFromMemory doesn't match image C:\Users\ttvni\Documents\GitHub\Assignment_3\Assignment3\Library\PackageCache\com.unity.visualscripting@1.7.8\Editor\VisualScripting.Core\Dependencies\YamlDotNet\Unity.VisualScripting.YamlDotNet.dll
Symbol file LoadedFromMemory doesn't match image C:\Users\ttvni\Documents\GitHub\Assignment_3\Assignment3\Library\PackageCache\com.unity.visualscripting@1.7.8\Editor\VisualScripting.Core\Dependencies\DotNetZip\Unity.VisualScripting.IonicZip.dll
Native extension for WindowsStandalone target not found
Refreshing native plugins compatible for Editor in 1.42 ms, found 3 plugins.
Preloading 0 native plugins for Editor in 0.00 ms.
Mono: successfully reloaded assembly
- Completed reload, in  1.185 seconds
Domain Reload Profiling:
	ReloadAssembly (1186ms)
		BeginReloadAssembly (129ms)
			ExecutionOrderSort (0ms)
			DisableScriptedObjects (4ms)
			BackupInstance (0ms)
			ReleaseScriptingObjects (0ms)
			CreateAndSetChildDomain (32ms)
		EndReloadAssembly (971ms)
			LoadAssemblies (97ms)
			RebuildTransferFunctionScriptingTraits (0ms)
			SetupTypeCache (265ms)
			ReleaseScriptCaches (2ms)
			RebuildScriptCaches (51ms)
			SetupLoadedEditorAssemblies (507ms)
				LogAssemblyErrors (0ms)
				InitializePlatformSupportModulesInManaged (11ms)
				SetLoadedEditorAssemblies (1ms)
				RefreshPlugins (1ms)
				BeforeProcessingInitializeOnLoad (91ms)
				ProcessInitializeOnLoadAttributes (287ms)
				ProcessInitializeOnLoadMethodAttributes (111ms)
				AfterProcessingInitializeOnLoad (4ms)
				EditorAssembliesLoaded (0ms)
			ExecutionOrderSort2 (0ms)
			AwakeInstancesAfterBackupRestoration (16ms)
Platform modules already initialized, skipping
Refreshing native plugins compatible for Editor in 3.96 ms, found 3 plugins.
Preloading 0 native plugins for Editor in 0.00 ms.
Unloading 5060 Unused Serialized files (Serialized files now loaded: 0)
Unloading 28 unused Assets / (0.7 MB). Loaded Objects now: 5804.
Memory consumption went from 195.1 MB to 194.3 MB.
Total: 6.933400 ms (FindLiveObjects: 1.155900 ms CreateObjectMapping: 0.317300 ms MarkObjects: 4.697800 ms  DeleteObjects: 0.760800 ms)

AssetImportParameters requested are different than current active one (requested -> active):
  custom:video-decoder-ogg-theora: a1e56fd34408186e4bbccfd4996cb3dc -> 
  custom:container-muxer-webm: aa71ff27fc2769a1b78a27578f13a17b -> 
  custom:container-demuxer-webm: 4f35f7cbe854078d1ac9338744f61a02 -> 
  custom:video-encoder-webm-vp8: eb34c28f22e8b96e1ab97ce403110664 -> 
  custom:audio-encoder-webm-vorbis: bf7c407c2cedff20999df2af8eb42d56 -> 
  custom:framework-win-MediaFoundation: 216162199b28c13a410421893ffa2e32 -> 
  custom:container-demuxer-ogg: 62fdf1f143b41e24485cea50d1cbac27 -> 
  custom:video-decoder-webm-vp8: 9c59270c3fd7afecdb556c50c9e8de78 -> 
  custom:audio-decoder-ogg-vorbis: bf7c407c2cedff20999df2af8eb42d56 -> 
========================================================================
Received Import Request.
  Time since last request: 7255.932260 seconds.
  path: Assets/Western/Models/SM_Bld_Church_01.fbx
  artifactKey: Guid(34dcde4421f1c3f4d8017b9c37b6007c) Importer(815301076,1909f56bfc062723c751e8b465ee728b)
Start importing Assets/Western/Models/SM_Bld_Church_01.fbx using Guid(34dcde4421f1c3f4d8017b9c37b6007c) Importer(815301076,1909f56bfc062723c751e8b465ee728b)  -> (artifact id: 'bffbed07b50ad09110e5e3a0a7e1ec45') in 0.342084 seconds 
========================================================================
Received Import Request.
  Time since last request: 0.000022 seconds.
  path: Assets/Western/Models/SM_Bld_Double_Deck_02.fbx
  artifactKey: Guid(206854228b897e9428ca58bd8be50bb3) Importer(815301076,1909f56bfc062723c751e8b465ee728b)
Start importing Assets/Western/Models/SM_Bld_Double_Deck_02.fbx using Guid(206854228b897e9428ca58bd8be50bb3) Importer(815301076,1909f56bfc062723c751e8b465ee728b)  -> (artifact id: '6feb2afc29475cd995bf6559421a6002') in 0.024439 seconds 
========================================================================
Received Import Request.
  Time since last request: 0.000029 seconds.
  path: Assets/Western/Models/SM_Bld_TrainStation_Platform_01.fbx
  artifactKey: Guid(bba32133c33cd674e8dee86b29c4b5f1) Importer(815301076,1909f56bfc062723c751e8b465ee728b)
Start importing Assets/Western/Models/SM_Bld_TrainStation_Platform_01.fbx using Guid(bba32133c33cd674e8dee86b29c4b5f1) Importer(815301076,1909f56bfc062723c751e8b465ee728b)  -> (artifact id: 'f84f5252016b583032fe10e0f22c024c') in 0.026408 seconds 
========================================================================
Received Import Request.
  Time since last request: 0.000021 seconds.
  path: Assets/Western/Models/SM_Bld_Single_Roof_02.fbx
  artifactKey: Guid(c76b78d8af9487741b44da1a4b7a8aa2) Importer(815301076,1909f56bfc062723c751e8b465ee728b)
Start importing Assets/Western/Models/SM_Bld_Single_Roof_02.fbx using Guid(c76b78d8af9487741b44da1a4b7a8aa2) Importer(815301076,1909f56bfc062723c751e8b465ee728b)  -> (artifact id: '6a5733e55f0d5041a0da717986bd1231') in 0.022467 seconds 
========================================================================
Received Import Request.
  Time since last request: 0.000023 seconds.
  path: Assets/Western/Models/SM_Env_Cactus_05.fbx
  artifactKey: Guid(c3c6de4dba5c73e42af4346a78b74548) Importer(815301076,1909f56bfc062723c751e8b465ee728b)
Start importing Assets/Western/Models/SM_Env_Cactus_05.fbx using Guid(c3c6de4dba5c73e42af4346a78b74548) Importer(815301076,1909f56bfc062723c751e8b465ee728b)  -> (artifact id: 'e17cf722a869ee1e71930c856975285c') in 0.025616 seconds 
========================================================================
Received Import Request.
  Time since last request: 0.000018 seconds.
  path: Assets/Western/Models/SM_Bld_Fence_02.fbx
  artifactKey: Guid(a042ec0a6d454a54685927af61f5d46a) Importer(815301076,1909f56bfc062723c751e8b465ee728b)
Start importing Assets/Western/Models/SM_Bld_Fence_02.fbx using Guid(a042ec0a6d454a54685927af61f5d46a) Importer(815301076,1909f56bfc062723c751e8b465ee728b)  -> (artifact id: '8cfc71f0efaa74d65d5c45756809606c') in 0.025757 seconds 
========================================================================
Received Import Request.
  Time since last request: 0.000025 seconds.
  path: Assets/Western/Models/SM_Bld_Double_Front_02.fbx
  artifactKey: Guid(707d58b724284d049b0d7b8768ca7e83) Importer(815301076,1909f56bfc062723c751e8b465ee728b)
Start importing Assets/Western/Models/SM_Bld_Double_Front_02.fbx using Guid(707d58b724284d049b0d7b8768ca7e83) Importer(815301076,1909f56bfc062723c751e8b465ee728b)  -> (artifact id: 'f4b956f9d69689ca812affe63369df5d') in 0.036231 seconds 
========================================================================
Received Import Request.
  Time since last request: 0.000020 seconds.
  path: Assets/Western/Models/SM_Bld_Door_02.fbx
  artifactKey: Guid(91f7b7ca4bdd8f84790cb23aaa6fb27a) Importer(815301076,1909f56bfc062723c751e8b465ee728b)
Start importing Assets/Western/Models/SM_Bld_Door_02.fbx using Guid(91f7b7ca4bdd8f84790cb23aaa6fb27a) Importer(815301076,1909f56bfc062723c751e8b465ee728b)  -> (artifact id: 'a9f6ef544a6dc9d01ff9227737e6e710') in 0.033971 seconds 
========================================================================
Received Import Request.
  Time since last request: 0.000022 seconds.
  path: Assets/Western/Models/SM_Bld_Single_Balcony_02.fbx
  artifactKey: Guid(e0cd0326d95addc4891bbfcee2f46914) Importer(815301076,1909f56bfc062723c751e8b465ee728b)
Start importing Assets/Western/Models/SM_Bld_Single_Balcony_02.fbx using Guid(e0cd0326d95addc4891bbfcee2f46914) Importer(815301076,1909f56bfc062723c751e8b465ee728b)  -> (artifact id: '35f9ff1c046a5dda042532f0c862ce84') in 0.023682 seconds 
========================================================================
Received Import Request.
  Time since last request: 0.000078 seconds.
  path: Assets/Western/Models/SM_Bld_Double_Deck_04.fbx
  artifactKey: Guid(0e16efa18a4b0184ea0d0e691c02a175) Importer(815301076,1909f56bfc062723c751e8b465ee728b)
Start importing Assets/Western/Models/SM_Bld_Double_Deck_04.fbx using Guid(0e16efa18a4b0184ea0d0e691c02a175) Importer(815301076,1909f56bfc062723c751e8b465ee728b)  -> (artifact id: 'd303be9a180ecfc2b3f729c6beff3a96') in 0.028961 seconds 
========================================================================
Received Import Request.
  Time since last request: 0.000022 seconds.
  path: Assets/Western/Models/SM_Bld_Double_Facade_02.fbx
  artifactKey: Guid(02bac5218001a974393ff25db14c30fc) Importer(815301076,1909f56bfc062723c751e8b465ee728b)
Start importing Assets/Western/Models/SM_Bld_Double_Facade_02.fbx using Guid(02bac5218001a974393ff25db14c30fc) Importer(815301076,1909f56bfc062723c751e8b465ee728b)  -> (artifact id: '8ecd972dffc930ba385399a7d2b2c0e6') in 0.026339 seconds 
========================================================================
Received Import Request.
  Time since last request: 0.000026 seconds.
  path: Assets/Western/Models/SM_Bld_Sign_06.fbx
  artifactKey: Guid(2d701906905f1fc46b2e4f73bbbb9ef6) Importer(815301076,1909f56bfc062723c751e8b465ee728b)
Start importing Assets/Western/Models/SM_Bld_Sign_06.fbx using Guid(2d701906905f1fc46b2e4f73bbbb9ef6) Importer(815301076,1909f56bfc062723c751e8b465ee728b)  -> (artifact id: 'f1b5c9612e705c7856345680adeaa8c9') in 0.023744 seconds 
========================================================================
Received Import Request.
  Time since last request: 0.000029 seconds.
  path: Assets/Western/Models/SM_Bld_Sign_13.fbx
  artifactKey: Guid(20fb2b2761e2f1d4abddd90e206b8a87) Importer(815301076,1909f56bfc062723c751e8b465ee728b)
Start importing Assets/Western/Models/SM_Bld_Sign_13.fbx using Guid(20fb2b2761e2f1d4abddd90e206b8a87) Importer(815301076,1909f56bfc062723c751e8b465ee728b)  -> (artifact id: '871a85fd266ce89a4ac1c2016f659654') in 0.024473 seconds 
========================================================================
Received Import Request.
  Time since last request: 0.000021 seconds.
  path: Assets/Western/Models/SM_Bld_Sign_08.fbx
  artifactKey: Guid(a601a4200c69fd340827c3b7962e0a6b) Importer(815301076,1909f56bfc062723c751e8b465ee728b)
Start importing Assets/Western/Models/SM_Bld_Sign_08.fbx using Guid(a601a4200c69fd340827c3b7962e0a6b) Importer(815301076,1909f56bfc062723c751e8b465ee728b)  -> (artifact id: 'a5c48c3d47c56ff56c1e2c1d6f3016f2') in 0.022222 seconds 
========================================================================
Received Import Request.
  Time since last request: 0.000021 seconds.
  path: Assets/Western/Models/SM_Env_Butte_Base_01.fbx
  artifactKey: Guid(2557e0bb927d76745a066db6c577ee0a) Importer(815301076,1909f56bfc062723c751e8b465ee728b)
Start importing Assets/Western/Models/SM_Env_Butte_Base_01.fbx using Guid(2557e0bb927d76745a066db6c577ee0a) Importer(815301076,1909f56bfc062723c751e8b465ee728b)  -> (artifact id: 'a3b0eb642d41509552604261430371df') in 0.023651 seconds 
========================================================================
Received Import Request.
  Time since last request: 0.000022 seconds.
  path: Assets/Western/Models/SM_Bld_Double_02.fbx
  artifactKey: Guid(ec0fc87734d022946b3c7b8c01b25d25) Importer(815301076,1909f56bfc062723c751e8b465ee728b)
Start importing Assets/Western/Models/SM_Bld_Double_02.fbx using Guid(ec0fc87734d022946b3c7b8c01b25d25) Importer(815301076,1909f56bfc062723c751e8b465ee728b)  -> (artifact id: '7943f452e4540d82c200401779510073') in 0.046379 seconds 
========================================================================
Received Import Request.
  Time since last request: 0.000020 seconds.
  path: Assets/Western/Models/SM_Bld_Double_Facade_03.fbx
  artifactKey: Guid(bf1ccd165b12b38478fe6c88b40da682) Importer(815301076,1909f56bfc062723c751e8b465ee728b)
Start importing Assets/Western/Models/SM_Bld_Double_Facade_03.fbx using Guid(bf1ccd165b12b38478fe6c88b40da682) Importer(815301076,1909f56bfc062723c751e8b465ee728b)  -> (artifact id: 'aa0da090349055aec05e81f81ed9f0d7') in 0.027604 seconds 
========================================================================
Received Import Request.
  Time since last request: 0.000026 seconds.
  path: Assets/Western/Models/SM_Bld_Single_Roof_01.fbx
  artifactKey: Guid(0f0632be3fd976c4aa1753167c18983c) Importer(815301076,1909f56bfc062723c751e8b465ee728b)
Start importing Assets/Western/Models/SM_Bld_Single_Roof_01.fbx using Guid(0f0632be3fd976c4aa1753167c18983c) Importer(815301076,1909f56bfc062723c751e8b465ee728b)  -> (artifact id: '87c1553294edb4b83f0ad86ec9daf3c3') in 0.024508 seconds 
========================================================================
Received Import Request.
  Time since last request: 0.000027 seconds.
  path: Assets/Western/Models/SM_Env_Cactus_09.fbx
  artifactKey: Guid(f0b682afd76cb3e44bcbc60443bf6cc6) Importer(815301076,1909f56bfc062723c751e8b465ee728b)
Start importing Assets/Western/Models/SM_Env_Cactus_09.fbx using Guid(f0b682afd76cb3e44bcbc60443bf6cc6) Importer(815301076,1909f56bfc062723c751e8b465ee728b)  -> (artifact id: '3378ef28b4a3ad0337cb2a1fb0d960dd') in 0.024544 seconds 
========================================================================
Received Import Request.
  Time since last request: 0.000018 seconds.
  path: Assets/Western/Models/SM_Bld_Double_Balcony_01.fbx
  artifactKey: Guid(05eb4e4ad29c1b64892eda13af8623f9) Importer(815301076,1909f56bfc062723c751e8b465ee728b)
Start importing Assets/Western/Models/SM_Bld_Double_Balcony_01.fbx using Guid(05eb4e4ad29c1b64892eda13af8623f9) Importer(815301076,1909f56bfc062723c751e8b465ee728b)  -> (artifact id: 'b2443cb55021fb9d72c12c7f24acc901') in 0.026571 seconds 
========================================================================
Received Import Request.
  Time since last request: 0.000018 seconds.
  path: Assets/Western/Models/SM_Bld_Double_Front_01.fbx
  artifactKey: Guid(a8f7a0d6c0e393448a0e95b9627c23b9) Importer(815301076,1909f56bfc062723c751e8b465ee728b)
Start importing Assets/Western/Models/SM_Bld_Double_Front_01.fbx using Guid(a8f7a0d6c0e393448a0e95b9627c23b9) Importer(815301076,1909f56bfc062723c751e8b465ee728b)  -> (artifact id: '1ef45dea9ad57ffab6fdc9b3945b0407') in 0.073945 seconds 
========================================================================
Received Import Request.
  Time since last request: 0.000022 seconds.
  path: Assets/Western/Models/SM_Bld_DeckSteps_01.fbx
  artifactKey: Guid(83ace1a0d0b03c447a935de87da4f87e) Importer(815301076,1909f56bfc062723c751e8b465ee728b)
Start importing Assets/Western/Models/SM_Bld_DeckSteps_01.fbx using Guid(83ace1a0d0b03c447a935de87da4f87e) Importer(815301076,1909f56bfc062723c751e8b465ee728b)  -> (artifact id: 'a55a1d9fac6016c9e98b04bd1a582c36') in 0.024365 seconds 
========================================================================
Received Import Request.
  Time since last request: 0.000028 seconds.
  path: Assets/Western/Models/SM_Bld_Stairs_02.fbx
  artifactKey: Guid(430e999563ba364448b9c8854d1858ee) Importer(815301076,1909f56bfc062723c751e8b465ee728b)
Start importing Assets/Western/Models/SM_Bld_Stairs_02.fbx using Guid(430e999563ba364448b9c8854d1858ee) Importer(815301076,1909f56bfc062723c751e8b465ee728b)  -> (artifact id: 'f631e5f662ad6f3f25bcfadfb9a4bbcf') in 0.023683 seconds 
========================================================================
Received Import Request.
  Time since last request: 0.000031 seconds.
  path: Assets/Western/Models/SM_Bld_Sign_18.fbx
  artifactKey: Guid(e2eb7000714607b4d8d3662adab68e48) Importer(815301076,1909f56bfc062723c751e8b465ee728b)
Start importing Assets/Western/Models/SM_Bld_Sign_18.fbx using Guid(e2eb7000714607b4d8d3662adab68e48) Importer(815301076,1909f56bfc062723c751e8b465ee728b)  -> (artifact id: '612c78404ff5fc8037cf57bee08ab1d7') in 0.023765 seconds 
========================================================================
Received Import Request.
  Time since last request: 0.000018 seconds.
  path: Assets/Western/Models/SM_Env_Butte_Base_03.fbx
  artifactKey: Guid(3be5d13f243f41c4d970a0ecc4a0156e) Importer(815301076,1909f56bfc062723c751e8b465ee728b)
Start importing Assets/Western/Models/SM_Env_Butte_Base_03.fbx using Guid(3be5d13f243f41c4d970a0ecc4a0156e) Importer(815301076,1909f56bfc062723c751e8b465ee728b)  -> (artifact id: '57a189e177ef0dea739f81c39a5fbab6') in 0.023738 seconds 
========================================================================
Received Import Request.
  Time since last request: 0.000020 seconds.
  path: Assets/Western/Models/SM_Bld_Sign_03.fbx
  artifactKey: Guid(8033cc6dddc010b4f82ed073b7bd5834) Importer(815301076,1909f56bfc062723c751e8b465ee728b)
Start importing Assets/Western/Models/SM_Bld_Sign_03.fbx using Guid(8033cc6dddc010b4f82ed073b7bd5834) Importer(815301076,1909f56bfc062723c751e8b465ee728b)  -> (artifact id: 'f624fc84c254e43fc0b0a177145993cb') in 0.023619 seconds 
========================================================================
Received Import Request.
  Time since last request: 0.000020 seconds.
  path: Assets/Western/Models/SM_Env_Butte_01.fbx
  artifactKey: Guid(ff9a2bd9da6a5314f8b47d87d4f8f935) Importer(815301076,1909f56bfc062723c751e8b465ee728b)
Start importing Assets/Western/Models/SM_Env_Butte_01.fbx using Guid(ff9a2bd9da6a5314f8b47d87d4f8f935) Importer(815301076,1909f56bfc062723c751e8b465ee728b)  -> (artifact id: 'd6f54e31c55d04b5ca112965bcb4e33d') in 0.024414 seconds 
========================================================================
Received Import Request.
  Time since last request: 0.000038 seconds.
  path: Assets/Western/Models/SM_Bld_Single_Facade_02.fbx
  artifactKey: Guid(5098a57ed9d381e48aaebe93d5a542e8) Importer(815301076,1909f56bfc062723c751e8b465ee728b)
Start importing Assets/Western/Models/SM_Bld_Single_Facade_02.fbx using Guid(5098a57ed9d381e48aaebe93d5a542e8) Importer(815301076,1909f56bfc062723c751e8b465ee728b)  -> (artifact id: '6264dae3f975410033d7dea554ddcce7') in 0.024823 seconds 
========================================================================
Received Import Request.
  Time since last request: 0.000021 seconds.
  path: Assets/Western/Models/SM_Bld_TrainStation_01.fbx
  artifactKey: Guid(86dc5dbfc3d7c2347bde608d51a7d2dc) Importer(815301076,1909f56bfc062723c751e8b465ee728b)
Start importing Assets/Western/Models/SM_Bld_TrainStation_01.fbx using Guid(86dc5dbfc3d7c2347bde608d51a7d2dc) Importer(815301076,1909f56bfc062723c751e8b465ee728b)  -> (artifact id: '21600624fcd3af42adfa7f33884d2198') in 0.088294 seconds 
========================================================================
Received Import Request.
  Time since last request: 0.000036 seconds.
  path: Assets/Western/Models/SM_Bld_Sign_07.fbx
  artifactKey: Guid(bfd7df5ea9fd17d4aae216aaba645bea) Importer(815301076,1909f56bfc062723c751e8b465ee728b)
Start importing Assets/Western/Models/SM_Bld_Sign_07.fbx using Guid(bfd7df5ea9fd17d4aae216aaba645bea) Importer(815301076,1909f56bfc062723c751e8b465ee728b)  -> (artifact id: 'ef5c949c4a724a9c4443691ea2aea5f1') in 0.021459 seconds 
========================================================================
Received Import Request.
  Time since last request: 0.000029 seconds.
  path: Assets/Western/Models/SM_Bld_Double_Roof_01.fbx
  artifactKey: Guid(0d9ee32ccc3a24a43b875089ecefc490) Importer(815301076,1909f56bfc062723c751e8b465ee728b)
Start importing Assets/Western/Models/SM_Bld_Double_Roof_01.fbx using Guid(0d9ee32ccc3a24a43b875089ecefc490) Importer(815301076,1909f56bfc062723c751e8b465ee728b)  -> (artifact id: 'db5b3d69cf5db428fdabe55b3bb8521e') in 0.025837 seconds 
========================================================================
Received Import Request.
  Time since last request: 0.000021 seconds.
  path: Assets/Western/Models/SM_Bld_Stairs_03.fbx
  artifactKey: Guid(f398b52e36bd0ed4393722b7afde0fc5) Importer(815301076,1909f56bfc062723c751e8b465ee728b)
Start importing Assets/Western/Models/SM_Bld_Stairs_03.fbx using Guid(f398b52e36bd0ed4393722b7afde0fc5) Importer(815301076,1909f56bfc062723c751e8b465ee728b)  -> (artifact id: '7a911aa45f1aceca9121fbe59ddb34ae') in 0.023830 seconds 
========================================================================
Received Import Request.
  Time since last request: 0.000018 seconds.
  path: Assets/Western/Models/SM_Env_Cactus_06.fbx
  artifactKey: Guid(740a5116d3b915b40950674427205d67) Importer(815301076,1909f56bfc062723c751e8b465ee728b)
Start importing Assets/Western/Models/SM_Env_Cactus_06.fbx using Guid(740a5116d3b915b40950674427205d67) Importer(815301076,1909f56bfc062723c751e8b465ee728b)  -> (artifact id: '117ab636c4c2c4c7cb7f1a4a3f635f15') in 0.025131 seconds 
========================================================================
Received Import Request.
  Time since last request: 0.000018 seconds.
  path: Assets/Western/Models/SM_Bld_Double_Balcony_02.fbx
  artifactKey: Guid(925579801f8722642b87c43253609994) Importer(815301076,1909f56bfc062723c751e8b465ee728b)
Start importing Assets/Western/Models/SM_Bld_Double_Balcony_02.fbx using Guid(925579801f8722642b87c43253609994) Importer(815301076,1909f56bfc062723c751e8b465ee728b)  -> (artifact id: '810956c6988abe7c3ab49a2895484068') in 0.023516 seconds 
========================================================================
Received Import Request.
  Time since last request: 0.000018 seconds.
  path: Assets/Western/Models/SM_Bld_Single_BackDoor_01.fbx
  artifactKey: Guid(c42dea0156159c046a2d7d60c664b561) Importer(815301076,1909f56bfc062723c751e8b465ee728b)
Start importing Assets/Western/Models/SM_Bld_Single_BackDoor_01.fbx using Guid(c42dea0156159c046a2d7d60c664b561) Importer(815301076,1909f56bfc062723c751e8b465ee728b)  -> (artifact id: '63fa0dda3503833c4e06e018a6aacab0') in 0.036933 seconds 
========================================================================
Received Import Request.
  Time since last request: 0.000024 seconds.
  path: Assets/Western/Models/SM_Env_Cactus_02.fbx
  artifactKey: Guid(a0c7e32c8d9e8484c892634d03d90689) Importer(815301076,1909f56bfc062723c751e8b465ee728b)
Start importing Assets/Western/Models/SM_Env_Cactus_02.fbx using Guid(a0c7e32c8d9e8484c892634d03d90689) Importer(815301076,1909f56bfc062723c751e8b465ee728b)  -> (artifact id: '4509ebfd3eded20059ab6e3e588ad808') in 0.024215 seconds 
========================================================================
Received Import Request.
  Time since last request: 0.000024 seconds.
  path: Assets/Western/Models/SM_Bld_Roof_Patch_01.fbx
  artifactKey: Guid(d8487b0b6e240114093b22c1b14026fd) Importer(815301076,1909f56bfc062723c751e8b465ee728b)
Start importing Assets/Western/Models/SM_Bld_Roof_Patch_01.fbx using Guid(d8487b0b6e240114093b22c1b14026fd) Importer(815301076,1909f56bfc062723c751e8b465ee728b)  -> (artifact id: 'e390c52c843e31aaa66e6c817e9afb05') in 0.028348 seconds 
========================================================================
Received Import Request.
  Time since last request: 0.000032 seconds.
  path: Assets/Western/Models/SM_Bld_Single_Deck_03.fbx
  artifactKey: Guid(1b868f597c435d145bbb662e0cc2a5bd) Importer(815301076,1909f56bfc062723c751e8b465ee728b)
Start importing Assets/Western/Models/SM_Bld_Single_Deck_03.fbx using Guid(1b868f597c435d145bbb662e0cc2a5bd) Importer(815301076,1909f56bfc062723c751e8b465ee728b)  -> (artifact id: 'e650092a3b49c83a32787e4f53aa71c2') in 0.022477 seconds 
========================================================================
Received Import Request.
  Time since last request: 0.000025 seconds.
  path: Assets/Western/Models/SM_Env_Butte_03.fbx
  artifactKey: Guid(786d8761855e34344a66512c0f4dfd88) Importer(815301076,1909f56bfc062723c751e8b465ee728b)
Start importing Assets/Western/Models/SM_Env_Butte_03.fbx using Guid(786d8761855e34344a66512c0f4dfd88) Importer(815301076,1909f56bfc062723c751e8b465ee728b)  -> (artifact id: '9a72ee80b8b339dc450895fec565b665') in 0.025741 seconds 
========================================================================
Received Import Request.
  Time since last request: 0.000022 seconds.
  path: Assets/Western/Models/SM_Env_BackgroundCard_02.fbx
  artifactKey: Guid(b37c3d62017fb0049819d162de7d9c0c) Importer(815301076,1909f56bfc062723c751e8b465ee728b)
Start importing Assets/Western/Models/SM_Env_BackgroundCard_02.fbx using Guid(b37c3d62017fb0049819d162de7d9c0c) Importer(815301076,1909f56bfc062723c751e8b465ee728b)  -> (artifact id: 'b8ca51fa7e6ab6f9577f275cacc59ad5') in 0.024221 seconds 
========================================================================
Received Import Request.
  Time since last request: 0.000029 seconds.
  path: Assets/Western/Models/SM_Bld_Double_Balcony_Stairs_01.fbx
  artifactKey: Guid(cf1e04c644257db4e8ded46f025bc070) Importer(815301076,1909f56bfc062723c751e8b465ee728b)
Start importing Assets/Western/Models/SM_Bld_Double_Balcony_Stairs_01.fbx using Guid(cf1e04c644257db4e8ded46f025bc070) Importer(815301076,1909f56bfc062723c751e8b465ee728b)  -> (artifact id: '75fdea1a83060cdc3a3a1c934f153828') in 0.028599 seconds 
========================================================================
Received Import Request.
  Time since last request: 0.000021 seconds.
  path: Assets/Western/Models/SM_Bld_Double_DeckCover_01.fbx
  artifactKey: Guid(f1336e5675b86324b91e84c8307ba2ec) Importer(815301076,1909f56bfc062723c751e8b465ee728b)
Start importing Assets/Western/Models/SM_Bld_Double_DeckCover_01.fbx using Guid(f1336e5675b86324b91e84c8307ba2ec) Importer(815301076,1909f56bfc062723c751e8b465ee728b)  -> (artifact id: '6200cd57290675876e21de83fc2ad741') in 0.025597 seconds 
========================================================================
Received Import Request.
  Time since last request: 0.000025 seconds.
  path: Assets/Western/Models/SM_Bld_Double_01.fbx
  artifactKey: Guid(3f8c206541bc2034a8db237be8071000) Importer(815301076,1909f56bfc062723c751e8b465ee728b)
Start importing Assets/Western/Models/SM_Bld_Double_01.fbx using Guid(3f8c206541bc2034a8db237be8071000) Importer(815301076,1909f56bfc062723c751e8b465ee728b)  -> (artifact id: 'bfe2f35ca6d9b7d45fbccd732170143b') in 0.056728 seconds 
========================================================================
Received Import Request.
  Time since last request: 0.000032 seconds.
  path: Assets/Western/Models/SM_Bld_Sign_04.fbx
  artifactKey: Guid(542709d804ebf824badf7ddce1a1bb0f) Importer(815301076,1909f56bfc062723c751e8b465ee728b)
Start importing Assets/Western/Models/SM_Bld_Sign_04.fbx using Guid(542709d804ebf824badf7ddce1a1bb0f) Importer(815301076,1909f56bfc062723c751e8b465ee728b)  -> (artifact id: '3314261370989a023dd8058922d32f14') in 0.024624 seconds 
========================================================================
Received Import Request.
  Time since last request: 0.000043 seconds.
  path: Assets/Western/Models/SM_Bld_Large_01.fbx
  artifactKey: Guid(fa579352358ad7a41b98d636af80f0ee) Importer(815301076,1909f56bfc062723c751e8b465ee728b)
Start importing Assets/Western/Models/SM_Bld_Large_01.fbx using Guid(fa579352358ad7a41b98d636af80f0ee) Importer(815301076,1909f56bfc062723c751e8b465ee728b)  -> (artifact id: '21fa6a9246ea35294a4e2ed16dd1faeb') in 0.049322 seconds 
========================================================================
Received Import Request.
  Time since last request: 0.000031 seconds.
  path: Assets/Western/Models/SM_Bld_Double_Roof_02.fbx
  artifactKey: Guid(dff1738503200f042a965b2182e675ae) Importer(815301076,1909f56bfc062723c751e8b465ee728b)
Start importing Assets/Western/Models/SM_Bld_Double_Roof_02.fbx using Guid(dff1738503200f042a965b2182e675ae) Importer(815301076,1909f56bfc062723c751e8b465ee728b)  -> (artifact id: 'e6ed616f9b271bf11dbb8198f6497732') in 0.025020 seconds 
========================================================================
Received Import Request.
  Time since last request: 0.000016 seconds.
  path: Assets/Western/Models/SM_Bld_Outhouse_01.fbx
  artifactKey: Guid(be0c14e67c7a7f44db86f1f2e59788d3) Importer(815301076,1909f56bfc062723c751e8b465ee728b)
Start importing Assets/Western/Models/SM_Bld_Outhouse_01.fbx using Guid(be0c14e67c7a7f44db86f1f2e59788d3) Importer(815301076,1909f56bfc062723c751e8b465ee728b)  -> (artifact id: '78412eea1156c9fbde83a5099cc01c1c') in 0.036759 seconds 
========================================================================
Received Import Request.
  Time since last request: 0.000030 seconds.
  path: Assets/Western/Models/SM_Bld_Sign_10.fbx
  artifactKey: Guid(db410bca5752577469d1853bbd46996b) Importer(815301076,1909f56bfc062723c751e8b465ee728b)
Start importing Assets/Western/Models/SM_Bld_Sign_10.fbx using Guid(db410bca5752577469d1853bbd46996b) Importer(815301076,1909f56bfc062723c751e8b465ee728b)  -> (artifact id: '6a88259cc3af0e24ed76b1a84d4033d6') in 0.024232 seconds 
========================================================================
Received Import Request.
  Time since last request: 0.000020 seconds.
  path: Assets/Western/Models/SM_Bld_Single_Facade_01.fbx
  artifactKey: Guid(5378c733a0321e441b456c5d7de4c5c5) Importer(815301076,1909f56bfc062723c751e8b465ee728b)
Start importing Assets/Western/Models/SM_Bld_Single_Facade_01.fbx using Guid(5378c733a0321e441b456c5d7de4c5c5) Importer(815301076,1909f56bfc062723c751e8b465ee728b)  -> (artifact id: '003c617aaf1bebff6d7583bdd32906a4') in 0.024288 seconds 
========================================================================
Received Import Request.
  Time since last request: 0.000022 seconds.
  path: Assets/Western/Models/SM_Bld_Single_Front_03.fbx
  artifactKey: Guid(0dae0f4b1539b8049ba25d590991c557) Importer(815301076,1909f56bfc062723c751e8b465ee728b)
Start importing Assets/Western/Models/SM_Bld_Single_Front_03.fbx using Guid(0dae0f4b1539b8049ba25d590991c557) Importer(815301076,1909f56bfc062723c751e8b465ee728b)  -> (artifact id: 'ae19bf40b4f3903c12008d188cd8fa08') in 0.055439 seconds 
========================================================================
Received Import Request.
  Time since last request: 0.000026 seconds.
  path: Assets/Western/Models/SM_Env_Butte_02.fbx
  artifactKey: Guid(75498dfc07b9de24086482658b710f85) Importer(815301076,1909f56bfc062723c751e8b465ee728b)
Start importing Assets/Western/Models/SM_Env_Butte_02.fbx using Guid(75498dfc07b9de24086482658b710f85) Importer(815301076,1909f56bfc062723c751e8b465ee728b)  -> (artifact id: 'ed59b4d2e941cad4e5ff19aa9ef69aad') in 0.024067 seconds 
========================================================================
Received Import Request.
  Time since last request: 0.000031 seconds.
  path: Assets/Western/Models/SM_Bld_Sign_01.fbx
  artifactKey: Guid(4d1bb3c1a8b8cca45b03c89a43367dd0) Importer(815301076,1909f56bfc062723c751e8b465ee728b)
Start importing Assets/Western/Models/SM_Bld_Sign_01.fbx using Guid(4d1bb3c1a8b8cca45b03c89a43367dd0) Importer(815301076,1909f56bfc062723c751e8b465ee728b)  -> (artifact id: '920074983f88e268e817b0440143a6d4') in 0.021843 seconds 
Editor requested this worker to shutdown with reason: Scaling down because of idle timeout
AssetImportWorker is now disconnected from the server
Process exiting
Exiting without the bug reporter. Application will terminate with return code 0