Using pre-set license
Built from '2021.3/staging' branch; Version is '2021.3.5f1 (40eb3a945986) revision 4254522'; Using compiler version '192829333'; Build Type 'Release'
OS: 'Windows 10  (10.0.19045) 64bit Professional' Language: 'en' Physical Memory: 32693 MB
BatchMode: 1, IsHumanControllingUs: 0, StartBugReporterOnCrash: 0, Is64bit: 1, IsPro: 1

COMMAND LINE ARGUMENTS:
D:\unity\2021.3.5f1\Editor\Unity.exe
-adb2
-batchMode
-noUpm
-name
AssetImportWorker1
-projectPath
C:/Users/ttvni/Documents/GitHub/Assignment_3/Assignment3
-logFile
Logs/AssetImportWorker1.log
-srvPort
58614
Successfully changed project path to: C:/Users/ttvni/Documents/GitHub/Assignment_3/Assignment3
C:/Users/ttvni/Documents/GitHub/Assignment_3/Assignment3
[UnityMemory] Configuration Parameters - Can be set up in boot.config
    "memorysetup-bucket-allocator-granularity=16"
    "memorysetup-bucket-allocator-bucket-count=8"
    "memorysetup-bucket-allocator-block-size=33554432"
    "memorysetup-bucket-allocator-block-count=8"
    "memorysetup-main-allocator-block-size=16777216"
    "memorysetup-thread-allocator-block-size=16777216"
    "memorysetup-gfx-main-allocator-block-size=16777216"
    "memorysetup-gfx-thread-allocator-block-size=16777216"
    "memorysetup-cache-allocator-block-size=4194304"
    "memorysetup-typetree-allocator-block-size=2097152"
    "memorysetup-profiler-bucket-allocator-granularity=16"
    "memorysetup-profiler-bucket-allocator-bucket-count=8"
    "memorysetup-profiler-bucket-allocator-block-size=33554432"
    "memorysetup-profiler-bucket-allocator-block-count=8"
    "memorysetup-profiler-allocator-block-size=16777216"
    "memorysetup-profiler-editor-allocator-block-size=1048576"
    "memorysetup-temp-allocator-size-main=16777216"
    "memorysetup-job-temp-allocator-block-size=2097152"
    "memorysetup-job-temp-allocator-block-size-background=1048576"
    "memorysetup-job-temp-allocator-reduction-small-platforms=262144"
    "memorysetup-temp-allocator-size-background-worker=32768"
    "memorysetup-temp-allocator-size-job-worker=262144"
    "memorysetup-temp-allocator-size-preload-manager=33554432"
    "memorysetup-temp-allocator-size-nav-mesh-worker=65536"
    "memorysetup-temp-allocator-size-audio-worker=65536"
    "memorysetup-temp-allocator-size-cloud-worker=32768"
    "memorysetup-temp-allocator-size-gi-baking-worker=262144"
    "memorysetup-temp-allocator-size-gfx=262144"
Refreshing native plugins compatible for Editor in 113.07 ms, found 3 plugins.
Preloading 0 native plugins for Editor in 0.00 ms.
Initialize engine version: 2021.3.5f1 (40eb3a945986)
[Subsystems] Discovering subsystems at path D:/unity/2021.3.5f1/Editor/Data/Resources/UnitySubsystems
[Subsystems] Discovering subsystems at path C:/Users/ttvni/Documents/GitHub/Assignment_3/Assignment3/Assets
GfxDevice: creating device client; threaded=0; jobified=0
Direct3D:
    Version:  Direct3D 11.0 [level 11.1]
    Renderer: NVIDIA GeForce RTX 2070 SUPER (ID=0x1e84)
    Vendor:   NVIDIA
    VRAM:     7989 MB
    Driver:   32.0.15.7283
Initialize mono
Mono path[0] = 'D:/unity/2021.3.5f1/Editor/Data/Managed'
Mono path[1] = 'D:/unity/2021.3.5f1/Editor/Data/MonoBleedingEdge/lib/mono/unityjit-win32'
Mono config path = 'D:/unity/2021.3.5f1/Editor/Data/MonoBleedingEdge/etc'
Using monoOptions --debugger-agent=transport=dt_socket,embedding=1,server=y,suspend=n,address=127.0.0.1:56200
Begin MonoManager ReloadAssembly
Registering precompiled unity dll's ...
Register platform support module: D:/unity/2021.3.5f1/Editor/Data/PlaybackEngines/WindowsStandaloneSupport/UnityEditor.WindowsStandalone.Extensions.dll
Registered in 0.003793 seconds.
Native extension for WindowsStandalone target not found
Refreshing native plugins compatible for Editor in 106.35 ms, found 3 plugins.
Preloading 0 native plugins for Editor in 0.00 ms.
Mono: successfully reloaded assembly
- Completed reload, in  0.615 seconds
Domain Reload Profiling:
	ReloadAssembly (615ms)
		BeginReloadAssembly (83ms)
			ExecutionOrderSort (0ms)
			DisableScriptedObjects (0ms)
			BackupInstance (0ms)
			ReleaseScriptingObjects (0ms)
			CreateAndSetChildDomain (1ms)
		EndReloadAssembly (427ms)
			LoadAssemblies (82ms)
			RebuildTransferFunctionScriptingTraits (0ms)
			SetupTypeCache (87ms)
			ReleaseScriptCaches (0ms)
			RebuildScriptCaches (21ms)
			SetupLoadedEditorAssemblies (275ms)
				LogAssemblyErrors (0ms)
				InitializePlatformSupportModulesInManaged (6ms)
				SetLoadedEditorAssemblies (0ms)
				RefreshPlugins (106ms)
				BeforeProcessingInitializeOnLoad (1ms)
				ProcessInitializeOnLoadAttributes (112ms)
				ProcessInitializeOnLoadMethodAttributes (48ms)
				AfterProcessingInitializeOnLoad (0ms)
				EditorAssembliesLoaded (0ms)
			ExecutionOrderSort2 (0ms)
			AwakeInstancesAfterBackupRestoration (0ms)
Platform modules already initialized, skipping
Registering precompiled user dll's ...
Registered in 0.008681 seconds.
Begin MonoManager ReloadAssembly
Symbol file LoadedFromMemory doesn't match image C:\Users\ttvni\Documents\GitHub\Assignment_3\Assignment3\Library\PackageCache\com.unity.visualscripting@1.7.8\Editor\VisualScripting.Core\Dependencies\YamlDotNet\Unity.VisualScripting.YamlDotNet.dll
Symbol file LoadedFromMemory doesn't match image C:\Users\ttvni\Documents\GitHub\Assignment_3\Assignment3\Library\PackageCache\com.unity.visualscripting@1.7.8\Editor\VisualScripting.Core\Dependencies\DotNetZip\Unity.VisualScripting.IonicZip.dll
Native extension for WindowsStandalone target not found
Refreshing native plugins compatible for Editor in 103.39 ms, found 3 plugins.
Preloading 0 native plugins for Editor in 0.00 ms.
Mono: successfully reloaded assembly
- Completed reload, in  1.185 seconds
Domain Reload Profiling:
	ReloadAssembly (1186ms)
		BeginReloadAssembly (111ms)
			ExecutionOrderSort (0ms)
			DisableScriptedObjects (5ms)
			BackupInstance (0ms)
			ReleaseScriptingObjects (0ms)
			CreateAndSetChildDomain (17ms)
		EndReloadAssembly (970ms)
			LoadAssemblies (96ms)
			RebuildTransferFunctionScriptingTraits (0ms)
			SetupTypeCache (238ms)
			ReleaseScriptCaches (1ms)
			RebuildScriptCaches (53ms)
			SetupLoadedEditorAssemblies (558ms)
				LogAssemblyErrors (0ms)
				InitializePlatformSupportModulesInManaged (3ms)
				SetLoadedEditorAssemblies (0ms)
				RefreshPlugins (103ms)
				BeforeProcessingInitializeOnLoad (96ms)
				ProcessInitializeOnLoadAttributes (275ms)
				ProcessInitializeOnLoadMethodAttributes (77ms)
				AfterProcessingInitializeOnLoad (3ms)
				EditorAssembliesLoaded (0ms)
			ExecutionOrderSort2 (0ms)
			AwakeInstancesAfterBackupRestoration (5ms)
Platform modules already initialized, skipping
========================================================================
Worker process is ready to serve import requests
Launched and connected shader compiler UnityShaderCompiler.exe after 0.04 seconds
Refreshing native plugins compatible for Editor in 1.52 ms, found 3 plugins.
Preloading 0 native plugins for Editor in 0.00 ms.
Unloading 5183 Unused Serialized files (Serialized files now loaded: 0)
Unloading 47 unused Assets / (0.8 MB). Loaded Objects now: 5637.
Memory consumption went from 202.9 MB to 202.1 MB.
Total: 4.653900 ms (FindLiveObjects: 0.638000 ms CreateObjectMapping: 0.171100 ms MarkObjects: 3.437800 ms  DeleteObjects: 0.405900 ms)

AssetImportParameters requested are different than current active one (requested -> active):
  custom:video-decoder-ogg-theora: a1e56fd34408186e4bbccfd4996cb3dc -> 
  custom:container-muxer-webm: aa71ff27fc2769a1b78a27578f13a17b -> 
  custom:container-demuxer-webm: 4f35f7cbe854078d1ac9338744f61a02 -> 
  custom:video-encoder-webm-vp8: eb34c28f22e8b96e1ab97ce403110664 -> 
  custom:audio-encoder-webm-vorbis: bf7c407c2cedff20999df2af8eb42d56 -> 
  custom:framework-win-MediaFoundation: 216162199b28c13a410421893ffa2e32 -> 
  custom:container-demuxer-ogg: 62fdf1f143b41e24485cea50d1cbac27 -> 
  custom:video-decoder-webm-vp8: 9c59270c3fd7afecdb556c50c9e8de78 -> 
  custom:audio-decoder-ogg-vorbis: bf7c407c2cedff20999df2af8eb42d56 -> 
========================================================================
Received Import Request.
  Time since last request: 621722.782790 seconds.
  path: Assets/bullet.prefab
  artifactKey: Guid(c66a97450a478ae4bbf1efbf3e0bb033) Importer(815301076,1909f56bfc062723c751e8b465ee728b)
Start importing Assets/bullet.prefab using Guid(c66a97450a478ae4bbf1efbf3e0bb033) Importer(815301076,1909f56bfc062723c751e8b465ee728b)  -> (artifact id: 'a75dff490c41532ec1b4ae2c24e24599') in 0.316045 seconds 
========================================================================
Received Import Request.
  Time since last request: 31.240352 seconds.
  path: Assets/Western/Models/CollisionConvex/SM_Prop_Barrel_01_Convex 1.asset
  artifactKey: Guid(1cb91b3841210914097abd9a57d25f93) Importer(815301076,1909f56bfc062723c751e8b465ee728b)
Start importing Assets/Western/Models/CollisionConvex/SM_Prop_Barrel_01_Convex 1.asset using Guid(1cb91b3841210914097abd9a57d25f93) Importer(815301076,1909f56bfc062723c751e8b465ee728b)  -> (artifact id: '7587468771a77fc324ce449905e7eb6c') in 0.048910 seconds 
========================================================================
Received Import Request.
  Time since last request: 0.000028 seconds.
  path: Assets/Western/Models/CollisionConvex/SM_Prop_Barrel_Half_01_Convex.asset
  artifactKey: Guid(8229904871e6ec548aeae06ebe52afd2) Importer(815301076,1909f56bfc062723c751e8b465ee728b)
Start importing Assets/Western/Models/CollisionConvex/SM_Prop_Barrel_Half_01_Convex.asset using Guid(8229904871e6ec548aeae06ebe52afd2) Importer(815301076,1909f56bfc062723c751e8b465ee728b)  -> (artifact id: 'd68abd037fb989374221ca989f9594d8') in 0.016287 seconds 
========================================================================
Received Import Request.
  Time since last request: 0.000027 seconds.
  path: Assets/Western/Models/CollisionConvex/SM_Prop_Barrel_Broken_02_Convex.asset
  artifactKey: Guid(e2f4bb9a79bfbb048b9bdf247838f7b6) Importer(815301076,1909f56bfc062723c751e8b465ee728b)
Start importing Assets/Western/Models/CollisionConvex/SM_Prop_Barrel_Broken_02_Convex.asset using Guid(e2f4bb9a79bfbb048b9bdf247838f7b6) Importer(815301076,1909f56bfc062723c751e8b465ee728b)  -> (artifact id: '572504e7ec219db03b575b0f77b97ec8') in 0.021240 seconds 
========================================================================
Received Import Request.
  Time since last request: 0.000022 seconds.
  path: Assets/Western/Models/CollisionConvex/SM_Prop_Barrel_Broken_03_Convex.asset
  artifactKey: Guid(a7becf496a500c34485cc153397cfb2b) Importer(815301076,1909f56bfc062723c751e8b465ee728b)
Start importing Assets/Western/Models/CollisionConvex/SM_Prop_Barrel_Broken_03_Convex.asset using Guid(a7becf496a500c34485cc153397cfb2b) Importer(815301076,1909f56bfc062723c751e8b465ee728b)  -> (artifact id: '048ca43405c86fe8c78ee44897951e70') in 0.017755 seconds 
========================================================================
Received Import Request.
  Time since last request: 0.000020 seconds.
  path: Assets/Western/Models/CollisionConvex/SM_Prop_Barrel_Half_01_Convex 1.asset
  artifactKey: Guid(ecb5bfc0abb636144ac4b998f1cf3f53) Importer(815301076,1909f56bfc062723c751e8b465ee728b)
Start importing Assets/Western/Models/CollisionConvex/SM_Prop_Barrel_Half_01_Convex 1.asset using Guid(ecb5bfc0abb636144ac4b998f1cf3f53) Importer(815301076,1909f56bfc062723c751e8b465ee728b)  -> (artifact id: '4b3b59bf0da542f9cae209293c89aea1') in 0.021182 seconds 
========================================================================
Received Import Request.
  Time since last request: 0.000021 seconds.
  path: Assets/Western/Models/CollisionConvex/SM_Prop_Barrel_02_Convex.asset
  artifactKey: Guid(83841b6ced339054287ec88e8d603c21) Importer(815301076,1909f56bfc062723c751e8b465ee728b)
Start importing Assets/Western/Models/CollisionConvex/SM_Prop_Barrel_02_Convex.asset using Guid(83841b6ced339054287ec88e8d603c21) Importer(815301076,1909f56bfc062723c751e8b465ee728b)  -> (artifact id: '057cd1e69b7bd702cde4179e6256e1bc') in 0.018813 seconds 
Editor requested this worker to shutdown with reason: Scaling down because of idle timeout
AssetImportWorker is now disconnected from the server
Process exiting
Exiting without the bug reporter. Application will terminate with return code 0