Using pre-set license
Built from '2021.3/staging' branch; Version is '2021.3.5f1 (40eb3a945986) revision 4254522'; Using compiler version '192829333'; Build Type 'Release'
OS: 'Windows 10  (10.0.19045) 64bit Professional' Language: 'en' Physical Memory: 32693 MB
BatchMode: 1, IsHumanControllingUs: 0, StartBugReporterOnCrash: 0, Is64bit: 1, IsPro: 1

COMMAND LINE ARGUMENTS:
D:\unity\2021.3.5f1\Editor\Unity.exe
-adb2
-batchMode
-noUpm
-name
AssetImportWorker0
-projectPath
C:/Users/ttvni/Documents/GitHub/Assignment_3/Assignment3
-logFile
Logs/AssetImportWorker0.log
-srvPort
52944
Successfully changed project path to: C:/Users/ttvni/Documents/GitHub/Assignment_3/Assignment3
C:/Users/ttvni/Documents/GitHub/Assignment_3/Assignment3
[UnityMemory] Configuration Parameters - Can be set up in boot.config
    "memorysetup-bucket-allocator-granularity=16"
    "memorysetup-bucket-allocator-bucket-count=8"
    "memorysetup-bucket-allocator-block-size=33554432"
    "memorysetup-bucket-allocator-block-count=8"
    "memorysetup-main-allocator-block-size=16777216"
    "memorysetup-thread-allocator-block-size=16777216"
    "memorysetup-gfx-main-allocator-block-size=16777216"
    "memorysetup-gfx-thread-allocator-block-size=16777216"
    "memorysetup-cache-allocator-block-size=4194304"
    "memorysetup-typetree-allocator-block-size=2097152"
    "memorysetup-profiler-bucket-allocator-granularity=16"
    "memorysetup-profiler-bucket-allocator-bucket-count=8"
    "memorysetup-profiler-bucket-allocator-block-size=33554432"
    "memorysetup-profiler-bucket-allocator-block-count=8"
    "memorysetup-profiler-allocator-block-size=16777216"
    "memorysetup-profiler-editor-allocator-block-size=1048576"
    "memorysetup-temp-allocator-size-main=16777216"
    "memorysetup-job-temp-allocator-block-size=2097152"
    "memorysetup-job-temp-allocator-block-size-background=1048576"
    "memorysetup-job-temp-allocator-reduction-small-platforms=262144"
    "memorysetup-temp-allocator-size-background-worker=32768"
    "memorysetup-temp-allocator-size-job-worker=262144"
    "memorysetup-temp-allocator-size-preload-manager=33554432"
    "memorysetup-temp-allocator-size-nav-mesh-worker=65536"
    "memorysetup-temp-allocator-size-audio-worker=65536"
    "memorysetup-temp-allocator-size-cloud-worker=32768"
    "memorysetup-temp-allocator-size-gi-baking-worker=262144"
    "memorysetup-temp-allocator-size-gfx=262144"
Refreshing native plugins compatible for Editor in 99.66 ms, found 3 plugins.
Preloading 0 native plugins for Editor in 0.00 ms.
Initialize engine version: 2021.3.5f1 (40eb3a945986)
[Subsystems] Discovering subsystems at path D:/unity/2021.3.5f1/Editor/Data/Resources/UnitySubsystems
[Subsystems] Discovering subsystems at path C:/Users/ttvni/Documents/GitHub/Assignment_3/Assignment3/Assets
GfxDevice: creating device client; threaded=0; jobified=0
Direct3D:
    Version:  Direct3D 11.0 [level 11.1]
    Renderer: NVIDIA GeForce RTX 2070 SUPER (ID=0x1e84)
    Vendor:   NVIDIA
    VRAM:     7989 MB
    Driver:   32.0.15.7283
Initialize mono
Mono path[0] = 'D:/unity/2021.3.5f1/Editor/Data/Managed'
Mono path[1] = 'D:/unity/2021.3.5f1/Editor/Data/MonoBleedingEdge/lib/mono/unityjit-win32'
Mono config path = 'D:/unity/2021.3.5f1/Editor/Data/MonoBleedingEdge/etc'
Using monoOptions --debugger-agent=transport=dt_socket,embedding=1,server=y,suspend=n,address=127.0.0.1:56324
Begin MonoManager ReloadAssembly
Registering precompiled unity dll's ...
Register platform support module: D:/unity/2021.3.5f1/Editor/Data/PlaybackEngines/WindowsStandaloneSupport/UnityEditor.WindowsStandalone.Extensions.dll
Registered in 0.003336 seconds.
Native extension for WindowsStandalone target not found
Refreshing native plugins compatible for Editor in 110.58 ms, found 3 plugins.
Preloading 0 native plugins for Editor in 0.00 ms.
Mono: successfully reloaded assembly
- Completed reload, in  0.618 seconds
Domain Reload Profiling:
	ReloadAssembly (619ms)
		BeginReloadAssembly (74ms)
			ExecutionOrderSort (0ms)
			DisableScriptedObjects (0ms)
			BackupInstance (0ms)
			ReleaseScriptingObjects (0ms)
			CreateAndSetChildDomain (1ms)
		EndReloadAssembly (448ms)
			LoadAssemblies (74ms)
			RebuildTransferFunctionScriptingTraits (0ms)
			SetupTypeCache (87ms)
			ReleaseScriptCaches (0ms)
			RebuildScriptCaches (23ms)
			SetupLoadedEditorAssemblies (292ms)
				LogAssemblyErrors (0ms)
				InitializePlatformSupportModulesInManaged (6ms)
				SetLoadedEditorAssemblies (0ms)
				RefreshPlugins (111ms)
				BeforeProcessingInitializeOnLoad (2ms)
				ProcessInitializeOnLoadAttributes (123ms)
				ProcessInitializeOnLoadMethodAttributes (50ms)
				AfterProcessingInitializeOnLoad (0ms)
				EditorAssembliesLoaded (0ms)
			ExecutionOrderSort2 (0ms)
			AwakeInstancesAfterBackupRestoration (0ms)
Platform modules already initialized, skipping
Registering precompiled user dll's ...
Registered in 0.010367 seconds.
Begin MonoManager ReloadAssembly
Symbol file LoadedFromMemory doesn't match image C:\Users\ttvni\Documents\GitHub\Assignment_3\Assignment3\Library\PackageCache\com.unity.visualscripting@1.7.8\Editor\VisualScripting.Core\Dependencies\YamlDotNet\Unity.VisualScripting.YamlDotNet.dll
Symbol file LoadedFromMemory doesn't match image C:\Users\ttvni\Documents\GitHub\Assignment_3\Assignment3\Library\PackageCache\com.unity.visualscripting@1.7.8\Editor\VisualScripting.Core\Dependencies\DotNetZip\Unity.VisualScripting.IonicZip.dll
Native extension for WindowsStandalone target not found
Refreshing native plugins compatible for Editor in 123.12 ms, found 3 plugins.
Preloading 0 native plugins for Editor in 0.00 ms.
Mono: successfully reloaded assembly
- Completed reload, in  1.390 seconds
Domain Reload Profiling:
	ReloadAssembly (1391ms)
		BeginReloadAssembly (148ms)
			ExecutionOrderSort (0ms)
			DisableScriptedObjects (6ms)
			BackupInstance (0ms)
			ReleaseScriptingObjects (0ms)
			CreateAndSetChildDomain (18ms)
		EndReloadAssembly (1112ms)
			LoadAssemblies (139ms)
			RebuildTransferFunctionScriptingTraits (0ms)
			SetupTypeCache (251ms)
			ReleaseScriptCaches (1ms)
			RebuildScriptCaches (59ms)
			SetupLoadedEditorAssemblies (666ms)
				LogAssemblyErrors (0ms)
				InitializePlatformSupportModulesInManaged (3ms)
				SetLoadedEditorAssemblies (0ms)
				RefreshPlugins (123ms)
				BeforeProcessingInitializeOnLoad (117ms)
				ProcessInitializeOnLoadAttributes (332ms)
				ProcessInitializeOnLoadMethodAttributes (86ms)
				AfterProcessingInitializeOnLoad (4ms)
				EditorAssembliesLoaded (0ms)
			ExecutionOrderSort2 (0ms)
			AwakeInstancesAfterBackupRestoration (6ms)
Platform modules already initialized, skipping
========================================================================
Worker process is ready to serve import requests
Launched and connected shader compiler UnityShaderCompiler.exe after 0.05 seconds
Refreshing native plugins compatible for Editor in 1.57 ms, found 3 plugins.
Preloading 0 native plugins for Editor in 0.00 ms.
Unloading 5186 Unused Serialized files (Serialized files now loaded: 0)
Unloading 47 unused Assets / (0.8 MB). Loaded Objects now: 5641.
Memory consumption went from 202.8 MB to 202.1 MB.
Total: 5.112700 ms (FindLiveObjects: 0.698900 ms CreateObjectMapping: 0.224100 ms MarkObjects: 3.763400 ms  DeleteObjects: 0.424800 ms)

AssetImportParameters requested are different than current active one (requested -> active):
  custom:video-decoder-ogg-theora: a1e56fd34408186e4bbccfd4996cb3dc -> 
  custom:container-muxer-webm: aa71ff27fc2769a1b78a27578f13a17b -> 
  custom:container-demuxer-webm: 4f35f7cbe854078d1ac9338744f61a02 -> 
  custom:video-encoder-webm-vp8: eb34c28f22e8b96e1ab97ce403110664 -> 
  custom:audio-encoder-webm-vorbis: bf7c407c2cedff20999df2af8eb42d56 -> 
  custom:framework-win-MediaFoundation: 216162199b28c13a410421893ffa2e32 -> 
  custom:container-demuxer-ogg: 62fdf1f143b41e24485cea50d1cbac27 -> 
  custom:video-decoder-webm-vp8: 9c59270c3fd7afecdb556c50c9e8de78 -> 
  custom:audio-decoder-ogg-vorbis: bf7c407c2cedff20999df2af8eb42d56 -> 
========================================================================
Received Import Request.
  Time since last request: 91372.172841 seconds.
  path: Assets/musicSwitch.cs
  artifactKey: Guid(b75c16a24ab70634eaa3c5ab11de487b) Importer(815301076,1909f56bfc062723c751e8b465ee728b)
Start importing Assets/musicSwitch.cs using Guid(b75c16a24ab70634eaa3c5ab11de487b) Importer(815301076,1909f56bfc062723c751e8b465ee728b)  -> (artifact id: '4198170a94a8dc95aed7b513e770fd72') in 0.120077 seconds 
========================================================================
Received Prepare
Registering precompiled user dll's ...
Registered in 0.009267 seconds.
Begin MonoManager ReloadAssembly
Symbol file LoadedFromMemory doesn't match image C:\Users\ttvni\Documents\GitHub\Assignment_3\Assignment3\Library\PackageCache\com.unity.visualscripting@1.7.8\Editor\VisualScripting.Core\Dependencies\YamlDotNet\Unity.VisualScripting.YamlDotNet.dll
Symbol file LoadedFromMemory doesn't match image C:\Users\ttvni\Documents\GitHub\Assignment_3\Assignment3\Library\PackageCache\com.unity.visualscripting@1.7.8\Editor\VisualScripting.Core\Dependencies\DotNetZip\Unity.VisualScripting.IonicZip.dll
Native extension for WindowsStandalone target not found
Refreshing native plugins compatible for Editor in 0.96 ms, found 3 plugins.
Preloading 0 native plugins for Editor in 0.00 ms.
Mono: successfully reloaded assembly
- Completed reload, in  1.029 seconds
Domain Reload Profiling:
	ReloadAssembly (1030ms)
		BeginReloadAssembly (136ms)
			ExecutionOrderSort (0ms)
			DisableScriptedObjects (4ms)
			BackupInstance (0ms)
			ReleaseScriptingObjects (0ms)
			CreateAndSetChildDomain (35ms)
		EndReloadAssembly (803ms)
			LoadAssemblies (98ms)
			RebuildTransferFunctionScriptingTraits (0ms)
			SetupTypeCache (257ms)
			ReleaseScriptCaches (2ms)
			RebuildScriptCaches (37ms)
			SetupLoadedEditorAssemblies (382ms)
				LogAssemblyErrors (0ms)
				InitializePlatformSupportModulesInManaged (10ms)
				SetLoadedEditorAssemblies (0ms)
				RefreshPlugins (1ms)
				BeforeProcessingInitializeOnLoad (73ms)
				ProcessInitializeOnLoadAttributes (221ms)
				ProcessInitializeOnLoadMethodAttributes (73ms)
				AfterProcessingInitializeOnLoad (3ms)
				EditorAssembliesLoaded (0ms)
			ExecutionOrderSort2 (0ms)
			AwakeInstancesAfterBackupRestoration (13ms)
Platform modules already initialized, skipping
Refreshing native plugins compatible for Editor in 3.78 ms, found 3 plugins.
Preloading 0 native plugins for Editor in 0.00 ms.
Unloading 5063 Unused Serialized files (Serialized files now loaded: 0)
Unloading 28 unused Assets / (0.7 MB). Loaded Objects now: 5656.
Memory consumption went from 194.7 MB to 194.0 MB.
Total: 4.665000 ms (FindLiveObjects: 0.760400 ms CreateObjectMapping: 0.155100 ms MarkObjects: 3.361800 ms  DeleteObjects: 0.386600 ms)

AssetImportParameters requested are different than current active one (requested -> active):
  custom:video-decoder-ogg-theora: a1e56fd34408186e4bbccfd4996cb3dc -> 
  custom:container-muxer-webm: aa71ff27fc2769a1b78a27578f13a17b -> 
  custom:container-demuxer-webm: 4f35f7cbe854078d1ac9338744f61a02 -> 
  custom:video-encoder-webm-vp8: eb34c28f22e8b96e1ab97ce403110664 -> 
  custom:audio-encoder-webm-vorbis: bf7c407c2cedff20999df2af8eb42d56 -> 
  custom:framework-win-MediaFoundation: 216162199b28c13a410421893ffa2e32 -> 
  custom:container-demuxer-ogg: 62fdf1f143b41e24485cea50d1cbac27 -> 
  custom:video-decoder-webm-vp8: 9c59270c3fd7afecdb556c50c9e8de78 -> 
  custom:audio-decoder-ogg-vorbis: bf7c407c2cedff20999df2af8eb42d56 -> 
========================================================================
Received Prepare
Registering precompiled user dll's ...
Registered in 0.009171 seconds.
Begin MonoManager ReloadAssembly
Symbol file LoadedFromMemory doesn't match image C:\Users\ttvni\Documents\GitHub\Assignment_3\Assignment3\Library\PackageCache\com.unity.visualscripting@1.7.8\Editor\VisualScripting.Core\Dependencies\YamlDotNet\Unity.VisualScripting.YamlDotNet.dll
Symbol file LoadedFromMemory doesn't match image C:\Users\ttvni\Documents\GitHub\Assignment_3\Assignment3\Library\PackageCache\com.unity.visualscripting@1.7.8\Editor\VisualScripting.Core\Dependencies\DotNetZip\Unity.VisualScripting.IonicZip.dll
Native extension for WindowsStandalone target not found
Refreshing native plugins compatible for Editor in 1.24 ms, found 3 plugins.
Preloading 0 native plugins for Editor in 0.00 ms.
Mono: successfully reloaded assembly
- Completed reload, in  1.211 seconds
Domain Reload Profiling:
	ReloadAssembly (1212ms)
		BeginReloadAssembly (145ms)
			ExecutionOrderSort (0ms)
			DisableScriptedObjects (4ms)
			BackupInstance (0ms)
			ReleaseScriptingObjects (0ms)
			CreateAndSetChildDomain (36ms)
		EndReloadAssembly (964ms)
			LoadAssemblies (109ms)
			RebuildTransferFunctionScriptingTraits (0ms)
			SetupTypeCache (277ms)
			ReleaseScriptCaches (2ms)
			RebuildScriptCaches (48ms)
			SetupLoadedEditorAssemblies (481ms)
				LogAssemblyErrors (0ms)
				InitializePlatformSupportModulesInManaged (12ms)
				SetLoadedEditorAssemblies (0ms)
				RefreshPlugins (1ms)
				BeforeProcessingInitializeOnLoad (94ms)
				ProcessInitializeOnLoadAttributes (276ms)
				ProcessInitializeOnLoadMethodAttributes (93ms)
				AfterProcessingInitializeOnLoad (4ms)
				EditorAssembliesLoaded (0ms)
			ExecutionOrderSort2 (0ms)
			AwakeInstancesAfterBackupRestoration (15ms)
Platform modules already initialized, skipping
Refreshing native plugins compatible for Editor in 3.96 ms, found 3 plugins.
Preloading 0 native plugins for Editor in 0.00 ms.
Unloading 5063 Unused Serialized files (Serialized files now loaded: 0)
Unloading 28 unused Assets / (0.7 MB). Loaded Objects now: 5671.
Memory consumption went from 194.9 MB to 194.2 MB.
Total: 4.943200 ms (FindLiveObjects: 0.648000 ms CreateObjectMapping: 0.186000 ms MarkObjects: 3.632400 ms  DeleteObjects: 0.475000 ms)

AssetImportParameters requested are different than current active one (requested -> active):
  custom:video-decoder-ogg-theora: a1e56fd34408186e4bbccfd4996cb3dc -> 
  custom:container-muxer-webm: aa71ff27fc2769a1b78a27578f13a17b -> 
  custom:container-demuxer-webm: 4f35f7cbe854078d1ac9338744f61a02 -> 
  custom:video-encoder-webm-vp8: eb34c28f22e8b96e1ab97ce403110664 -> 
  custom:audio-encoder-webm-vorbis: bf7c407c2cedff20999df2af8eb42d56 -> 
  custom:framework-win-MediaFoundation: 216162199b28c13a410421893ffa2e32 -> 
  custom:container-demuxer-ogg: 62fdf1f143b41e24485cea50d1cbac27 -> 
  custom:video-decoder-webm-vp8: 9c59270c3fd7afecdb556c50c9e8de78 -> 
  custom:audio-decoder-ogg-vorbis: bf7c407c2cedff20999df2af8eb42d56 -> 
========================================================================
Received Import Request.
  Time since last request: 44.228566 seconds.
  path: Assets/musicSwitch.cs
  artifactKey: Guid(b75c16a24ab70634eaa3c5ab11de487b) Importer(815301076,1909f56bfc062723c751e8b465ee728b)
Start importing Assets/musicSwitch.cs using Guid(b75c16a24ab70634eaa3c5ab11de487b) Importer(815301076,1909f56bfc062723c751e8b465ee728b)  -> (artifact id: '97bcf920113da47ecaebb0aeb1b929ac') in 0.013386 seconds 
========================================================================
Received Import Request.
  Time since last request: 50.960681 seconds.
  path: Assets/bulletCollision.cs
  artifactKey: Guid(5d2fed4b8c609ec4c8dd184a15876400) Importer(815301076,1909f56bfc062723c751e8b465ee728b)
Start importing Assets/bulletCollision.cs using Guid(5d2fed4b8c609ec4c8dd184a15876400) Importer(815301076,1909f56bfc062723c751e8b465ee728b)  -> (artifact id: 'ff032f09bb83a6c93d0fb2bade5b5cca') in 0.009355 seconds 
========================================================================
Received Import Request.
  Time since last request: 109.564027 seconds.
  path: Assets/fiveFoley.cs
  artifactKey: Guid(0f0d7a8979224cb4ea09a66b8aa20738) Importer(815301076,1909f56bfc062723c751e8b465ee728b)
Start importing Assets/fiveFoley.cs using Guid(0f0d7a8979224cb4ea09a66b8aa20738) Importer(815301076,1909f56bfc062723c751e8b465ee728b)  -> (artifact id: 'e26c94815773a0e6d9fb86ff0f0238b5') in 0.009612 seconds 
========================================================================
Received Prepare
Registering precompiled user dll's ...
Registered in 0.007770 seconds.
Begin MonoManager ReloadAssembly
Symbol file LoadedFromMemory doesn't match image C:\Users\ttvni\Documents\GitHub\Assignment_3\Assignment3\Library\PackageCache\com.unity.visualscripting@1.7.8\Editor\VisualScripting.Core\Dependencies\YamlDotNet\Unity.VisualScripting.YamlDotNet.dll
Symbol file LoadedFromMemory doesn't match image C:\Users\ttvni\Documents\GitHub\Assignment_3\Assignment3\Library\PackageCache\com.unity.visualscripting@1.7.8\Editor\VisualScripting.Core\Dependencies\DotNetZip\Unity.VisualScripting.IonicZip.dll
Native extension for WindowsStandalone target not found
Refreshing native plugins compatible for Editor in 0.94 ms, found 3 plugins.
Preloading 0 native plugins for Editor in 0.00 ms.
Mono: successfully reloaded assembly
- Completed reload, in  1.051 seconds
Domain Reload Profiling:
	ReloadAssembly (1052ms)
		BeginReloadAssembly (142ms)
			ExecutionOrderSort (0ms)
			DisableScriptedObjects (4ms)
			BackupInstance (0ms)
			ReleaseScriptingObjects (0ms)
			CreateAndSetChildDomain (32ms)
		EndReloadAssembly (817ms)
			LoadAssemblies (113ms)
			RebuildTransferFunctionScriptingTraits (0ms)
			SetupTypeCache (242ms)
			ReleaseScriptCaches (2ms)
			RebuildScriptCaches (40ms)
			SetupLoadedEditorAssemblies (394ms)
				LogAssemblyErrors (0ms)
				InitializePlatformSupportModulesInManaged (13ms)
				SetLoadedEditorAssemblies (0ms)
				RefreshPlugins (1ms)
				BeforeProcessingInitializeOnLoad (72ms)
				ProcessInitializeOnLoadAttributes (228ms)
				ProcessInitializeOnLoadMethodAttributes (75ms)
				AfterProcessingInitializeOnLoad (4ms)
				EditorAssembliesLoaded (0ms)
			ExecutionOrderSort2 (0ms)
			AwakeInstancesAfterBackupRestoration (13ms)
Platform modules already initialized, skipping
Refreshing native plugins compatible for Editor in 3.70 ms, found 3 plugins.
Preloading 0 native plugins for Editor in 0.00 ms.
Unloading 5063 Unused Serialized files (Serialized files now loaded: 0)
Unloading 28 unused Assets / (0.7 MB). Loaded Objects now: 5686.
Memory consumption went from 194.9 MB to 194.2 MB.
Total: 4.944400 ms (FindLiveObjects: 0.601500 ms CreateObjectMapping: 0.159000 ms MarkObjects: 3.738500 ms  DeleteObjects: 0.444200 ms)

AssetImportParameters requested are different than current active one (requested -> active):
  custom:video-decoder-ogg-theora: a1e56fd34408186e4bbccfd4996cb3dc -> 
  custom:container-muxer-webm: aa71ff27fc2769a1b78a27578f13a17b -> 
  custom:container-demuxer-webm: 4f35f7cbe854078d1ac9338744f61a02 -> 
  custom:video-encoder-webm-vp8: eb34c28f22e8b96e1ab97ce403110664 -> 
  custom:audio-encoder-webm-vorbis: bf7c407c2cedff20999df2af8eb42d56 -> 
  custom:framework-win-MediaFoundation: 216162199b28c13a410421893ffa2e32 -> 
  custom:container-demuxer-ogg: 62fdf1f143b41e24485cea50d1cbac27 -> 
  custom:video-decoder-webm-vp8: 9c59270c3fd7afecdb556c50c9e8de78 -> 
  custom:audio-decoder-ogg-vorbis: bf7c407c2cedff20999df2af8eb42d56 -> 
========================================================================
Received Prepare
Registering precompiled user dll's ...
Registered in 0.007496 seconds.
Begin MonoManager ReloadAssembly
Symbol file LoadedFromMemory doesn't match image C:\Users\ttvni\Documents\GitHub\Assignment_3\Assignment3\Library\PackageCache\com.unity.visualscripting@1.7.8\Editor\VisualScripting.Core\Dependencies\YamlDotNet\Unity.VisualScripting.YamlDotNet.dll
Symbol file LoadedFromMemory doesn't match image C:\Users\ttvni\Documents\GitHub\Assignment_3\Assignment3\Library\PackageCache\com.unity.visualscripting@1.7.8\Editor\VisualScripting.Core\Dependencies\DotNetZip\Unity.VisualScripting.IonicZip.dll
Native extension for WindowsStandalone target not found
Refreshing native plugins compatible for Editor in 1.14 ms, found 3 plugins.
Preloading 0 native plugins for Editor in 0.00 ms.
Mono: successfully reloaded assembly
- Completed reload, in  1.177 seconds
Domain Reload Profiling:
	ReloadAssembly (1177ms)
		BeginReloadAssembly (136ms)
			ExecutionOrderSort (0ms)
			DisableScriptedObjects (4ms)
			BackupInstance (0ms)
			ReleaseScriptingObjects (0ms)
			CreateAndSetChildDomain (37ms)
		EndReloadAssembly (952ms)
			LoadAssemblies (96ms)
			RebuildTransferFunctionScriptingTraits (0ms)
			SetupTypeCache (260ms)
			ReleaseScriptCaches (2ms)
			RebuildScriptCaches (50ms)
			SetupLoadedEditorAssemblies (492ms)
				LogAssemblyErrors (0ms)
				InitializePlatformSupportModulesInManaged (13ms)
				SetLoadedEditorAssemblies (0ms)
				RefreshPlugins (1ms)
				BeforeProcessingInitializeOnLoad (89ms)
				ProcessInitializeOnLoadAttributes (289ms)
				ProcessInitializeOnLoadMethodAttributes (94ms)
				AfterProcessingInitializeOnLoad (5ms)
				EditorAssembliesLoaded (0ms)
			ExecutionOrderSort2 (0ms)
			AwakeInstancesAfterBackupRestoration (17ms)
Platform modules already initialized, skipping
Refreshing native plugins compatible for Editor in 3.85 ms, found 3 plugins.
Preloading 0 native plugins for Editor in 0.00 ms.
Unloading 5063 Unused Serialized files (Serialized files now loaded: 0)
Unloading 28 unused Assets / (0.7 MB). Loaded Objects now: 5701.
Memory consumption went from 194.9 MB to 194.2 MB.
Total: 5.088500 ms (FindLiveObjects: 0.639800 ms CreateObjectMapping: 0.198500 ms MarkObjects: 3.781800 ms  DeleteObjects: 0.467100 ms)

AssetImportParameters requested are different than current active one (requested -> active):
  custom:video-decoder-ogg-theora: a1e56fd34408186e4bbccfd4996cb3dc -> 
  custom:container-muxer-webm: aa71ff27fc2769a1b78a27578f13a17b -> 
  custom:container-demuxer-webm: 4f35f7cbe854078d1ac9338744f61a02 -> 
  custom:video-encoder-webm-vp8: eb34c28f22e8b96e1ab97ce403110664 -> 
  custom:audio-encoder-webm-vorbis: bf7c407c2cedff20999df2af8eb42d56 -> 
  custom:framework-win-MediaFoundation: 216162199b28c13a410421893ffa2e32 -> 
  custom:container-demuxer-ogg: 62fdf1f143b41e24485cea50d1cbac27 -> 
  custom:video-decoder-webm-vp8: 9c59270c3fd7afecdb556c50c9e8de78 -> 
  custom:audio-decoder-ogg-vorbis: bf7c407c2cedff20999df2af8eb42d56 -> 
========================================================================
Received Import Request.
  Time since last request: 264.483439 seconds.
  path: Assets/Controllers/HeroController.controller
  artifactKey: Guid(b0ef57fa8d9554143bbfcdaae230a0fb) Importer(815301076,1909f56bfc062723c751e8b465ee728b)
Start importing Assets/Controllers/HeroController.controller using Guid(b0ef57fa8d9554143bbfcdaae230a0fb) Importer(815301076,1909f56bfc062723c751e8b465ee728b)  -> (artifact id: 'e026d1af3c9d39fab623d0d4866fd0a8') in 0.032488 seconds 
========================================================================
Received Import Request.
  Time since last request: 22.082190 seconds.
  path: Assets/Scripts/PlayerController.cs
  artifactKey: Guid(47c7c2dffe9f859409c49f27f67b8e8e) Importer(815301076,1909f56bfc062723c751e8b465ee728b)
Start importing Assets/Scripts/PlayerController.cs using Guid(47c7c2dffe9f859409c49f27f67b8e8e) Importer(815301076,1909f56bfc062723c751e8b465ee728b)  -> (artifact id: '4746f6588ebc3809613739d3127a7d7b') in 0.009340 seconds 
========================================================================
Received Prepare
Registering precompiled user dll's ...
Registered in 0.007838 seconds.
Begin MonoManager ReloadAssembly
Symbol file LoadedFromMemory doesn't match image C:\Users\ttvni\Documents\GitHub\Assignment_3\Assignment3\Library\PackageCache\com.unity.visualscripting@1.7.8\Editor\VisualScripting.Core\Dependencies\YamlDotNet\Unity.VisualScripting.YamlDotNet.dll
Symbol file LoadedFromMemory doesn't match image C:\Users\ttvni\Documents\GitHub\Assignment_3\Assignment3\Library\PackageCache\com.unity.visualscripting@1.7.8\Editor\VisualScripting.Core\Dependencies\DotNetZip\Unity.VisualScripting.IonicZip.dll
Native extension for WindowsStandalone target not found
Refreshing native plugins compatible for Editor in 1.43 ms, found 3 plugins.
Preloading 0 native plugins for Editor in 0.00 ms.
Mono: successfully reloaded assembly
- Completed reload, in  1.011 seconds
Domain Reload Profiling:
	ReloadAssembly (1012ms)
		BeginReloadAssembly (144ms)
			ExecutionOrderSort (0ms)
			DisableScriptedObjects (4ms)
			BackupInstance (0ms)
			ReleaseScriptingObjects (0ms)
			CreateAndSetChildDomain (33ms)
		EndReloadAssembly (782ms)
			LoadAssemblies (109ms)
			RebuildTransferFunctionScriptingTraits (0ms)
			SetupTypeCache (225ms)
			ReleaseScriptCaches (2ms)
			RebuildScriptCaches (39ms)
			SetupLoadedEditorAssemblies (394ms)
				LogAssemblyErrors (0ms)
				InitializePlatformSupportModulesInManaged (11ms)
				SetLoadedEditorAssemblies (0ms)
				RefreshPlugins (2ms)
				BeforeProcessingInitializeOnLoad (73ms)
				ProcessInitializeOnLoadAttributes (231ms)
				ProcessInitializeOnLoadMethodAttributes (74ms)
				AfterProcessingInitializeOnLoad (3ms)
				EditorAssembliesLoaded (0ms)
			ExecutionOrderSort2 (0ms)
			AwakeInstancesAfterBackupRestoration (13ms)
Platform modules already initialized, skipping
Refreshing native plugins compatible for Editor in 3.39 ms, found 3 plugins.
Preloading 0 native plugins for Editor in 0.00 ms.
Unloading 5063 Unused Serialized files (Serialized files now loaded: 0)
Unloading 28 unused Assets / (0.7 MB). Loaded Objects now: 5716.
Memory consumption went from 195.1 MB to 194.4 MB.
Total: 4.727000 ms (FindLiveObjects: 0.677300 ms CreateObjectMapping: 0.158200 ms MarkObjects: 3.365800 ms  DeleteObjects: 0.524500 ms)

AssetImportParameters requested are different than current active one (requested -> active):
  custom:video-decoder-ogg-theora: a1e56fd34408186e4bbccfd4996cb3dc -> 
  custom:container-muxer-webm: aa71ff27fc2769a1b78a27578f13a17b -> 
  custom:container-demuxer-webm: 4f35f7cbe854078d1ac9338744f61a02 -> 
  custom:video-encoder-webm-vp8: eb34c28f22e8b96e1ab97ce403110664 -> 
  custom:audio-encoder-webm-vorbis: bf7c407c2cedff20999df2af8eb42d56 -> 
  custom:framework-win-MediaFoundation: 216162199b28c13a410421893ffa2e32 -> 
  custom:container-demuxer-ogg: 62fdf1f143b41e24485cea50d1cbac27 -> 
  custom:video-decoder-webm-vp8: 9c59270c3fd7afecdb556c50c9e8de78 -> 
  custom:audio-decoder-ogg-vorbis: bf7c407c2cedff20999df2af8eb42d56 -> 
========================================================================
Received Prepare
Registering precompiled user dll's ...
Registered in 0.007255 seconds.
Begin MonoManager ReloadAssembly
Symbol file LoadedFromMemory doesn't match image C:\Users\ttvni\Documents\GitHub\Assignment_3\Assignment3\Library\PackageCache\com.unity.visualscripting@1.7.8\Editor\VisualScripting.Core\Dependencies\YamlDotNet\Unity.VisualScripting.YamlDotNet.dll
Symbol file LoadedFromMemory doesn't match image C:\Users\ttvni\Documents\GitHub\Assignment_3\Assignment3\Library\PackageCache\com.unity.visualscripting@1.7.8\Editor\VisualScripting.Core\Dependencies\DotNetZip\Unity.VisualScripting.IonicZip.dll
Native extension for WindowsStandalone target not found
Refreshing native plugins compatible for Editor in 0.94 ms, found 3 plugins.
Preloading 0 native plugins for Editor in 0.00 ms.
Mono: successfully reloaded assembly
- Completed reload, in  1.082 seconds
Domain Reload Profiling:
	ReloadAssembly (1083ms)
		BeginReloadAssembly (139ms)
			ExecutionOrderSort (0ms)
			DisableScriptedObjects (4ms)
			BackupInstance (0ms)
			ReleaseScriptingObjects (0ms)
			CreateAndSetChildDomain (32ms)
		EndReloadAssembly (856ms)
			LoadAssemblies (102ms)
			RebuildTransferFunctionScriptingTraits (0ms)
			SetupTypeCache (247ms)
			ReleaseScriptCaches (2ms)
			RebuildScriptCaches (43ms)
			SetupLoadedEditorAssemblies (428ms)
				LogAssemblyErrors (0ms)
				InitializePlatformSupportModulesInManaged (10ms)
				SetLoadedEditorAssemblies (0ms)
				RefreshPlugins (1ms)
				BeforeProcessingInitializeOnLoad (80ms)
				ProcessInitializeOnLoadAttributes (259ms)
				ProcessInitializeOnLoadMethodAttributes (74ms)
				AfterProcessingInitializeOnLoad (3ms)
				EditorAssembliesLoaded (0ms)
			ExecutionOrderSort2 (0ms)
			AwakeInstancesAfterBackupRestoration (13ms)
Platform modules already initialized, skipping
Refreshing native plugins compatible for Editor in 3.52 ms, found 3 plugins.
Preloading 0 native plugins for Editor in 0.00 ms.
Unloading 5063 Unused Serialized files (Serialized files now loaded: 0)
Unloading 28 unused Assets / (0.7 MB). Loaded Objects now: 5731.
Memory consumption went from 194.9 MB to 194.2 MB.
Total: 5.144000 ms (FindLiveObjects: 0.644600 ms CreateObjectMapping: 0.185800 ms MarkObjects: 3.848400 ms  DeleteObjects: 0.464100 ms)

AssetImportParameters requested are different than current active one (requested -> active):
  custom:video-decoder-ogg-theora: a1e56fd34408186e4bbccfd4996cb3dc -> 
  custom:container-muxer-webm: aa71ff27fc2769a1b78a27578f13a17b -> 
  custom:container-demuxer-webm: 4f35f7cbe854078d1ac9338744f61a02 -> 
  custom:video-encoder-webm-vp8: eb34c28f22e8b96e1ab97ce403110664 -> 
  custom:audio-encoder-webm-vorbis: bf7c407c2cedff20999df2af8eb42d56 -> 
  custom:framework-win-MediaFoundation: 216162199b28c13a410421893ffa2e32 -> 
  custom:container-demuxer-ogg: 62fdf1f143b41e24485cea50d1cbac27 -> 
  custom:video-decoder-webm-vp8: 9c59270c3fd7afecdb556c50c9e8de78 -> 
  custom:audio-decoder-ogg-vorbis: bf7c407c2cedff20999df2af8eb42d56 -> 
========================================================================
Received Prepare
Registering precompiled user dll's ...
Registered in 0.007518 seconds.
Begin MonoManager ReloadAssembly
Symbol file LoadedFromMemory doesn't match image C:\Users\ttvni\Documents\GitHub\Assignment_3\Assignment3\Library\PackageCache\com.unity.visualscripting@1.7.8\Editor\VisualScripting.Core\Dependencies\YamlDotNet\Unity.VisualScripting.YamlDotNet.dll
Symbol file LoadedFromMemory doesn't match image C:\Users\ttvni\Documents\GitHub\Assignment_3\Assignment3\Library\PackageCache\com.unity.visualscripting@1.7.8\Editor\VisualScripting.Core\Dependencies\DotNetZip\Unity.VisualScripting.IonicZip.dll
Native extension for WindowsStandalone target not found
Refreshing native plugins compatible for Editor in 1.20 ms, found 3 plugins.
Preloading 0 native plugins for Editor in 0.00 ms.
Mono: successfully reloaded assembly
- Completed reload, in  1.157 seconds
Domain Reload Profiling:
	ReloadAssembly (1157ms)
		BeginReloadAssembly (134ms)
			ExecutionOrderSort (0ms)
			DisableScriptedObjects (4ms)
			BackupInstance (0ms)
			ReleaseScriptingObjects (0ms)
			CreateAndSetChildDomain (32ms)
		EndReloadAssembly (935ms)
			LoadAssemblies (97ms)
			RebuildTransferFunctionScriptingTraits (0ms)
			SetupTypeCache (264ms)
			ReleaseScriptCaches (2ms)
			RebuildScriptCaches (49ms)
			SetupLoadedEditorAssemblies (476ms)
				LogAssemblyErrors (0ms)
				InitializePlatformSupportModulesInManaged (13ms)
				SetLoadedEditorAssemblies (1ms)
				RefreshPlugins (1ms)
				BeforeProcessingInitializeOnLoad (89ms)
				ProcessInitializeOnLoadAttributes (275ms)
				ProcessInitializeOnLoadMethodAttributes (93ms)
				AfterProcessingInitializeOnLoad (4ms)
				EditorAssembliesLoaded (0ms)
			ExecutionOrderSort2 (0ms)
			AwakeInstancesAfterBackupRestoration (15ms)
Platform modules already initialized, skipping
Refreshing native plugins compatible for Editor in 3.66 ms, found 3 plugins.
Preloading 0 native plugins for Editor in 0.00 ms.
Unloading 5063 Unused Serialized files (Serialized files now loaded: 0)
Unloading 28 unused Assets / (0.7 MB). Loaded Objects now: 5746.
Memory consumption went from 194.9 MB to 194.2 MB.
Total: 5.383000 ms (FindLiveObjects: 0.669000 ms CreateObjectMapping: 0.287600 ms MarkObjects: 3.951400 ms  DeleteObjects: 0.473300 ms)

AssetImportParameters requested are different than current active one (requested -> active):
  custom:video-decoder-ogg-theora: a1e56fd34408186e4bbccfd4996cb3dc -> 
  custom:container-muxer-webm: aa71ff27fc2769a1b78a27578f13a17b -> 
  custom:container-demuxer-webm: 4f35f7cbe854078d1ac9338744f61a02 -> 
  custom:video-encoder-webm-vp8: eb34c28f22e8b96e1ab97ce403110664 -> 
  custom:audio-encoder-webm-vorbis: bf7c407c2cedff20999df2af8eb42d56 -> 
  custom:framework-win-MediaFoundation: 216162199b28c13a410421893ffa2e32 -> 
  custom:container-demuxer-ogg: 62fdf1f143b41e24485cea50d1cbac27 -> 
  custom:video-decoder-webm-vp8: 9c59270c3fd7afecdb556c50c9e8de78 -> 
  custom:audio-decoder-ogg-vorbis: bf7c407c2cedff20999df2af8eb42d56 -> 
========================================================================
Received Prepare
Registering precompiled user dll's ...
Registered in 0.008052 seconds.
Begin MonoManager ReloadAssembly
Symbol file LoadedFromMemory doesn't match image C:\Users\ttvni\Documents\GitHub\Assignment_3\Assignment3\Library\PackageCache\com.unity.visualscripting@1.7.8\Editor\VisualScripting.Core\Dependencies\YamlDotNet\Unity.VisualScripting.YamlDotNet.dll
Symbol file LoadedFromMemory doesn't match image C:\Users\ttvni\Documents\GitHub\Assignment_3\Assignment3\Library\PackageCache\com.unity.visualscripting@1.7.8\Editor\VisualScripting.Core\Dependencies\DotNetZip\Unity.VisualScripting.IonicZip.dll
Native extension for WindowsStandalone target not found
Refreshing native plugins compatible for Editor in 1.46 ms, found 3 plugins.
Preloading 0 native plugins for Editor in 0.00 ms.
Mono: successfully reloaded assembly
- Completed reload, in  1.152 seconds
Domain Reload Profiling:
	ReloadAssembly (1153ms)
		BeginReloadAssembly (135ms)
			ExecutionOrderSort (0ms)
			DisableScriptedObjects (4ms)
			BackupInstance (0ms)
			ReleaseScriptingObjects (0ms)
			CreateAndSetChildDomain (31ms)
		EndReloadAssembly (927ms)
			LoadAssemblies (101ms)
			RebuildTransferFunctionScriptingTraits (0ms)
			SetupTypeCache (280ms)
			ReleaseScriptCaches (2ms)
			RebuildScriptCaches (52ms)
			SetupLoadedEditorAssemblies (451ms)
				LogAssemblyErrors (0ms)
				InitializePlatformSupportModulesInManaged (12ms)
				SetLoadedEditorAssemblies (1ms)
				RefreshPlugins (2ms)
				BeforeProcessingInitializeOnLoad (87ms)
				ProcessInitializeOnLoadAttributes (260ms)
				ProcessInitializeOnLoadMethodAttributes (85ms)
				AfterProcessingInitializeOnLoad (4ms)
				EditorAssembliesLoaded (0ms)
			ExecutionOrderSort2 (0ms)
			AwakeInstancesAfterBackupRestoration (15ms)
Platform modules already initialized, skipping
Refreshing native plugins compatible for Editor in 3.60 ms, found 3 plugins.
Preloading 0 native plugins for Editor in 0.00 ms.
Unloading 5063 Unused Serialized files (Serialized files now loaded: 0)
Unloading 28 unused Assets / (0.7 MB). Loaded Objects now: 5761.
Memory consumption went from 195.0 MB to 194.2 MB.
Total: 5.051000 ms (FindLiveObjects: 0.914200 ms CreateObjectMapping: 0.254200 ms MarkObjects: 3.285500 ms  DeleteObjects: 0.595800 ms)

AssetImportParameters requested are different than current active one (requested -> active):
  custom:video-decoder-ogg-theora: a1e56fd34408186e4bbccfd4996cb3dc -> 
  custom:container-muxer-webm: aa71ff27fc2769a1b78a27578f13a17b -> 
  custom:container-demuxer-webm: 4f35f7cbe854078d1ac9338744f61a02 -> 
  custom:video-encoder-webm-vp8: eb34c28f22e8b96e1ab97ce403110664 -> 
  custom:audio-encoder-webm-vorbis: bf7c407c2cedff20999df2af8eb42d56 -> 
  custom:framework-win-MediaFoundation: 216162199b28c13a410421893ffa2e32 -> 
  custom:container-demuxer-ogg: 62fdf1f143b41e24485cea50d1cbac27 -> 
  custom:video-decoder-webm-vp8: 9c59270c3fd7afecdb556c50c9e8de78 -> 
  custom:audio-decoder-ogg-vorbis: bf7c407c2cedff20999df2af8eb42d56 -> 
========================================================================
Received Prepare
Registering precompiled user dll's ...
Registered in 0.008008 seconds.
Begin MonoManager ReloadAssembly
Symbol file LoadedFromMemory doesn't match image C:\Users\ttvni\Documents\GitHub\Assignment_3\Assignment3\Library\PackageCache\com.unity.visualscripting@1.7.8\Editor\VisualScripting.Core\Dependencies\YamlDotNet\Unity.VisualScripting.YamlDotNet.dll
Symbol file LoadedFromMemory doesn't match image C:\Users\ttvni\Documents\GitHub\Assignment_3\Assignment3\Library\PackageCache\com.unity.visualscripting@1.7.8\Editor\VisualScripting.Core\Dependencies\DotNetZip\Unity.VisualScripting.IonicZip.dll
Native extension for WindowsStandalone target not found
Refreshing native plugins compatible for Editor in 1.50 ms, found 3 plugins.
Preloading 0 native plugins for Editor in 0.00 ms.
Mono: successfully reloaded assembly
- Completed reload, in  1.157 seconds
Domain Reload Profiling:
	ReloadAssembly (1158ms)
		BeginReloadAssembly (130ms)
			ExecutionOrderSort (0ms)
			DisableScriptedObjects (4ms)
			BackupInstance (0ms)
			ReleaseScriptingObjects (0ms)
			CreateAndSetChildDomain (30ms)
		EndReloadAssembly (940ms)
			LoadAssemblies (97ms)
			RebuildTransferFunctionScriptingTraits (0ms)
			SetupTypeCache (260ms)
			ReleaseScriptCaches (2ms)
			RebuildScriptCaches (48ms)
			SetupLoadedEditorAssemblies (487ms)
				LogAssemblyErrors (0ms)
				InitializePlatformSupportModulesInManaged (14ms)
				SetLoadedEditorAssemblies (1ms)
				RefreshPlugins (2ms)
				BeforeProcessingInitializeOnLoad (98ms)
				ProcessInitializeOnLoadAttributes (283ms)
				ProcessInitializeOnLoadMethodAttributes (86ms)
				AfterProcessingInitializeOnLoad (4ms)
				EditorAssembliesLoaded (0ms)
			ExecutionOrderSort2 (0ms)
			AwakeInstancesAfterBackupRestoration (15ms)
Platform modules already initialized, skipping
Refreshing native plugins compatible for Editor in 3.92 ms, found 3 plugins.
Preloading 0 native plugins for Editor in 0.00 ms.
Unloading 5063 Unused Serialized files (Serialized files now loaded: 0)
Unloading 28 unused Assets / (0.7 MB). Loaded Objects now: 5776.
Memory consumption went from 195.0 MB to 194.3 MB.
Total: 5.063800 ms (FindLiveObjects: 0.581300 ms CreateObjectMapping: 0.157400 ms MarkObjects: 3.884700 ms  DeleteObjects: 0.439300 ms)

AssetImportParameters requested are different than current active one (requested -> active):
  custom:video-decoder-ogg-theora: a1e56fd34408186e4bbccfd4996cb3dc -> 
  custom:container-muxer-webm: aa71ff27fc2769a1b78a27578f13a17b -> 
  custom:container-demuxer-webm: 4f35f7cbe854078d1ac9338744f61a02 -> 
  custom:video-encoder-webm-vp8: eb34c28f22e8b96e1ab97ce403110664 -> 
  custom:audio-encoder-webm-vorbis: bf7c407c2cedff20999df2af8eb42d56 -> 
  custom:framework-win-MediaFoundation: 216162199b28c13a410421893ffa2e32 -> 
  custom:container-demuxer-ogg: 62fdf1f143b41e24485cea50d1cbac27 -> 
  custom:video-decoder-webm-vp8: 9c59270c3fd7afecdb556c50c9e8de78 -> 
  custom:audio-decoder-ogg-vorbis: bf7c407c2cedff20999df2af8eb42d56 -> 
========================================================================
Received Import Request.
  Time since last request: 245.676773 seconds.
  path: Assets/bullet.prefab
  artifactKey: Guid(c66a97450a478ae4bbf1efbf3e0bb033) Importer(815301076,1909f56bfc062723c751e8b465ee728b)
Start importing Assets/bullet.prefab using Guid(c66a97450a478ae4bbf1efbf3e0bb033) Importer(815301076,1909f56bfc062723c751e8b465ee728b)  -> (artifact id: '0178aa175ae56dba2dda5b59f8b4b097') in 0.262194 seconds 
========================================================================
Received Import Request.
  Time since last request: 14.048267 seconds.
  path: Assets/bullet.prefab
  artifactKey: Guid(c66a97450a478ae4bbf1efbf3e0bb033) Importer(815301076,1909f56bfc062723c751e8b465ee728b)
Start importing Assets/bullet.prefab using Guid(c66a97450a478ae4bbf1efbf3e0bb033) Importer(815301076,1909f56bfc062723c751e8b465ee728b)  -> (artifact id: 'fa5f6a11cd276ca2c769c238a51d433d') in 0.020369 seconds 
========================================================================
Received Prepare
Registering precompiled user dll's ...
Registered in 0.008618 seconds.
Begin MonoManager ReloadAssembly
Symbol file LoadedFromMemory doesn't match image C:\Users\ttvni\Documents\GitHub\Assignment_3\Assignment3\Library\PackageCache\com.unity.visualscripting@1.7.8\Editor\VisualScripting.Core\Dependencies\YamlDotNet\Unity.VisualScripting.YamlDotNet.dll
Symbol file LoadedFromMemory doesn't match image C:\Users\ttvni\Documents\GitHub\Assignment_3\Assignment3\Library\PackageCache\com.unity.visualscripting@1.7.8\Editor\VisualScripting.Core\Dependencies\DotNetZip\Unity.VisualScripting.IonicZip.dll
Native extension for WindowsStandalone target not found
Refreshing native plugins compatible for Editor in 1.00 ms, found 3 plugins.
Preloading 0 native plugins for Editor in 0.00 ms.
Mono: successfully reloaded assembly
- Completed reload, in  1.048 seconds
Domain Reload Profiling:
	ReloadAssembly (1049ms)
		BeginReloadAssembly (144ms)
			ExecutionOrderSort (0ms)
			DisableScriptedObjects (6ms)
			BackupInstance (0ms)
			ReleaseScriptingObjects (0ms)
			CreateAndSetChildDomain (36ms)
		EndReloadAssembly (814ms)
			LoadAssemblies (100ms)
			RebuildTransferFunctionScriptingTraits (0ms)
			SetupTypeCache (215ms)
			ReleaseScriptCaches (2ms)
			RebuildScriptCaches (38ms)
			SetupLoadedEditorAssemblies (411ms)
				LogAssemblyErrors (0ms)
				InitializePlatformSupportModulesInManaged (10ms)
				SetLoadedEditorAssemblies (0ms)
				RefreshPlugins (1ms)
				BeforeProcessingInitializeOnLoad (78ms)
				ProcessInitializeOnLoadAttributes (237ms)
				ProcessInitializeOnLoadMethodAttributes (81ms)
				AfterProcessingInitializeOnLoad (3ms)
				EditorAssembliesLoaded (0ms)
			ExecutionOrderSort2 (0ms)
			AwakeInstancesAfterBackupRestoration (19ms)
Platform modules already initialized, skipping
Refreshing native plugins compatible for Editor in 3.54 ms, found 3 plugins.
Preloading 0 native plugins for Editor in 0.00 ms.
Unloading 5070 Unused Serialized files (Serialized files now loaded: 0)
Unloading 29 unused Assets / (0.7 MB). Loaded Objects now: 5849.
Memory consumption went from 202.0 MB to 201.3 MB.
Total: 5.240300 ms (FindLiveObjects: 0.598500 ms CreateObjectMapping: 0.154400 ms MarkObjects: 4.072200 ms  DeleteObjects: 0.414000 ms)

AssetImportParameters requested are different than current active one (requested -> active):
  custom:video-decoder-ogg-theora: a1e56fd34408186e4bbccfd4996cb3dc -> 
  custom:container-muxer-webm: aa71ff27fc2769a1b78a27578f13a17b -> 
  custom:container-demuxer-webm: 4f35f7cbe854078d1ac9338744f61a02 -> 
  custom:video-encoder-webm-vp8: eb34c28f22e8b96e1ab97ce403110664 -> 
  custom:audio-encoder-webm-vorbis: bf7c407c2cedff20999df2af8eb42d56 -> 
  custom:framework-win-MediaFoundation: 216162199b28c13a410421893ffa2e32 -> 
  custom:container-demuxer-ogg: 62fdf1f143b41e24485cea50d1cbac27 -> 
  custom:video-decoder-webm-vp8: 9c59270c3fd7afecdb556c50c9e8de78 -> 
  custom:audio-decoder-ogg-vorbis: bf7c407c2cedff20999df2af8eb42d56 -> 
========================================================================
Received Import Request.
  Time since last request: 41.364593 seconds.
  path: Assets/bullet.prefab
  artifactKey: Guid(c66a97450a478ae4bbf1efbf3e0bb033) Importer(815301076,1909f56bfc062723c751e8b465ee728b)
Start importing Assets/bullet.prefab using Guid(c66a97450a478ae4bbf1efbf3e0bb033) Importer(815301076,1909f56bfc062723c751e8b465ee728b)  -> (artifact id: '97322fc2cefc92c07ab0daf17928b09f') in 0.284842 seconds 
========================================================================
Received Import Request.
  Time since last request: 56.238985 seconds.
  path: Assets/Audio/Sounds/Foley
  artifactKey: Guid(6537d5bd24ef5df45a718d126863ae35) Importer(815301076,1909f56bfc062723c751e8b465ee728b)
Start importing Assets/Audio/Sounds/Foley using Guid(6537d5bd24ef5df45a718d126863ae35) Importer(815301076,1909f56bfc062723c751e8b465ee728b)  -> (artifact id: '98c08f0d38566932718fbc1a545e0790') in 0.010241 seconds 
========================================================================
Received Import Request.
  Time since last request: 199.796867 seconds.
  path: Assets/bullet.prefab
  artifactKey: Guid(c66a97450a478ae4bbf1efbf3e0bb033) Importer(815301076,1909f56bfc062723c751e8b465ee728b)
Start importing Assets/bullet.prefab using Guid(c66a97450a478ae4bbf1efbf3e0bb033) Importer(815301076,1909f56bfc062723c751e8b465ee728b)  -> (artifact id: '8ab31e2d7adcd50910c8881d1aa3621f') in 0.019449 seconds 
========================================================================
Received Import Request.
  Time since last request: 12.810486 seconds.
  path: Assets/Animations/Action/Anim_Regular@cast1.FBX
  artifactKey: Guid(c19677c612eb9fe4ab9e42d041a64e09) Importer(815301076,1909f56bfc062723c751e8b465ee728b)
Start importing Assets/Animations/Action/Anim_Regular@cast1.FBX using Guid(c19677c612eb9fe4ab9e42d041a64e09) Importer(815301076,1909f56bfc062723c751e8b465ee728b)  -> (artifact id: 'e8d4cd5c379d5d448dbe024fbc31b64d') in 0.143241 seconds 
========================================================================
Received Import Request.
  Time since last request: 0.000028 seconds.
  path: Assets/Animations/Run/Anim_Regular@run-inplace.FBX
  artifactKey: Guid(b11068d98e08cda45baaeacc4bee2437) Importer(815301076,1909f56bfc062723c751e8b465ee728b)
Start importing Assets/Animations/Run/Anim_Regular@run-inplace.FBX using Guid(b11068d98e08cda45baaeacc4bee2437) Importer(815301076,1909f56bfc062723c751e8b465ee728b)  -> (artifact id: '66620abff3be04b73ea90fdbe8fd41bd') in 0.028964 seconds 
========================================================================
Received Import Request.
  Time since last request: 0.000038 seconds.
  path: Assets/Animations/Walk/Anim_Regular@walkfemale.FBX
  artifactKey: Guid(1b3ad5d0b8215514ea2360eec9e8d943) Importer(815301076,1909f56bfc062723c751e8b465ee728b)
Start importing Assets/Animations/Walk/Anim_Regular@walkfemale.FBX using Guid(1b3ad5d0b8215514ea2360eec9e8d943) Importer(815301076,1909f56bfc062723c751e8b465ee728b)  -> (artifact id: '3ba9cf638e31d265e587b6ab66bc2d8d') in 0.029691 seconds 
========================================================================
Received Import Request.
  Time since last request: 0.000027 seconds.
  path: Assets/Animations/Run/Anim_Regular@runR.fbx
  artifactKey: Guid(30d777ddca934a547ad4f02288e85cbc) Importer(815301076,1909f56bfc062723c751e8b465ee728b)
Start importing Assets/Animations/Run/Anim_Regular@runR.fbx using Guid(30d777ddca934a547ad4f02288e85cbc) Importer(815301076,1909f56bfc062723c751e8b465ee728b)  -> (artifact id: '169ff75e9de57928522b21922b6489fa') in 0.159222 seconds 
========================================================================
Received Import Request.
  Time since last request: 0.000028 seconds.
  path: Assets/Animations/Walk/Anim_Regular@walk-inplace.FBX
  artifactKey: Guid(8d3a49b267e790241bf17ceffe229244) Importer(815301076,1909f56bfc062723c751e8b465ee728b)
Start importing Assets/Animations/Walk/Anim_Regular@walk-inplace.FBX using Guid(8d3a49b267e790241bf17ceffe229244) Importer(815301076,1909f56bfc062723c751e8b465ee728b)  -> (artifact id: '36780b3f0da6d0e1286e1f3872bdab8b') in 0.026735 seconds 
========================================================================
Received Import Request.
  Time since last request: 0.000028 seconds.
  path: Assets/Animations/Walk/Anim_Regular@walkR_30.fbx
  artifactKey: Guid(4ddb29d02807d534fb72c4e91588879f) Importer(815301076,1909f56bfc062723c751e8b465ee728b)
Start importing Assets/Animations/Walk/Anim_Regular@walkR_30.fbx using Guid(4ddb29d02807d534fb72c4e91588879f) Importer(815301076,1909f56bfc062723c751e8b465ee728b)  -> (artifact id: '3534cd04d654a149997750ca04276a54') in 0.049802 seconds 
========================================================================
Received Import Request.
  Time since last request: 0.000024 seconds.
  path: Assets/Animations/Walk/Anim_Regular@walkfemale-inplace.FBX
  artifactKey: Guid(e3aa61365da939748b09ba61ef45378f) Importer(815301076,1909f56bfc062723c751e8b465ee728b)
Start importing Assets/Animations/Walk/Anim_Regular@walkfemale-inplace.FBX using Guid(e3aa61365da939748b09ba61ef45378f) Importer(815301076,1909f56bfc062723c751e8b465ee728b)  -> (artifact id: '6f86c7641b2a6c417b919060655db9b8') in 0.025632 seconds 
========================================================================
Received Import Request.
  Time since last request: 0.000021 seconds.
  path: Assets/Animations/Run/Anim_Regular@runL.fbx
  artifactKey: Guid(4fa4b2f83aa03f64c9d8600fa83c2cd9) Importer(815301076,1909f56bfc062723c751e8b465ee728b)
Start importing Assets/Animations/Run/Anim_Regular@runL.fbx using Guid(4fa4b2f83aa03f64c9d8600fa83c2cd9) Importer(815301076,1909f56bfc062723c751e8b465ee728b)  -> (artifact id: 'a5f1d99d40b63bc5025f5367a5d03f7f') in 0.063071 seconds 
========================================================================
Received Prepare
Registering precompiled user dll's ...
Registered in 0.007613 seconds.
Begin MonoManager ReloadAssembly
Symbol file LoadedFromMemory doesn't match image C:\Users\ttvni\Documents\GitHub\Assignment_3\Assignment3\Library\PackageCache\com.unity.visualscripting@1.7.8\Editor\VisualScripting.Core\Dependencies\YamlDotNet\Unity.VisualScripting.YamlDotNet.dll
Symbol file LoadedFromMemory doesn't match image C:\Users\ttvni\Documents\GitHub\Assignment_3\Assignment3\Library\PackageCache\com.unity.visualscripting@1.7.8\Editor\VisualScripting.Core\Dependencies\DotNetZip\Unity.VisualScripting.IonicZip.dll
Native extension for WindowsStandalone target not found
Refreshing native plugins compatible for Editor in 1.04 ms, found 3 plugins.
Preloading 0 native plugins for Editor in 0.00 ms.
Mono: successfully reloaded assembly
- Completed reload, in  1.058 seconds
Domain Reload Profiling:
	ReloadAssembly (1058ms)
		BeginReloadAssembly (142ms)
			ExecutionOrderSort (0ms)
			DisableScriptedObjects (7ms)
			BackupInstance (0ms)
			ReleaseScriptingObjects (0ms)
			CreateAndSetChildDomain (36ms)
		EndReloadAssembly (823ms)
			LoadAssemblies (104ms)
			RebuildTransferFunctionScriptingTraits (0ms)
			SetupTypeCache (225ms)
			ReleaseScriptCaches (2ms)
			RebuildScriptCaches (39ms)
			SetupLoadedEditorAssemblies (396ms)
				LogAssemblyErrors (0ms)
				InitializePlatformSupportModulesInManaged (10ms)
				SetLoadedEditorAssemblies (0ms)
				RefreshPlugins (1ms)
				BeforeProcessingInitializeOnLoad (73ms)
				ProcessInitializeOnLoadAttributes (233ms)
				ProcessInitializeOnLoadMethodAttributes (75ms)
				AfterProcessingInitializeOnLoad (4ms)
				EditorAssembliesLoaded (0ms)
			ExecutionOrderSort2 (0ms)
			AwakeInstancesAfterBackupRestoration (24ms)
Platform modules already initialized, skipping
Refreshing native plugins compatible for Editor in 3.63 ms, found 3 plugins.
Preloading 0 native plugins for Editor in 0.00 ms.
Unloading 5070 Unused Serialized files (Serialized files now loaded: 0)
Unloading 29 unused Assets / (0.7 MB). Loaded Objects now: 5941.
Memory consumption went from 203.0 MB to 202.3 MB.
Total: 4.641000 ms (FindLiveObjects: 0.639100 ms CreateObjectMapping: 0.165400 ms MarkObjects: 3.364700 ms  DeleteObjects: 0.470100 ms)

AssetImportParameters requested are different than current active one (requested -> active):
  custom:video-decoder-ogg-theora: a1e56fd34408186e4bbccfd4996cb3dc -> 
  custom:container-muxer-webm: aa71ff27fc2769a1b78a27578f13a17b -> 
  custom:container-demuxer-webm: 4f35f7cbe854078d1ac9338744f61a02 -> 
  custom:video-encoder-webm-vp8: eb34c28f22e8b96e1ab97ce403110664 -> 
  custom:audio-encoder-webm-vorbis: bf7c407c2cedff20999df2af8eb42d56 -> 
  custom:framework-win-MediaFoundation: 216162199b28c13a410421893ffa2e32 -> 
  custom:container-demuxer-ogg: 62fdf1f143b41e24485cea50d1cbac27 -> 
  custom:video-decoder-webm-vp8: 9c59270c3fd7afecdb556c50c9e8de78 -> 
  custom:audio-decoder-ogg-vorbis: bf7c407c2cedff20999df2af8eb42d56 -> 
========================================================================
Received Import Request.
  Time since last request: 87.801128 seconds.
  path: Assets/Western/Models/CollisionConvex/SM_Prop_Church_Pew_01_Convex.asset
  artifactKey: Guid(895c9969b3f1b3049838be00bbcb81dc) Importer(815301076,1909f56bfc062723c751e8b465ee728b)
Start importing Assets/Western/Models/CollisionConvex/SM_Prop_Church_Pew_01_Convex.asset using Guid(895c9969b3f1b3049838be00bbcb81dc) Importer(815301076,1909f56bfc062723c751e8b465ee728b)  -> (artifact id: '351b0c4ce70f958990788b39ecf2291a') in 0.071189 seconds 
========================================================================
Received Import Request.
  Time since last request: 0.000025 seconds.
  path: Assets/Western/Models/CollisionConvex/SM_Prop_Church_Cross_02_Convex.asset
  artifactKey: Guid(cdfe4bea4c74134429e19c5df350b195) Importer(815301076,1909f56bfc062723c751e8b465ee728b)
Start importing Assets/Western/Models/CollisionConvex/SM_Prop_Church_Cross_02_Convex.asset using Guid(cdfe4bea4c74134429e19c5df350b195) Importer(815301076,1909f56bfc062723c751e8b465ee728b)  -> (artifact id: '46bda5fad3beea41377485fcefadd557') in 0.015414 seconds 
========================================================================
Received Import Request.
  Time since last request: 0.000018 seconds.
  path: Assets/Western/Models/CollisionConvex/SM_Prop_Coffin_01_Convex.asset
  artifactKey: Guid(cd75b869c71e9e4428aefbd1aeea2195) Importer(815301076,1909f56bfc062723c751e8b465ee728b)
Start importing Assets/Western/Models/CollisionConvex/SM_Prop_Coffin_01_Convex.asset using Guid(cd75b869c71e9e4428aefbd1aeea2195) Importer(815301076,1909f56bfc062723c751e8b465ee728b)  -> (artifact id: '7762cbb8bd9c4f39f798341400364165') in 0.015620 seconds 
========================================================================
Received Import Request.
  Time since last request: 0.000028 seconds.
  path: Assets/Western/Models/CollisionConvex/SM_Prop_Bottle_Candle_02_Convex.asset
  artifactKey: Guid(e3f4c08c39db9b54f9ec965a3485da20) Importer(815301076,1909f56bfc062723c751e8b465ee728b)
Start importing Assets/Western/Models/CollisionConvex/SM_Prop_Bottle_Candle_02_Convex.asset using Guid(e3f4c08c39db9b54f9ec965a3485da20) Importer(815301076,1909f56bfc062723c751e8b465ee728b)  -> (artifact id: '8566219ad6f118bdfbbffca79fa03d75') in 0.015831 seconds 
========================================================================
Received Import Request.
  Time since last request: 0.000029 seconds.
  path: Assets/Western/Models/CollisionConvex/SM_Prop_Cup_01_Convex.asset
  artifactKey: Guid(29f6c76746460814e9d7ae89f87e356a) Importer(815301076,1909f56bfc062723c751e8b465ee728b)
Start importing Assets/Western/Models/CollisionConvex/SM_Prop_Cup_01_Convex.asset using Guid(29f6c76746460814e9d7ae89f87e356a) Importer(815301076,1909f56bfc062723c751e8b465ee728b)  -> (artifact id: '2e0c9e2bc51304986a8bc0fef79a2e52') in 0.017139 seconds 
========================================================================
Received Import Request.
  Time since last request: 0.000023 seconds.
  path: Assets/Western/Models/CollisionConvex/SM_Prop_Fence_Stick_01_Convex.asset
  artifactKey: Guid(16408992019c5414c84b0a179d41e65f) Importer(815301076,1909f56bfc062723c751e8b465ee728b)
Start importing Assets/Western/Models/CollisionConvex/SM_Prop_Fence_Stick_01_Convex.asset using Guid(16408992019c5414c84b0a179d41e65f) Importer(815301076,1909f56bfc062723c751e8b465ee728b)  -> (artifact id: 'ccb820191f6216c53ef0ce4041546331') in 0.017053 seconds 
========================================================================
Received Import Request.
  Time since last request: 0.000025 seconds.
  path: Assets/Western/Models/CollisionConvex/SM_Prop_Candle_01_Convex.asset
  artifactKey: Guid(b05ad2fb9dcd69b4780b4b94e1086be1) Importer(815301076,1909f56bfc062723c751e8b465ee728b)
Start importing Assets/Western/Models/CollisionConvex/SM_Prop_Candle_01_Convex.asset using Guid(b05ad2fb9dcd69b4780b4b94e1086be1) Importer(815301076,1909f56bfc062723c751e8b465ee728b)  -> (artifact id: 'c30ae652ae10c0d54a70d51cd1b43d65') in 0.015382 seconds 
========================================================================
Received Import Request.
  Time since last request: 0.000018 seconds.
  path: Assets/Western/Models/CollisionConvex/SM_Prop_Card_03_Convex.asset
  artifactKey: Guid(f5ba58deee69cf94e85e45653611788d) Importer(815301076,1909f56bfc062723c751e8b465ee728b)
Start importing Assets/Western/Models/CollisionConvex/SM_Prop_Card_03_Convex.asset using Guid(f5ba58deee69cf94e85e45653611788d) Importer(815301076,1909f56bfc062723c751e8b465ee728b)  -> (artifact id: '7761f2091e0ec6600218bc8e4dc0a58b') in 0.015013 seconds 
========================================================================
Received Import Request.
  Time since last request: 0.000020 seconds.
  path: Assets/Western/Models/CollisionConvex/SM_Prop_Card_02_Convex.asset
  artifactKey: Guid(590273dcf97c9134387a1ed091bd0e68) Importer(815301076,1909f56bfc062723c751e8b465ee728b)
Start importing Assets/Western/Models/CollisionConvex/SM_Prop_Card_02_Convex.asset using Guid(590273dcf97c9134387a1ed091bd0e68) Importer(815301076,1909f56bfc062723c751e8b465ee728b)  -> (artifact id: 'c3e58bd4c3539ed7d364d9bac85613dd') in 0.015129 seconds 
========================================================================
Received Import Request.
  Time since last request: 0.000019 seconds.
  path: Assets/Western/Models/CollisionConvex/SM_Prop_Gallows_01_Convex 2.asset
  artifactKey: Guid(03d276993b0f6c443b265efe70e5cf98) Importer(815301076,1909f56bfc062723c751e8b465ee728b)
Start importing Assets/Western/Models/CollisionConvex/SM_Prop_Gallows_01_Convex 2.asset using Guid(03d276993b0f6c443b265efe70e5cf98) Importer(815301076,1909f56bfc062723c751e8b465ee728b)  -> (artifact id: '764873d4441fdc95bd277f96cbf0ab17') in 0.019421 seconds 
========================================================================
Received Import Request.
  Time since last request: 0.000023 seconds.
  path: Assets/Western/Models/CollisionConvex/SM_Prop_Barrel_Broken_01_Convex 1.asset
  artifactKey: Guid(9b1255ca49dff8945931bab5a5efd242) Importer(815301076,1909f56bfc062723c751e8b465ee728b)
Start importing Assets/Western/Models/CollisionConvex/SM_Prop_Barrel_Broken_01_Convex 1.asset using Guid(9b1255ca49dff8945931bab5a5efd242) Importer(815301076,1909f56bfc062723c751e8b465ee728b)  -> (artifact id: '8de26460d372b47afce704dba5c21ed6') in 0.014623 seconds 
========================================================================
Received Import Request.
  Time since last request: 0.000039 seconds.
  path: Assets/Western/Models/CollisionConvex/SM_Prop_Barrel_Broken_01_Convex.asset
  artifactKey: Guid(7d94daa1b60de6446b2c3ca8dcfa7666) Importer(815301076,1909f56bfc062723c751e8b465ee728b)
Start importing Assets/Western/Models/CollisionConvex/SM_Prop_Barrel_Broken_01_Convex.asset using Guid(7d94daa1b60de6446b2c3ca8dcfa7666) Importer(815301076,1909f56bfc062723c751e8b465ee728b)  -> (artifact id: 'b009ddb426091c98c7281f8b1a4c60d3') in 0.014186 seconds 
========================================================================
Received Import Request.
  Time since last request: 0.000021 seconds.
  path: Assets/Western/Models/CollisionConvex/SM_Prop_Barrel_01_Convex.asset
  artifactKey: Guid(b68e82cb557cff54da0392ab3a2f7afe) Importer(815301076,1909f56bfc062723c751e8b465ee728b)
Start importing Assets/Western/Models/CollisionConvex/SM_Prop_Barrel_01_Convex.asset using Guid(b68e82cb557cff54da0392ab3a2f7afe) Importer(815301076,1909f56bfc062723c751e8b465ee728b)  -> (artifact id: '856634bb38a2d749eb3ae15681875194') in 0.013984 seconds 
========================================================================
Received Import Request.
  Time since last request: 0.000019 seconds.
  path: Assets/Western/Models/CollisionConvex/SM_Prop_Cash_Register_01_Convex 2.asset
  artifactKey: Guid(8d5025e7ee8b84f4d9397b1425ce9569) Importer(815301076,1909f56bfc062723c751e8b465ee728b)
Start importing Assets/Western/Models/CollisionConvex/SM_Prop_Cash_Register_01_Convex 2.asset using Guid(8d5025e7ee8b84f4d9397b1425ce9569) Importer(815301076,1909f56bfc062723c751e8b465ee728b)  -> (artifact id: '9637d61dcd0e3e5a6bc43f34934a3e1e') in 0.018823 seconds 
========================================================================
Received Import Request.
  Time since last request: 0.000031 seconds.
  path: Assets/Western/Models/CollisionConvex/SM_Env_TreeDead_02_Convex 1.asset
  artifactKey: Guid(45b9b8609ff59da46a834686d9663e75) Importer(815301076,1909f56bfc062723c751e8b465ee728b)
Start importing Assets/Western/Models/CollisionConvex/SM_Env_TreeDead_02_Convex 1.asset using Guid(45b9b8609ff59da46a834686d9663e75) Importer(815301076,1909f56bfc062723c751e8b465ee728b)  -> (artifact id: 'cdcc48ce8b3a38d0a2bb0b57596350d6') in 0.033387 seconds 
========================================================================
Received Import Request.
  Time since last request: 0.000022 seconds.
  path: Assets/Western/Models/CollisionConvex/SM_Prop_Bone_Cracked_02_Convex.asset
  artifactKey: Guid(2f8e4cb189f62364f88f71d152fada09) Importer(815301076,1909f56bfc062723c751e8b465ee728b)
Start importing Assets/Western/Models/CollisionConvex/SM_Prop_Bone_Cracked_02_Convex.asset using Guid(2f8e4cb189f62364f88f71d152fada09) Importer(815301076,1909f56bfc062723c751e8b465ee728b)  -> (artifact id: '7b8c148d285ccac150f64c292c836ec4') in 0.015972 seconds 
========================================================================
Received Import Request.
  Time since last request: 0.000022 seconds.
  path: Assets/Western/Models/CollisionConvex/SM_Env_TreeDead_01_Convex.asset
  artifactKey: Guid(d30bd8946018bc54e8669cbc8d786aeb) Importer(815301076,1909f56bfc062723c751e8b465ee728b)
Start importing Assets/Western/Models/CollisionConvex/SM_Env_TreeDead_01_Convex.asset using Guid(d30bd8946018bc54e8669cbc8d786aeb) Importer(815301076,1909f56bfc062723c751e8b465ee728b)  -> (artifact id: '4d564f59e9ca7e336009ce206373b07c') in 0.014786 seconds 
========================================================================
Received Import Request.
  Time since last request: 0.000017 seconds.
  path: Assets/Western/Models/CollisionConvex/SM_Prop_Bed_01_Convex 1.asset
  artifactKey: Guid(1dfff29b42d3ffc4dbe5c669d35a9d59) Importer(815301076,1909f56bfc062723c751e8b465ee728b)
Start importing Assets/Western/Models/CollisionConvex/SM_Prop_Bed_01_Convex 1.asset using Guid(1dfff29b42d3ffc4dbe5c669d35a9d59) Importer(815301076,1909f56bfc062723c751e8b465ee728b)  -> (artifact id: '3f02e04148e33f96f8d7da37c35f296b') in 0.022177 seconds 
========================================================================
Received Import Request.
  Time since last request: 0.000026 seconds.
  path: Assets/Western/Models/CollisionConvex/SM_Prop_Basket_03_Convex.asset
  artifactKey: Guid(4d3ee2fd87b78b548ba72d5438b48861) Importer(815301076,1909f56bfc062723c751e8b465ee728b)
Start importing Assets/Western/Models/CollisionConvex/SM_Prop_Basket_03_Convex.asset using Guid(4d3ee2fd87b78b548ba72d5438b48861) Importer(815301076,1909f56bfc062723c751e8b465ee728b)  -> (artifact id: 'e538205fdf82cc4d567bb223cbce456c') in 0.014656 seconds 
========================================================================
Received Import Request.
  Time since last request: 0.000018 seconds.
  path: Assets/Western/Models/CollisionConvex/SM_Prop_Gallows_01_Convex.asset
  artifactKey: Guid(a16d1b3e969978e4884da54c085e1653) Importer(815301076,1909f56bfc062723c751e8b465ee728b)
Start importing Assets/Western/Models/CollisionConvex/SM_Prop_Gallows_01_Convex.asset using Guid(a16d1b3e969978e4884da54c085e1653) Importer(815301076,1909f56bfc062723c751e8b465ee728b)  -> (artifact id: '27dab65cf11e21733426b0cbd740adc3') in 0.014793 seconds 
========================================================================
Received Import Request.
  Time since last request: 0.000021 seconds.
  path: Assets/Western/Models/CollisionConvex/SM_Prop_Church_Door_01_Convex.asset
  artifactKey: Guid(c039cbca88973c747981c2d574121f27) Importer(815301076,1909f56bfc062723c751e8b465ee728b)
Start importing Assets/Western/Models/CollisionConvex/SM_Prop_Church_Door_01_Convex.asset using Guid(c039cbca88973c747981c2d574121f27) Importer(815301076,1909f56bfc062723c751e8b465ee728b)  -> (artifact id: '4775ccb121b03d935ba065231d16cadf') in 0.015236 seconds 
========================================================================
Received Import Request.
  Time since last request: 0.000020 seconds.
  path: Assets/Western/Models/CollisionConvex/SM_Veh_Cart_01_Convex.asset
  artifactKey: Guid(267a3a9b157c49141b656c6ce1cdfef0) Importer(815301076,1909f56bfc062723c751e8b465ee728b)
Start importing Assets/Western/Models/CollisionConvex/SM_Veh_Cart_01_Convex.asset using Guid(267a3a9b157c49141b656c6ce1cdfef0) Importer(815301076,1909f56bfc062723c751e8b465ee728b)  -> (artifact id: '0c618c675cdf9b2822df963669aa1af4') in 0.016177 seconds 
========================================================================
Received Import Request.
  Time since last request: 0.000019 seconds.
  path: Assets/Western/Models/CollisionConvex/SM_Prop_Curtain_01_Convex 1.asset
  artifactKey: Guid(0badbd73c0da2144a8aaf8d8c1f47119) Importer(815301076,1909f56bfc062723c751e8b465ee728b)
Start importing Assets/Western/Models/CollisionConvex/SM_Prop_Curtain_01_Convex 1.asset using Guid(0badbd73c0da2144a8aaf8d8c1f47119) Importer(815301076,1909f56bfc062723c751e8b465ee728b)  -> (artifact id: 'e6888f13338930f6da9e4625e0daafa2') in 0.016822 seconds 
========================================================================
Received Import Request.
  Time since last request: 0.000024 seconds.
  path: Assets/Western/Models/CollisionConvex/SM_Prop_Vegetables_Box_05_Convex.asset
  artifactKey: Guid(6b5a7310155fb804b95fb4d235d68681) Importer(815301076,1909f56bfc062723c751e8b465ee728b)
Start importing Assets/Western/Models/CollisionConvex/SM_Prop_Vegetables_Box_05_Convex.asset using Guid(6b5a7310155fb804b95fb4d235d68681) Importer(815301076,1909f56bfc062723c751e8b465ee728b)  -> (artifact id: '48b2456830b770a335ada6805c601321') in 0.018560 seconds 
========================================================================
Received Import Request.
  Time since last request: 0.000033 seconds.
  path: Assets/Western/Models/CollisionConvex/SM_Prop_Tumbleweed_01_Convex.asset
  artifactKey: Guid(6034d42d3242ea94f87159da05423e8e) Importer(815301076,1909f56bfc062723c751e8b465ee728b)
Start importing Assets/Western/Models/CollisionConvex/SM_Prop_Tumbleweed_01_Convex.asset using Guid(6034d42d3242ea94f87159da05423e8e) Importer(815301076,1909f56bfc062723c751e8b465ee728b)  -> (artifact id: 'c57f6d2f18556d85e4d1380159f264d4') in 0.020053 seconds 
========================================================================
Received Import Request.
  Time since last request: 0.000019 seconds.
  path: Assets/Western/Models/CollisionConvex/SM_Env_TreeDead_02_Convex.asset
  artifactKey: Guid(59ed270f879afff47a9e18916089c48a) Importer(815301076,1909f56bfc062723c751e8b465ee728b)
Start importing Assets/Western/Models/CollisionConvex/SM_Env_TreeDead_02_Convex.asset using Guid(59ed270f879afff47a9e18916089c48a) Importer(815301076,1909f56bfc062723c751e8b465ee728b)  -> (artifact id: 'dee2b89ef7c9aa59a086f7bf5dba487c') in 0.016154 seconds 
========================================================================
Received Import Request.
  Time since last request: 0.000021 seconds.
  path: Assets/Western/Models/CollisionConvex/SM_Prop_Curtain_01_Convex.asset
  artifactKey: Guid(fd5f50cfb52c1a74996d66689d49cc76) Importer(815301076,1909f56bfc062723c751e8b465ee728b)
Start importing Assets/Western/Models/CollisionConvex/SM_Prop_Curtain_01_Convex.asset using Guid(fd5f50cfb52c1a74996d66689d49cc76) Importer(815301076,1909f56bfc062723c751e8b465ee728b)  -> (artifact id: 'e20e475b7ca4602e8f26e82a4c1ac19c') in 0.016481 seconds 
========================================================================
Received Import Request.
  Time since last request: 0.000019 seconds.
  path: Assets/Western/Models/CollisionConvex/SM_Prop_Cow_Skull_01_Convex 1.asset
  artifactKey: Guid(122eea3a0fb70fb4395ef9b34885231f) Importer(815301076,1909f56bfc062723c751e8b465ee728b)
Start importing Assets/Western/Models/CollisionConvex/SM_Prop_Cow_Skull_01_Convex 1.asset using Guid(122eea3a0fb70fb4395ef9b34885231f) Importer(815301076,1909f56bfc062723c751e8b465ee728b)  -> (artifact id: '458a42fffccb9710789891dccb77ce18') in 0.022517 seconds 
========================================================================
Received Import Request.
  Time since last request: 0.000027 seconds.
  path: Assets/Western/Models/CollisionConvex/SM_Prop_Bottle_04_Convex.asset
  artifactKey: Guid(c23fcf1f21e918947be3922eb01dfabe) Importer(815301076,1909f56bfc062723c751e8b465ee728b)
Start importing Assets/Western/Models/CollisionConvex/SM_Prop_Bottle_04_Convex.asset using Guid(c23fcf1f21e918947be3922eb01dfabe) Importer(815301076,1909f56bfc062723c751e8b465ee728b)  -> (artifact id: 'f1076ec2e87fba0d8730d291ab4af49f') in 0.015359 seconds 
========================================================================
Received Import Request.
  Time since last request: 0.000015 seconds.
  path: Assets/Western/Models/CollisionConvex/SM_Prop_Bone_Cracked_01_Convex.asset
  artifactKey: Guid(f5275190a73eec74a9bfe494b4579928) Importer(815301076,1909f56bfc062723c751e8b465ee728b)
Start importing Assets/Western/Models/CollisionConvex/SM_Prop_Bone_Cracked_01_Convex.asset using Guid(f5275190a73eec74a9bfe494b4579928) Importer(815301076,1909f56bfc062723c751e8b465ee728b)  -> (artifact id: '4748cd9fa54002a7e8f9295b0c33e3a0') in 0.016143 seconds 
========================================================================
Received Import Request.
  Time since last request: 0.000021 seconds.
  path: Assets/Western/Models/CollisionConvex/SM_Prop_Basket_02_Convex.asset
  artifactKey: Guid(12f4c1a1947ef14478991407efa97979) Importer(815301076,1909f56bfc062723c751e8b465ee728b)
Start importing Assets/Western/Models/CollisionConvex/SM_Prop_Basket_02_Convex.asset using Guid(12f4c1a1947ef14478991407efa97979) Importer(815301076,1909f56bfc062723c751e8b465ee728b)  -> (artifact id: 'c7cecd21737f2061ba48b74b26e185a4') in 0.019650 seconds 
========================================================================
Received Import Request.
  Time since last request: 0.000018 seconds.
  path: Assets/Western/Models/CollisionConvex/SM_Veh_Train_01_Convex 2.asset
  artifactKey: Guid(370f42d60327b164d806eb3bdc006d5d) Importer(815301076,1909f56bfc062723c751e8b465ee728b)
Start importing Assets/Western/Models/CollisionConvex/SM_Veh_Train_01_Convex 2.asset using Guid(370f42d60327b164d806eb3bdc006d5d) Importer(815301076,1909f56bfc062723c751e8b465ee728b)  -> (artifact id: '65ea40f967fa0f733d64c055de1639ef') in 0.049392 seconds 
========================================================================
Received Import Request.
  Time since last request: 0.000024 seconds.
  path: Assets/Western/Models/CollisionConvex/SM_Env_TreeDead_02_Convex 2.asset
  artifactKey: Guid(0322b819c60fab143b170c3dc17d9f63) Importer(815301076,1909f56bfc062723c751e8b465ee728b)
Start importing Assets/Western/Models/CollisionConvex/SM_Env_TreeDead_02_Convex 2.asset using Guid(0322b819c60fab143b170c3dc17d9f63) Importer(815301076,1909f56bfc062723c751e8b465ee728b)  -> (artifact id: 'a2712fd2ec371a0cdb7983ab86f5762b') in 0.058402 seconds 
========================================================================
Received Import Request.
  Time since last request: 0.000031 seconds.
  path: Assets/Western/Models/CollisionConvex/SM_Veh_Train_01_Convex 1.asset
  artifactKey: Guid(f232cbcf53c4053479a55cfefbcb8668) Importer(815301076,1909f56bfc062723c751e8b465ee728b)
Start importing Assets/Western/Models/CollisionConvex/SM_Veh_Train_01_Convex 1.asset using Guid(f232cbcf53c4053479a55cfefbcb8668) Importer(815301076,1909f56bfc062723c751e8b465ee728b)  -> (artifact id: 'e0d006b8fab60c22364b439434edab42') in 0.042143 seconds 
========================================================================
Received Import Request.
  Time since last request: 0.000024 seconds.
  path: Assets/Western/Models/CollisionConvex/SM_Prop_Bed_01_Convex.asset
  artifactKey: Guid(52f40831300adf542afa888088218d94) Importer(815301076,1909f56bfc062723c751e8b465ee728b)
Start importing Assets/Western/Models/CollisionConvex/SM_Prop_Bed_01_Convex.asset using Guid(52f40831300adf542afa888088218d94) Importer(815301076,1909f56bfc062723c751e8b465ee728b)  -> (artifact id: 'cb23a10f22a3dc8fb10d44b97dadccd1') in 0.027935 seconds 
========================================================================
Received Import Request.
  Time since last request: 0.000021 seconds.
  path: Assets/Western/Models/CollisionConvex/SM_Prop_Fur_Roll_02_Convex.asset
  artifactKey: Guid(690aa7cc68bf23f47834eee1a48c55e5) Importer(815301076,1909f56bfc062723c751e8b465ee728b)
Start importing Assets/Western/Models/CollisionConvex/SM_Prop_Fur_Roll_02_Convex.asset using Guid(690aa7cc68bf23f47834eee1a48c55e5) Importer(815301076,1909f56bfc062723c751e8b465ee728b)  -> (artifact id: '767d5cc02f0b208812e5b0b48b384ebc') in 0.023372 seconds 
========================================================================
Received Import Request.
  Time since last request: 0.000022 seconds.
  path: Assets/Western/Models/CollisionConvex/SM_Prop_Hay_Bale_01_Convex.asset
  artifactKey: Guid(302b9483ea26a724f8190d6953419794) Importer(815301076,1909f56bfc062723c751e8b465ee728b)
Start importing Assets/Western/Models/CollisionConvex/SM_Prop_Hay_Bale_01_Convex.asset using Guid(302b9483ea26a724f8190d6953419794) Importer(815301076,1909f56bfc062723c751e8b465ee728b)  -> (artifact id: '3d620ea6994304f35631a4ff7177f002') in 0.016329 seconds 
========================================================================
Received Import Request.
  Time since last request: 0.000024 seconds.
  path: Assets/Western/Models/CollisionConvex/SM_Prop_Bench_01_Convex 3.asset
  artifactKey: Guid(f37ad919c0d826041968b53787f51af7) Importer(815301076,1909f56bfc062723c751e8b465ee728b)
Start importing Assets/Western/Models/CollisionConvex/SM_Prop_Bench_01_Convex 3.asset using Guid(f37ad919c0d826041968b53787f51af7) Importer(815301076,1909f56bfc062723c751e8b465ee728b)  -> (artifact id: '5cf448d1d72e41f28d1c71cc1cac683d') in 0.031661 seconds 
========================================================================
Received Import Request.
  Time since last request: 0.000022 seconds.
  path: Assets/Western/Models/CollisionConvex/SM_Env_TreeDead_01_Convex 10.asset
  artifactKey: Guid(d3d6c9f056b89724aab9a1060525574d) Importer(815301076,1909f56bfc062723c751e8b465ee728b)
Start importing Assets/Western/Models/CollisionConvex/SM_Env_TreeDead_01_Convex 10.asset using Guid(d3d6c9f056b89724aab9a1060525574d) Importer(815301076,1909f56bfc062723c751e8b465ee728b)  -> (artifact id: 'b48fca5b204b58f5357088d7905156a5') in 0.049854 seconds 
========================================================================
Received Import Request.
  Time since last request: 0.000019 seconds.
  path: Assets/Western/Models/CollisionConvex/SM_Veh_Stagecoach_01_Convex 1.asset
  artifactKey: Guid(adc4a9a92b9239144bfd153ef6da5f88) Importer(815301076,1909f56bfc062723c751e8b465ee728b)
Start importing Assets/Western/Models/CollisionConvex/SM_Veh_Stagecoach_01_Convex 1.asset using Guid(adc4a9a92b9239144bfd153ef6da5f88) Importer(815301076,1909f56bfc062723c751e8b465ee728b)  -> (artifact id: '0c1a1376c5c3e5132ccf70cc4c0f2648') in 0.026373 seconds 
========================================================================
Received Import Request.
  Time since last request: 0.000031 seconds.
  path: Assets/Western/Models/CollisionConvex/SM_Prop_Bottle_02_Convex.asset
  artifactKey: Guid(5cf99e464c8442b4aa54d6750264dfda) Importer(815301076,1909f56bfc062723c751e8b465ee728b)
Start importing Assets/Western/Models/CollisionConvex/SM_Prop_Bottle_02_Convex.asset using Guid(5cf99e464c8442b4aa54d6750264dfda) Importer(815301076,1909f56bfc062723c751e8b465ee728b)  -> (artifact id: '34496265a90a83a0325bb70ef3121856') in 0.021037 seconds 
========================================================================
Received Import Request.
  Time since last request: 0.000028 seconds.
  path: Assets/Western/Models/CollisionConvex/SM_Prop_Fireplace_01_SmokeStack_Convex.asset
  artifactKey: Guid(d2542702a88fadf4ea8750b937ce8f02) Importer(815301076,1909f56bfc062723c751e8b465ee728b)
Start importing Assets/Western/Models/CollisionConvex/SM_Prop_Fireplace_01_SmokeStack_Convex.asset using Guid(d2542702a88fadf4ea8750b937ce8f02) Importer(815301076,1909f56bfc062723c751e8b465ee728b)  -> (artifact id: 'cd77dbc8be5eabacb0c231a8dc8ab2e9') in 0.017309 seconds 
========================================================================
Received Import Request.
  Time since last request: 0.000019 seconds.
  path: Assets/Western/Models/CollisionConvex/SM_Prop_Chair_01_Convex.asset
  artifactKey: Guid(810a3dcc2c2388e4aa99712304a0dc87) Importer(815301076,1909f56bfc062723c751e8b465ee728b)
Start importing Assets/Western/Models/CollisionConvex/SM_Prop_Chair_01_Convex.asset using Guid(810a3dcc2c2388e4aa99712304a0dc87) Importer(815301076,1909f56bfc062723c751e8b465ee728b)  -> (artifact id: 'd6d667e35bc1901de7b4187c76e18602') in 0.016201 seconds 
========================================================================
Received Import Request.
  Time since last request: 0.000023 seconds.
  path: Assets/Western/Models/CollisionConvex/SM_Prop_Wood_Pile_02_Convex.asset
  artifactKey: Guid(59a4cf86e7a75b64dbcd7e54e09f5d05) Importer(815301076,1909f56bfc062723c751e8b465ee728b)
Start importing Assets/Western/Models/CollisionConvex/SM_Prop_Wood_Pile_02_Convex.asset using Guid(59a4cf86e7a75b64dbcd7e54e09f5d05) Importer(815301076,1909f56bfc062723c751e8b465ee728b)  -> (artifact id: '1b62f0a01d29ccec8d8bc3916d3bbe51') in 0.017605 seconds 
========================================================================
Received Import Request.
  Time since last request: 0.000020 seconds.
  path: Assets/Western/Models/CollisionConvex/SM_Prop_Wood_Pile_03_Convex.asset
  artifactKey: Guid(0b0e94ca78b05af47a514ab2620ad0d9) Importer(815301076,1909f56bfc062723c751e8b465ee728b)
Start importing Assets/Western/Models/CollisionConvex/SM_Prop_Wood_Pile_03_Convex.asset using Guid(0b0e94ca78b05af47a514ab2620ad0d9) Importer(815301076,1909f56bfc062723c751e8b465ee728b)  -> (artifact id: '6c6a0a3a96ee4cbc7f5e48ec061ba1f0') in 0.017437 seconds 
========================================================================
Received Import Request.
  Time since last request: 0.000019 seconds.
  path: Assets/Western/Models/CollisionConvex/SM_Prop_Fur_Roll_03_Convex.asset
  artifactKey: Guid(9e6da3a00ab8f394aa61bd70bb68badb) Importer(815301076,1909f56bfc062723c751e8b465ee728b)
Start importing Assets/Western/Models/CollisionConvex/SM_Prop_Fur_Roll_03_Convex.asset using Guid(9e6da3a00ab8f394aa61bd70bb68badb) Importer(815301076,1909f56bfc062723c751e8b465ee728b)  -> (artifact id: '4335ddccae23e282457bf5a1a3ad6ae3') in 0.015774 seconds 
========================================================================
Received Import Request.
  Time since last request: 0.000024 seconds.
  path: Assets/Western/Models/CollisionConvex/SM_Prop_Wood_Pile_01_Convex.asset
  artifactKey: Guid(badd67d7a49e979479ae7b44277a18d7) Importer(815301076,1909f56bfc062723c751e8b465ee728b)
Start importing Assets/Western/Models/CollisionConvex/SM_Prop_Wood_Pile_01_Convex.asset using Guid(badd67d7a49e979479ae7b44277a18d7) Importer(815301076,1909f56bfc062723c751e8b465ee728b)  -> (artifact id: '90fb341dc80f70a8a9ec955447d74896') in 0.017981 seconds 
========================================================================
Received Import Request.
  Time since last request: 0.000023 seconds.
  path: Assets/Western/Models/CollisionConvex/SM_Prop_Bottle_Broken_02_Convex.asset
  artifactKey: Guid(6713e0f0846bd1f458d850e9dade226d) Importer(815301076,1909f56bfc062723c751e8b465ee728b)
Start importing Assets/Western/Models/CollisionConvex/SM_Prop_Bottle_Broken_02_Convex.asset using Guid(6713e0f0846bd1f458d850e9dade226d) Importer(815301076,1909f56bfc062723c751e8b465ee728b)  -> (artifact id: '7aea0db74b8f0a69966e1a17b7b97fe8') in 0.016937 seconds 
========================================================================
Received Import Request.
  Time since last request: 0.000022 seconds.
  path: Assets/Western/Models/CollisionConvex/SM_Prop_WaterTrough_01_Convex.asset
  artifactKey: Guid(35b7216bd17db514eb25c562ddb51cb7) Importer(815301076,1909f56bfc062723c751e8b465ee728b)
Start importing Assets/Western/Models/CollisionConvex/SM_Prop_WaterTrough_01_Convex.asset using Guid(35b7216bd17db514eb25c562ddb51cb7) Importer(815301076,1909f56bfc062723c751e8b465ee728b)  -> (artifact id: 'b3d35c488038f793e4dcbf48c4cfae0f') in 0.015139 seconds 
========================================================================
Received Import Request.
  Time since last request: 0.000022 seconds.
  path: Assets/Western/Models/CollisionConvex/SM_Prop_Curtain_Rail_01_Convex.asset
  artifactKey: Guid(928ad82aedaef2e48918ec7aa2991097) Importer(815301076,1909f56bfc062723c751e8b465ee728b)
Start importing Assets/Western/Models/CollisionConvex/SM_Prop_Curtain_Rail_01_Convex.asset using Guid(928ad82aedaef2e48918ec7aa2991097) Importer(815301076,1909f56bfc062723c751e8b465ee728b)  -> (artifact id: '3cf5784b2607e6eb54dd35f9c2cf0b54') in 0.017841 seconds 
========================================================================
Received Import Request.
  Time since last request: 0.000036 seconds.
  path: Assets/Western/Models/CollisionConvex/SM_Env_TreeDead_03_Convex 3.asset
  artifactKey: Guid(45fc04f3aaa3f984c8735aa828b461ca) Importer(815301076,1909f56bfc062723c751e8b465ee728b)
Start importing Assets/Western/Models/CollisionConvex/SM_Env_TreeDead_03_Convex 3.asset using Guid(45fc04f3aaa3f984c8735aa828b461ca) Importer(815301076,1909f56bfc062723c751e8b465ee728b)  -> (artifact id: 'faa695cb0efaaa5d8a6ee3298ae237dc') in 0.033837 seconds 
========================================================================
Received Import Request.
  Time since last request: 0.000018 seconds.
  path: Assets/Western/Models/CollisionConvex/SM_Prop_Bottle_05_Convex.asset
  artifactKey: Guid(b08292c2e85f36a48a9b8bb7422f7413) Importer(815301076,1909f56bfc062723c751e8b465ee728b)
Start importing Assets/Western/Models/CollisionConvex/SM_Prop_Bottle_05_Convex.asset using Guid(b08292c2e85f36a48a9b8bb7422f7413) Importer(815301076,1909f56bfc062723c751e8b465ee728b)  -> (artifact id: '2b3b1b6beab635ebe1a19fdd8924c180') in 0.017873 seconds 
========================================================================
Received Import Request.
  Time since last request: 0.000024 seconds.
  path: Assets/Western/Models/CollisionConvex/SM_Prop_Vegetables_Box_02_Convex.asset
  artifactKey: Guid(f2815bab833f90245a32ed2e6122d98f) Importer(815301076,1909f56bfc062723c751e8b465ee728b)
Start importing Assets/Western/Models/CollisionConvex/SM_Prop_Vegetables_Box_02_Convex.asset using Guid(f2815bab833f90245a32ed2e6122d98f) Importer(815301076,1909f56bfc062723c751e8b465ee728b)  -> (artifact id: 'd118f0edd77a32c2c3bcc4160916b9f1') in 0.017169 seconds 
========================================================================
Received Import Request.
  Time since last request: 0.000022 seconds.
  path: Assets/Western/Models/CollisionConvex/SM_Prop_BarberPost_01_Convex 1.asset
  artifactKey: Guid(219f61c812806a645bb865eb3b2cd9a0) Importer(815301076,1909f56bfc062723c751e8b465ee728b)
Start importing Assets/Western/Models/CollisionConvex/SM_Prop_BarberPost_01_Convex 1.asset using Guid(219f61c812806a645bb865eb3b2cd9a0) Importer(815301076,1909f56bfc062723c751e8b465ee728b)  -> (artifact id: 'fe4dd36779030eb989886a36dd5c5227') in 0.015216 seconds 
========================================================================
Received Import Request.
  Time since last request: 0.000019 seconds.
  path: Assets/Western/Models/CollisionConvex/SM_Prop_Bush_01_Convex.asset
  artifactKey: Guid(f83062ccaa837e948b474652daaf3ad1) Importer(815301076,1909f56bfc062723c751e8b465ee728b)
Start importing Assets/Western/Models/CollisionConvex/SM_Prop_Bush_01_Convex.asset using Guid(f83062ccaa837e948b474652daaf3ad1) Importer(815301076,1909f56bfc062723c751e8b465ee728b)  -> (artifact id: '97e2591ea7ea814ced26036ccad5a2bd') in 0.018516 seconds 
========================================================================
Received Import Request.
  Time since last request: 0.000021 seconds.
  path: Assets/Western/Models/CollisionConvex/SM_Prop_Cup_02_Convex.asset
  artifactKey: Guid(da9602c68774a8c4f9406294bfcd73a6) Importer(815301076,1909f56bfc062723c751e8b465ee728b)
Start importing Assets/Western/Models/CollisionConvex/SM_Prop_Cup_02_Convex.asset using Guid(da9602c68774a8c4f9406294bfcd73a6) Importer(815301076,1909f56bfc062723c751e8b465ee728b)  -> (artifact id: '5bb5f52792cb036950dca08ae1fc7a48') in 0.018164 seconds 
========================================================================
Received Import Request.
  Time since last request: 0.000029 seconds.
  path: Assets/Western/Models/CollisionConvex/SM_Prop_Vegetables_Box_03_Convex.asset
  artifactKey: Guid(90b648075f81a9f4e94213445bcd7312) Importer(815301076,1909f56bfc062723c751e8b465ee728b)
Start importing Assets/Western/Models/CollisionConvex/SM_Prop_Vegetables_Box_03_Convex.asset using Guid(90b648075f81a9f4e94213445bcd7312) Importer(815301076,1909f56bfc062723c751e8b465ee728b)  -> (artifact id: '5fa9c018652e4ec844901af4d534dcd7') in 0.017667 seconds 
========================================================================
Received Import Request.
  Time since last request: 0.000029 seconds.
  path: Assets/Western/Models/CollisionConvex/SM_Prop_CartWheel_01_Convex.asset
  artifactKey: Guid(e8c1bf9dffa012043a542de433a760ad) Importer(815301076,1909f56bfc062723c751e8b465ee728b)
Start importing Assets/Western/Models/CollisionConvex/SM_Prop_CartWheel_01_Convex.asset using Guid(e8c1bf9dffa012043a542de433a760ad) Importer(815301076,1909f56bfc062723c751e8b465ee728b)  -> (artifact id: 'dae366d20b4a41aef4ca05d5d9e1309b') in 0.016547 seconds 
========================================================================
Received Import Request.
  Time since last request: 0.000024 seconds.
  path: Assets/Western/Models/CollisionConvex/SM_Prop_Basket_02_Convex 1.asset
  artifactKey: Guid(cd619189b03998040bdce3762106dd2c) Importer(815301076,1909f56bfc062723c751e8b465ee728b)
Start importing Assets/Western/Models/CollisionConvex/SM_Prop_Basket_02_Convex 1.asset using Guid(cd619189b03998040bdce3762106dd2c) Importer(815301076,1909f56bfc062723c751e8b465ee728b)  -> (artifact id: '8c5a00ccd587af3705396df3fdfad6e9') in 0.016856 seconds 
========================================================================
Received Import Request.
  Time since last request: 0.000031 seconds.
  path: Assets/Western/Models/CollisionConvex/SM_Env_TreeDead_03_Convex 1.asset
  artifactKey: Guid(8f7466f2dca36324aaca5d0b1cf6b3ab) Importer(815301076,1909f56bfc062723c751e8b465ee728b)
Start importing Assets/Western/Models/CollisionConvex/SM_Env_TreeDead_03_Convex 1.asset using Guid(8f7466f2dca36324aaca5d0b1cf6b3ab) Importer(815301076,1909f56bfc062723c751e8b465ee728b)  -> (artifact id: 'b6f03c10763ce4ed1e302be76d1ddb88') in 0.041691 seconds 
========================================================================
Received Import Request.
  Time since last request: 0.000022 seconds.
  path: Assets/Western/Models/CollisionConvex/SM_Prop_Basket_06_Convex.asset
  artifactKey: Guid(90ca9aab1a406e0408697aa9f6569b43) Importer(815301076,1909f56bfc062723c751e8b465ee728b)
Start importing Assets/Western/Models/CollisionConvex/SM_Prop_Basket_06_Convex.asset using Guid(90ca9aab1a406e0408697aa9f6569b43) Importer(815301076,1909f56bfc062723c751e8b465ee728b)  -> (artifact id: '1ba15292ad1c77eef339be58526814cb') in 0.017434 seconds 
========================================================================
Received Import Request.
  Time since last request: 0.000020 seconds.
  path: Assets/Western/Models/CollisionConvex/SM_Prop_Bottle_Candle_01_Convex.asset
  artifactKey: Guid(f2dd940e723007b408eee05803d2a6e6) Importer(815301076,1909f56bfc062723c751e8b465ee728b)
Start importing Assets/Western/Models/CollisionConvex/SM_Prop_Bottle_Candle_01_Convex.asset using Guid(f2dd940e723007b408eee05803d2a6e6) Importer(815301076,1909f56bfc062723c751e8b465ee728b)  -> (artifact id: 'ac774e4b1134bc6e09ea48c83af0a781') in 0.017147 seconds 
========================================================================
Received Prepare
Registering precompiled user dll's ...
Registered in 0.008614 seconds.
Begin MonoManager ReloadAssembly
Symbol file LoadedFromMemory doesn't match image C:\Users\ttvni\Documents\GitHub\Assignment_3\Assignment3\Library\PackageCache\com.unity.visualscripting@1.7.8\Editor\VisualScripting.Core\Dependencies\YamlDotNet\Unity.VisualScripting.YamlDotNet.dll
Symbol file LoadedFromMemory doesn't match image C:\Users\ttvni\Documents\GitHub\Assignment_3\Assignment3\Library\PackageCache\com.unity.visualscripting@1.7.8\Editor\VisualScripting.Core\Dependencies\DotNetZip\Unity.VisualScripting.IonicZip.dll
Native extension for WindowsStandalone target not found
Refreshing native plugins compatible for Editor in 1.59 ms, found 3 plugins.
Preloading 0 native plugins for Editor in 0.00 ms.
Mono: successfully reloaded assembly
- Completed reload, in  1.257 seconds
Domain Reload Profiling:
	ReloadAssembly (1257ms)
		BeginReloadAssembly (144ms)
			ExecutionOrderSort (0ms)
			DisableScriptedObjects (5ms)
			BackupInstance (0ms)
			ReleaseScriptingObjects (0ms)
			CreateAndSetChildDomain (31ms)
		EndReloadAssembly (1008ms)
			LoadAssemblies (107ms)
			RebuildTransferFunctionScriptingTraits (0ms)
			SetupTypeCache (269ms)
			ReleaseScriptCaches (2ms)
			RebuildScriptCaches (53ms)
			SetupLoadedEditorAssemblies (503ms)
				LogAssemblyErrors (0ms)
				InitializePlatformSupportModulesInManaged (14ms)
				SetLoadedEditorAssemblies (1ms)
				RefreshPlugins (2ms)
				BeforeProcessingInitializeOnLoad (93ms)
				ProcessInitializeOnLoadAttributes (294ms)
				ProcessInitializeOnLoadMethodAttributes (96ms)
				AfterProcessingInitializeOnLoad (4ms)
				EditorAssembliesLoaded (0ms)
			ExecutionOrderSort2 (0ms)
			AwakeInstancesAfterBackupRestoration (20ms)
Platform modules already initialized, skipping
Refreshing native plugins compatible for Editor in 3.79 ms, found 3 plugins.
Preloading 0 native plugins for Editor in 0.00 ms.
Unloading 5071 Unused Serialized files (Serialized files now loaded: 0)
Unloading 28 unused Assets / (0.7 MB). Loaded Objects now: 5956.
Memory consumption went from 203.2 MB to 202.4 MB.
Total: 4.872200 ms (FindLiveObjects: 0.606700 ms CreateObjectMapping: 0.168900 ms MarkObjects: 3.640800 ms  DeleteObjects: 0.454200 ms)

AssetImportParameters requested are different than current active one (requested -> active):
  custom:video-decoder-ogg-theora: a1e56fd34408186e4bbccfd4996cb3dc -> 
  custom:container-muxer-webm: aa71ff27fc2769a1b78a27578f13a17b -> 
  custom:container-demuxer-webm: 4f35f7cbe854078d1ac9338744f61a02 -> 
  custom:video-encoder-webm-vp8: eb34c28f22e8b96e1ab97ce403110664 -> 
  custom:audio-encoder-webm-vorbis: bf7c407c2cedff20999df2af8eb42d56 -> 
  custom:framework-win-MediaFoundation: 216162199b28c13a410421893ffa2e32 -> 
  custom:container-demuxer-ogg: 62fdf1f143b41e24485cea50d1cbac27 -> 
  custom:video-decoder-webm-vp8: 9c59270c3fd7afecdb556c50c9e8de78 -> 
  custom:audio-decoder-ogg-vorbis: bf7c407c2cedff20999df2af8eb42d56 -> 
========================================================================
Received Prepare
Registering precompiled user dll's ...
Registered in 0.008608 seconds.
Begin MonoManager ReloadAssembly
Symbol file LoadedFromMemory doesn't match image C:\Users\ttvni\Documents\GitHub\Assignment_3\Assignment3\Library\PackageCache\com.unity.visualscripting@1.7.8\Editor\VisualScripting.Core\Dependencies\YamlDotNet\Unity.VisualScripting.YamlDotNet.dll
Symbol file LoadedFromMemory doesn't match image C:\Users\ttvni\Documents\GitHub\Assignment_3\Assignment3\Library\PackageCache\com.unity.visualscripting@1.7.8\Editor\VisualScripting.Core\Dependencies\DotNetZip\Unity.VisualScripting.IonicZip.dll
Native extension for WindowsStandalone target not found
Refreshing native plugins compatible for Editor in 1.10 ms, found 3 plugins.
Preloading 0 native plugins for Editor in 0.00 ms.
Mono: successfully reloaded assembly
- Completed reload, in  1.268 seconds
Domain Reload Profiling:
	ReloadAssembly (1269ms)
		BeginReloadAssembly (152ms)
			ExecutionOrderSort (0ms)
			DisableScriptedObjects (4ms)
			BackupInstance (0ms)
			ReleaseScriptingObjects (0ms)
			CreateAndSetChildDomain (34ms)
		EndReloadAssembly (1015ms)
			LoadAssemblies (114ms)
			RebuildTransferFunctionScriptingTraits (0ms)
			SetupTypeCache (283ms)
			ReleaseScriptCaches (2ms)
			RebuildScriptCaches (51ms)
			SetupLoadedEditorAssemblies (491ms)
				LogAssemblyErrors (0ms)
				InitializePlatformSupportModulesInManaged (13ms)
				SetLoadedEditorAssemblies (1ms)
				RefreshPlugins (1ms)
				BeforeProcessingInitializeOnLoad (91ms)
				ProcessInitializeOnLoadAttributes (290ms)
				ProcessInitializeOnLoadMethodAttributes (91ms)
				AfterProcessingInitializeOnLoad (4ms)
				EditorAssembliesLoaded (0ms)
			ExecutionOrderSort2 (0ms)
			AwakeInstancesAfterBackupRestoration (22ms)
Platform modules already initialized, skipping
Refreshing native plugins compatible for Editor in 3.72 ms, found 3 plugins.
Preloading 0 native plugins for Editor in 0.00 ms.
Unloading 5071 Unused Serialized files (Serialized files now loaded: 0)
Unloading 28 unused Assets / (0.7 MB). Loaded Objects now: 5971.
Memory consumption went from 203.2 MB to 202.5 MB.
Total: 5.027700 ms (FindLiveObjects: 0.630400 ms CreateObjectMapping: 0.162400 ms MarkObjects: 3.772900 ms  DeleteObjects: 0.460800 ms)

AssetImportParameters requested are different than current active one (requested -> active):
  custom:video-decoder-ogg-theora: a1e56fd34408186e4bbccfd4996cb3dc -> 
  custom:container-muxer-webm: aa71ff27fc2769a1b78a27578f13a17b -> 
  custom:container-demuxer-webm: 4f35f7cbe854078d1ac9338744f61a02 -> 
  custom:video-encoder-webm-vp8: eb34c28f22e8b96e1ab97ce403110664 -> 
  custom:audio-encoder-webm-vorbis: bf7c407c2cedff20999df2af8eb42d56 -> 
  custom:framework-win-MediaFoundation: 216162199b28c13a410421893ffa2e32 -> 
  custom:container-demuxer-ogg: 62fdf1f143b41e24485cea50d1cbac27 -> 
  custom:video-decoder-webm-vp8: 9c59270c3fd7afecdb556c50c9e8de78 -> 
  custom:audio-decoder-ogg-vorbis: bf7c407c2cedff20999df2af8eb42d56 -> 
Editor requested this worker to shutdown with reason: Scaling down because of idle timeout
AssetImportWorker is now disconnected from the server
Process exiting
Exiting without the bug reporter. Application will terminate with return code 0