Using pre-set license
Built from '2021.3/staging' branch; Version is '2021.3.5f1 (40eb3a945986) revision 4254522'; Using compiler version '192829333'; Build Type 'Release'
OS: 'Windows 10  (10.0.19045) 64bit Professional' Language: 'en' Physical Memory: 32693 MB
BatchMode: 1, IsHumanControllingUs: 0, StartBugReporterOnCrash: 0, Is64bit: 1, IsPro: 1

COMMAND LINE ARGUMENTS:
D:\unity\2021.3.5f1\Editor\Unity.exe
-adb2
-batchMode
-noUpm
-name
AssetImportWorker2
-projectPath
C:/Users/ttvni/Documents/GitHub/Assignment_3/Assignment3
-logFile
Logs/AssetImportWorker2.log
-srvPort
51906
Successfully changed project path to: C:/Users/ttvni/Documents/GitHub/Assignment_3/Assignment3
C:/Users/ttvni/Documents/GitHub/Assignment_3/Assignment3
[UnityMemory] Configuration Parameters - Can be set up in boot.config
    "memorysetup-bucket-allocator-granularity=16"
    "memorysetup-bucket-allocator-bucket-count=8"
    "memorysetup-bucket-allocator-block-size=33554432"
    "memorysetup-bucket-allocator-block-count=8"
    "memorysetup-main-allocator-block-size=16777216"
    "memorysetup-thread-allocator-block-size=16777216"
    "memorysetup-gfx-main-allocator-block-size=16777216"
    "memorysetup-gfx-thread-allocator-block-size=16777216"
    "memorysetup-cache-allocator-block-size=4194304"
    "memorysetup-typetree-allocator-block-size=2097152"
    "memorysetup-profiler-bucket-allocator-granularity=16"
    "memorysetup-profiler-bucket-allocator-bucket-count=8"
    "memorysetup-profiler-bucket-allocator-block-size=33554432"
    "memorysetup-profiler-bucket-allocator-block-count=8"
    "memorysetup-profiler-allocator-block-size=16777216"
    "memorysetup-profiler-editor-allocator-block-size=1048576"
    "memorysetup-temp-allocator-size-main=16777216"
    "memorysetup-job-temp-allocator-block-size=2097152"
    "memorysetup-job-temp-allocator-block-size-background=1048576"
    "memorysetup-job-temp-allocator-reduction-small-platforms=262144"
    "memorysetup-temp-allocator-size-background-worker=32768"
    "memorysetup-temp-allocator-size-job-worker=262144"
    "memorysetup-temp-allocator-size-preload-manager=33554432"
    "memorysetup-temp-allocator-size-nav-mesh-worker=65536"
    "memorysetup-temp-allocator-size-audio-worker=65536"
    "memorysetup-temp-allocator-size-cloud-worker=32768"
    "memorysetup-temp-allocator-size-gi-baking-worker=262144"
    "memorysetup-temp-allocator-size-gfx=262144"
Refreshing native plugins compatible for Editor in 103.01 ms, found 3 plugins.
Preloading 0 native plugins for Editor in 0.00 ms.
Initialize engine version: 2021.3.5f1 (40eb3a945986)
[Subsystems] Discovering subsystems at path D:/unity/2021.3.5f1/Editor/Data/Resources/UnitySubsystems
[Subsystems] Discovering subsystems at path C:/Users/ttvni/Documents/GitHub/Assignment_3/Assignment3/Assets
GfxDevice: creating device client; threaded=0; jobified=0
Direct3D:
    Version:  Direct3D 11.0 [level 11.1]
    Renderer: NVIDIA GeForce RTX 2070 SUPER (ID=0x1e84)
    Vendor:   NVIDIA
    VRAM:     7989 MB
    Driver:   32.0.15.7283
Initialize mono
Mono path[0] = 'D:/unity/2021.3.5f1/Editor/Data/Managed'
Mono path[1] = 'D:/unity/2021.3.5f1/Editor/Data/MonoBleedingEdge/lib/mono/unityjit-win32'
Mono config path = 'D:/unity/2021.3.5f1/Editor/Data/MonoBleedingEdge/etc'
Using monoOptions --debugger-agent=transport=dt_socket,embedding=1,server=y,suspend=n,address=127.0.0.1:56376
Begin MonoManager ReloadAssembly
Registering precompiled unity dll's ...
Register platform support module: D:/unity/2021.3.5f1/Editor/Data/PlaybackEngines/WindowsStandaloneSupport/UnityEditor.WindowsStandalone.Extensions.dll
Registered in 0.003380 seconds.
Native extension for WindowsStandalone target not found
Refreshing native plugins compatible for Editor in 106.17 ms, found 3 plugins.
Preloading 0 native plugins for Editor in 0.00 ms.
Mono: successfully reloaded assembly
- Completed reload, in  0.635 seconds
Domain Reload Profiling:
	ReloadAssembly (636ms)
		BeginReloadAssembly (86ms)
			ExecutionOrderSort (0ms)
			DisableScriptedObjects (0ms)
			BackupInstance (0ms)
			ReleaseScriptingObjects (0ms)
			CreateAndSetChildDomain (1ms)
		EndReloadAssembly (447ms)
			LoadAssemblies (86ms)
			RebuildTransferFunctionScriptingTraits (0ms)
			SetupTypeCache (96ms)
			ReleaseScriptCaches (0ms)
			RebuildScriptCaches (28ms)
			SetupLoadedEditorAssemblies (276ms)
				LogAssemblyErrors (0ms)
				InitializePlatformSupportModulesInManaged (6ms)
				SetLoadedEditorAssemblies (0ms)
				RefreshPlugins (106ms)
				BeforeProcessingInitializeOnLoad (1ms)
				ProcessInitializeOnLoadAttributes (118ms)
				ProcessInitializeOnLoadMethodAttributes (45ms)
				AfterProcessingInitializeOnLoad (0ms)
				EditorAssembliesLoaded (0ms)
			ExecutionOrderSort2 (0ms)
			AwakeInstancesAfterBackupRestoration (0ms)
Platform modules already initialized, skipping
Registering precompiled user dll's ...
Registered in 0.008341 seconds.
Begin MonoManager ReloadAssembly
Symbol file LoadedFromMemory doesn't match image C:\Users\ttvni\Documents\GitHub\Assignment_3\Assignment3\Library\PackageCache\com.unity.visualscripting@1.7.8\Editor\VisualScripting.Core\Dependencies\YamlDotNet\Unity.VisualScripting.YamlDotNet.dll
Symbol file LoadedFromMemory doesn't match image C:\Users\ttvni\Documents\GitHub\Assignment_3\Assignment3\Library\PackageCache\com.unity.visualscripting@1.7.8\Editor\VisualScripting.Core\Dependencies\DotNetZip\Unity.VisualScripting.IonicZip.dll
Native extension for WindowsStandalone target not found
Refreshing native plugins compatible for Editor in 109.11 ms, found 3 plugins.
Preloading 0 native plugins for Editor in 0.00 ms.
Mono: successfully reloaded assembly
- Completed reload, in  1.230 seconds
Domain Reload Profiling:
	ReloadAssembly (1232ms)
		BeginReloadAssembly (129ms)
			ExecutionOrderSort (0ms)
			DisableScriptedObjects (5ms)
			BackupInstance (0ms)
			ReleaseScriptingObjects (0ms)
			CreateAndSetChildDomain (17ms)
		EndReloadAssembly (998ms)
			LoadAssemblies (102ms)
			RebuildTransferFunctionScriptingTraits (0ms)
			SetupTypeCache (249ms)
			ReleaseScriptCaches (1ms)
			RebuildScriptCaches (56ms)
			SetupLoadedEditorAssemblies (563ms)
				LogAssemblyErrors (0ms)
				InitializePlatformSupportModulesInManaged (4ms)
				SetLoadedEditorAssemblies (0ms)
				RefreshPlugins (109ms)
				BeforeProcessingInitializeOnLoad (102ms)
				ProcessInitializeOnLoadAttributes (261ms)
				ProcessInitializeOnLoadMethodAttributes (85ms)
				AfterProcessingInitializeOnLoad (3ms)
				EditorAssembliesLoaded (0ms)
			ExecutionOrderSort2 (0ms)
			AwakeInstancesAfterBackupRestoration (7ms)
Platform modules already initialized, skipping
========================================================================
Worker process is ready to serve import requests
Launched and connected shader compiler UnityShaderCompiler.exe after 0.04 seconds
Refreshing native plugins compatible for Editor in 1.37 ms, found 3 plugins.
Preloading 0 native plugins for Editor in 0.00 ms.
Unloading 5183 Unused Serialized files (Serialized files now loaded: 0)
Unloading 47 unused Assets / (0.8 MB). Loaded Objects now: 5639.
Memory consumption went from 202.7 MB to 202.0 MB.
Total: 4.675200 ms (FindLiveObjects: 0.671300 ms CreateObjectMapping: 0.175600 ms MarkObjects: 3.354300 ms  DeleteObjects: 0.472500 ms)

AssetImportParameters requested are different than current active one (requested -> active):
  custom:video-decoder-ogg-theora: a1e56fd34408186e4bbccfd4996cb3dc -> 
  custom:container-muxer-webm: aa71ff27fc2769a1b78a27578f13a17b -> 
  custom:container-demuxer-webm: 4f35f7cbe854078d1ac9338744f61a02 -> 
  custom:video-encoder-webm-vp8: eb34c28f22e8b96e1ab97ce403110664 -> 
  custom:audio-encoder-webm-vorbis: bf7c407c2cedff20999df2af8eb42d56 -> 
  custom:framework-win-MediaFoundation: 216162199b28c13a410421893ffa2e32 -> 
  custom:container-demuxer-ogg: 62fdf1f143b41e24485cea50d1cbac27 -> 
  custom:video-decoder-webm-vp8: 9c59270c3fd7afecdb556c50c9e8de78 -> 
  custom:audio-decoder-ogg-vorbis: bf7c407c2cedff20999df2af8eb42d56 -> 
========================================================================
Received Import Request.
  Time since last request: 9808.986203 seconds.
  path: Assets/Animations/Walk/Anim_Regular@walk.FBX
  artifactKey: Guid(b5a72d0002aa8a246b233b86b40f1895) Importer(815301076,1909f56bfc062723c751e8b465ee728b)
Start importing Assets/Animations/Walk/Anim_Regular@walk.FBX using Guid(b5a72d0002aa8a246b233b86b40f1895) Importer(815301076,1909f56bfc062723c751e8b465ee728b)  -> (artifact id: 'ba4a47b094150b0d8ea3e56ababb1383') in 0.100216 seconds 
========================================================================
Received Import Request.
  Time since last request: 0.000027 seconds.
  path: Assets/Western/Models/Colliders/SM_Bld_Double_Balcony_01_Collisions.fbx
  artifactKey: Guid(aba8d86c412eead4bbef476062489e5a) Importer(815301076,1909f56bfc062723c751e8b465ee728b)
Start importing Assets/Western/Models/Colliders/SM_Bld_Double_Balcony_01_Collisions.fbx using Guid(aba8d86c412eead4bbef476062489e5a) Importer(815301076,1909f56bfc062723c751e8b465ee728b)  -> (artifact id: 'd0891bdd306de27c4909b9a1b58b1416') in 0.370444 seconds 
========================================================================
Received Import Request.
  Time since last request: 0.000041 seconds.
  path: Assets/Western/Models/Colliders/SM_Bld_Single_01_Collisions.fbx
  artifactKey: Guid(fe48d0751cc45fd4090d03dfb8181479) Importer(815301076,1909f56bfc062723c751e8b465ee728b)
Start importing Assets/Western/Models/Colliders/SM_Bld_Single_01_Collisions.fbx using Guid(fe48d0751cc45fd4090d03dfb8181479) Importer(815301076,1909f56bfc062723c751e8b465ee728b)  -> (artifact id: '32025617f2034c65b5e05727948c5c11') in 0.050751 seconds 
========================================================================
Received Import Request.
  Time since last request: 0.000039 seconds.
  path: Assets/Western/Models/Colliders/SM_Bld_Single_Deck_04_Collisions.fbx
  artifactKey: Guid(d48bbefd2484c5843a5281c542a8b02c) Importer(815301076,1909f56bfc062723c751e8b465ee728b)
Start importing Assets/Western/Models/Colliders/SM_Bld_Single_Deck_04_Collisions.fbx using Guid(d48bbefd2484c5843a5281c542a8b02c) Importer(815301076,1909f56bfc062723c751e8b465ee728b)  -> (artifact id: 'b76a0b2506a4c6a18754dae7fb6dc035') in 0.038443 seconds 
========================================================================
Received Import Request.
  Time since last request: 0.000027 seconds.
  path: Assets/Western/Models/Colliders/SM_Bld_Double_DeckCover_01_Collisions.fbx
  artifactKey: Guid(5698c1ad76d3a314cb80ea23d87d4adb) Importer(815301076,1909f56bfc062723c751e8b465ee728b)
Start importing Assets/Western/Models/Colliders/SM_Bld_Double_DeckCover_01_Collisions.fbx using Guid(5698c1ad76d3a314cb80ea23d87d4adb) Importer(815301076,1909f56bfc062723c751e8b465ee728b)  -> (artifact id: 'fe574e5ef445e6aa16ba482e54e4c069') in 0.032983 seconds 
========================================================================
Received Import Request.
  Time since last request: 0.000030 seconds.
  path: Assets/Western/Models/Colliders/SM_Bld_Double_Balcony_Stairs_01_Collisions.fbx
  artifactKey: Guid(14c1566af7701904bbe9acd56923b06f) Importer(815301076,1909f56bfc062723c751e8b465ee728b)
Start importing Assets/Western/Models/Colliders/SM_Bld_Double_Balcony_Stairs_01_Collisions.fbx using Guid(14c1566af7701904bbe9acd56923b06f) Importer(815301076,1909f56bfc062723c751e8b465ee728b)  -> (artifact id: '612e9e97405434dd84214eaf071f1015') in 0.030286 seconds 
========================================================================
Received Import Request.
  Time since last request: 0.000021 seconds.
  path: Assets/Western/Models/Colliders/SM_Bld_Double_Deck_02_Collisions.fbx
  artifactKey: Guid(992cd163d5cfec84ab68ab3ccb384c9a) Importer(815301076,1909f56bfc062723c751e8b465ee728b)
Start importing Assets/Western/Models/Colliders/SM_Bld_Double_Deck_02_Collisions.fbx using Guid(992cd163d5cfec84ab68ab3ccb384c9a) Importer(815301076,1909f56bfc062723c751e8b465ee728b)  -> (artifact id: '01524c2a0bfc808431d25d9a42b25868') in 0.044969 seconds 
========================================================================
Received Import Request.
  Time since last request: 0.000023 seconds.
  path: Assets/Western/Models/Colliders/SM_Bld_Single_Front_03_Collisions.fbx
  artifactKey: Guid(10a74702104157045aa925091cd96f9b) Importer(815301076,1909f56bfc062723c751e8b465ee728b)
Start importing Assets/Western/Models/Colliders/SM_Bld_Single_Front_03_Collisions.fbx using Guid(10a74702104157045aa925091cd96f9b) Importer(815301076,1909f56bfc062723c751e8b465ee728b)  -> (artifact id: '00fd2eca673196cc7cfb8cea3ac4c877') in 0.032706 seconds 
========================================================================
Received Import Request.
  Time since last request: 0.000021 seconds.
  path: Assets/Western/Models/SM_Env_Rocks_03.fbx
  artifactKey: Guid(efee2a1eaf39dca41bbf517a6e86cd7b) Importer(815301076,1909f56bfc062723c751e8b465ee728b)
Start importing Assets/Western/Models/SM_Env_Rocks_03.fbx using Guid(efee2a1eaf39dca41bbf517a6e86cd7b) Importer(815301076,1909f56bfc062723c751e8b465ee728b)  -> (artifact id: 'f80287bce1062b96fca7206ca2e333b8') in 0.026849 seconds 
========================================================================
Received Import Request.
  Time since last request: 0.000028 seconds.
  path: Assets/Western/Models/Colliders/SM_Veh_Cart_01_Collisions.fbx
  artifactKey: Guid(67e5b761b1e24a14c9a18e591912b80a) Importer(815301076,1909f56bfc062723c751e8b465ee728b)
Start importing Assets/Western/Models/Colliders/SM_Veh_Cart_01_Collisions.fbx using Guid(67e5b761b1e24a14c9a18e591912b80a) Importer(815301076,1909f56bfc062723c751e8b465ee728b)  -> (artifact id: 'bde2e874ac398d3f45af0ca7e3b4f3fd') in 0.025764 seconds 
========================================================================
Received Import Request.
  Time since last request: 0.000042 seconds.
  path: Assets/Western/Models/SM_Env_Rocks_04.fbx
  artifactKey: Guid(2d937758f96590048a4838753edcf985) Importer(815301076,1909f56bfc062723c751e8b465ee728b)
Start importing Assets/Western/Models/SM_Env_Rocks_04.fbx using Guid(2d937758f96590048a4838753edcf985) Importer(815301076,1909f56bfc062723c751e8b465ee728b)  -> (artifact id: '74b6ecc6c704b8eddfda0592f0166920') in 0.024634 seconds 
========================================================================
Received Import Request.
  Time since last request: 0.000025 seconds.
  path: Assets/Western/Models/Colliders/SM_Bld_Single_Roof_01_Collisions.fbx
  artifactKey: Guid(f3fb9cc0a9e78dd4db9353001aba0d31) Importer(815301076,1909f56bfc062723c751e8b465ee728b)
Start importing Assets/Western/Models/Colliders/SM_Bld_Single_Roof_01_Collisions.fbx using Guid(f3fb9cc0a9e78dd4db9353001aba0d31) Importer(815301076,1909f56bfc062723c751e8b465ee728b)  -> (artifact id: '5415bf79400802a004629ee9ea08074d') in 0.030150 seconds 
========================================================================
Received Import Request.
  Time since last request: 4.419994 seconds.
  path: Assets/Western/Prefabs/Characters/Character_SaloonGirl_01.prefab
  artifactKey: Guid(96256c2234452c641863ebbc421be660) Importer(815301076,1909f56bfc062723c751e8b465ee728b)
Start importing Assets/Western/Prefabs/Characters/Character_SaloonGirl_01.prefab using Guid(96256c2234452c641863ebbc421be660) Importer(815301076,1909f56bfc062723c751e8b465ee728b)  -> (artifact id: '930eaa32407097b7d0296832b2a3e6bf') in 0.035742 seconds 
========================================================================
Received Import Request.
  Time since last request: 2.184914 seconds.
  path: Assets/Western/Prefabs/Characters/Character_SaloonGirl_01.prefab
  artifactKey: Guid(96256c2234452c641863ebbc421be660) Importer(815301076,1909f56bfc062723c751e8b465ee728b)
Start importing Assets/Western/Prefabs/Characters/Character_SaloonGirl_01.prefab using Guid(96256c2234452c641863ebbc421be660) Importer(815301076,1909f56bfc062723c751e8b465ee728b)  -> (artifact id: 'af399ef4c03a8d5239bfd39e38740bf7') in 0.069451 seconds 
========================================================================
Received Import Request.
  Time since last request: 23.984893 seconds.
  path: Assets/Western/Prefabs/Characters/Character_Woman_01.prefab
  artifactKey: Guid(7aad5b0274fd2894eafec31a58e26a32) Importer(815301076,1909f56bfc062723c751e8b465ee728b)
Start importing Assets/Western/Prefabs/Characters/Character_Woman_01.prefab using Guid(7aad5b0274fd2894eafec31a58e26a32) Importer(815301076,1909f56bfc062723c751e8b465ee728b)  -> (artifact id: 'ba949d4129d0223ba1c4a88d45a2f6a2') in 0.036428 seconds 
========================================================================
Received Import Request.
  Time since last request: 1.756146 seconds.
  path: Assets/Western/Prefabs/Characters/Character_Woman_01.prefab
  artifactKey: Guid(7aad5b0274fd2894eafec31a58e26a32) Importer(815301076,1909f56bfc062723c751e8b465ee728b)
Start importing Assets/Western/Prefabs/Characters/Character_Woman_01.prefab using Guid(7aad5b0274fd2894eafec31a58e26a32) Importer(815301076,1909f56bfc062723c751e8b465ee728b)  -> (artifact id: 'e94c475791c51f4315970a2dd1bbd105') in 0.063046 seconds 
========================================================================
Received Prepare
Registering precompiled user dll's ...
Registered in 0.007426 seconds.
Begin MonoManager ReloadAssembly
Symbol file LoadedFromMemory doesn't match image C:\Users\ttvni\Documents\GitHub\Assignment_3\Assignment3\Library\PackageCache\com.unity.visualscripting@1.7.8\Editor\VisualScripting.Core\Dependencies\YamlDotNet\Unity.VisualScripting.YamlDotNet.dll
Symbol file LoadedFromMemory doesn't match image C:\Users\ttvni\Documents\GitHub\Assignment_3\Assignment3\Library\PackageCache\com.unity.visualscripting@1.7.8\Editor\VisualScripting.Core\Dependencies\DotNetZip\Unity.VisualScripting.IonicZip.dll
Native extension for WindowsStandalone target not found
Refreshing native plugins compatible for Editor in 1.20 ms, found 3 plugins.
Preloading 0 native plugins for Editor in 0.00 ms.
Mono: successfully reloaded assembly
- Completed reload, in  1.189 seconds
Domain Reload Profiling:
	ReloadAssembly (1190ms)
		BeginReloadAssembly (141ms)
			ExecutionOrderSort (0ms)
			DisableScriptedObjects (6ms)
			BackupInstance (0ms)
			ReleaseScriptingObjects (0ms)
			CreateAndSetChildDomain (35ms)
		EndReloadAssembly (952ms)
			LoadAssemblies (100ms)
			RebuildTransferFunctionScriptingTraits (0ms)
			SetupTypeCache (259ms)
			ReleaseScriptCaches (2ms)
			RebuildScriptCaches (52ms)
			SetupLoadedEditorAssemblies (462ms)
				LogAssemblyErrors (0ms)
				InitializePlatformSupportModulesInManaged (11ms)
				SetLoadedEditorAssemblies (0ms)
				RefreshPlugins (1ms)
				BeforeProcessingInitializeOnLoad (90ms)
				ProcessInitializeOnLoadAttributes (264ms)
				ProcessInitializeOnLoadMethodAttributes (92ms)
				AfterProcessingInitializeOnLoad (4ms)
				EditorAssembliesLoaded (0ms)
			ExecutionOrderSort2 (0ms)
			AwakeInstancesAfterBackupRestoration (24ms)
Platform modules already initialized, skipping
Refreshing native plugins compatible for Editor in 4.29 ms, found 3 plugins.
Preloading 0 native plugins for Editor in 0.00 ms.
Unloading 5067 Unused Serialized files (Serialized files now loaded: 0)
Unloading 28 unused Assets / (0.7 MB). Loaded Objects now: 5747.
Memory consumption went from 202.0 MB to 201.3 MB.
Total: 5.652200 ms (FindLiveObjects: 0.913300 ms CreateObjectMapping: 0.190000 ms MarkObjects: 4.031700 ms  DeleteObjects: 0.515900 ms)

AssetImportParameters requested are different than current active one (requested -> active):
  custom:video-decoder-ogg-theora: a1e56fd34408186e4bbccfd4996cb3dc -> 
  custom:container-muxer-webm: aa71ff27fc2769a1b78a27578f13a17b -> 
  custom:container-demuxer-webm: 4f35f7cbe854078d1ac9338744f61a02 -> 
  custom:video-encoder-webm-vp8: eb34c28f22e8b96e1ab97ce403110664 -> 
  custom:audio-encoder-webm-vorbis: bf7c407c2cedff20999df2af8eb42d56 -> 
  custom:framework-win-MediaFoundation: 216162199b28c13a410421893ffa2e32 -> 
  custom:container-demuxer-ogg: 62fdf1f143b41e24485cea50d1cbac27 -> 
  custom:video-decoder-webm-vp8: 9c59270c3fd7afecdb556c50c9e8de78 -> 
  custom:audio-decoder-ogg-vorbis: bf7c407c2cedff20999df2af8eb42d56 -> 
========================================================================
Received Import Request.
  Time since last request: 62.605393 seconds.
  path: Assets/Western/Models/CollisionConvex/SM_Prop_Barrel_02_Convex 1.asset
  artifactKey: Guid(7ad90e8c401acae4bb519ce903856230) Importer(815301076,1909f56bfc062723c751e8b465ee728b)
Start importing Assets/Western/Models/CollisionConvex/SM_Prop_Barrel_02_Convex 1.asset using Guid(7ad90e8c401acae4bb519ce903856230) Importer(815301076,1909f56bfc062723c751e8b465ee728b)  -> (artifact id: '0887742fded321876dd6176c6cd56ca0') in 0.067083 seconds 
========================================================================
Received Import Request.
  Time since last request: 0.000019 seconds.
  path: Assets/Western/Models/CollisionConvex/SM_Env_TreeDead_02_Convex 3.asset
  artifactKey: Guid(62b36071ea22eff408482cabc7fdf1d7) Importer(815301076,1909f56bfc062723c751e8b465ee728b)
Start importing Assets/Western/Models/CollisionConvex/SM_Env_TreeDead_02_Convex 3.asset using Guid(62b36071ea22eff408482cabc7fdf1d7) Importer(815301076,1909f56bfc062723c751e8b465ee728b)  -> (artifact id: '3945c2297305af964d642372c4a1abf7') in 0.050174 seconds 
========================================================================
Received Import Request.
  Time since last request: 0.000023 seconds.
  path: Assets/Western/Models/CollisionConvex/SM_Env_TreeDead_03_Convex.asset
  artifactKey: Guid(ae472d9f12c35394a83f70d1ee8c17bd) Importer(815301076,1909f56bfc062723c751e8b465ee728b)
Start importing Assets/Western/Models/CollisionConvex/SM_Env_TreeDead_03_Convex.asset using Guid(ae472d9f12c35394a83f70d1ee8c17bd) Importer(815301076,1909f56bfc062723c751e8b465ee728b)  -> (artifact id: '1185e234ae7af322436d8bd333745ec5') in 0.021873 seconds 
========================================================================
Received Import Request.
  Time since last request: 0.000033 seconds.
  path: Assets/Western/Models/CollisionConvex/SM_Env_TreeDead_03_Convex 1.asset
  artifactKey: Guid(8f7466f2dca36324aaca5d0b1cf6b3ab) Importer(815301076,1909f56bfc062723c751e8b465ee728b)
Start importing Assets/Western/Models/CollisionConvex/SM_Env_TreeDead_03_Convex 1.asset using Guid(8f7466f2dca36324aaca5d0b1cf6b3ab) Importer(815301076,1909f56bfc062723c751e8b465ee728b)  -> (artifact id: 'b6f03c10763ce4ed1e302be76d1ddb88') in 0.063365 seconds 
Editor requested this worker to shutdown with reason: Scaling down because of idle timeout
AssetImportWorker is now disconnected from the server
Process exiting
Exiting without the bug reporter. Application will terminate with return code 0